{"C:\\prod\\magic-worker\\.eslintrc.js": {"path":"C:\\prod\\magic-worker\\.eslintrc.js","statementMap":{"0":{"start":{"line":1,"column":0},"end":{"line":23,"column":4}}},"fnMap":{},"branchMap":{},"s":{"0":0},"f":{},"b":{}}
,"C:\\prod\\magic-worker\\Redis_index.js": {"path":"C:\\prod\\magic-worker\\Redis_index.js","statementMap":{"0":{"start":{"line":3,"column":0},"end":{"line":3,"column":27}},"1":{"start":{"line":4,"column":16},"end":{"line":4,"column":34}},"2":{"start":{"line":5,"column":13},"end":{"line":5,"column":28}},"3":{"start":{"line":6,"column":15},"end":{"line":6,"column":32}},"4":{"start":{"line":7,"column":10},"end":{"line":7,"column":27}},"5":{"start":{"line":10,"column":20},"end":{"line":10,"column":51}},"6":{"start":{"line":13,"column":26},"end":{"line":13,"column":94}},"7":{"start":{"line":14,"column":15},"end":{"line":14,"column":19}},"8":{"start":{"line":15,"column":0},"end":{"line":22,"column":1}},"9":{"start":{"line":16,"column":2},"end":{"line":21,"column":3}},"10":{"start":{"line":17,"column":4},"end":{"line":17,"column":46}},"11":{"start":{"line":19,"column":4},"end":{"line":19,"column":93}},"12":{"start":{"line":20,"column":4},"end":{"line":20,"column":20}},"13":{"start":{"line":25,"column":14},"end":{"line":25,"column":39}},"14":{"start":{"line":26,"column":11},"end":{"line":26,"column":37}},"15":{"start":{"line":27,"column":11},"end":{"line":27,"column":36}},"16":{"start":{"line":30,"column":22},"end":{"line":30,"column":85}},"17":{"start":{"line":31,"column":29},"end":{"line":31,"column":99}},"18":{"start":{"line":32,"column":14},"end":{"line":32,"column":79}},"19":{"start":{"line":34,"column":18},"end":{"line":34,"column":22}},"20":{"start":{"line":35,"column":17},"end":{"line":35,"column":22}},"21":{"start":{"line":36,"column":27},"end":{"line":36,"column":32}},"22":{"start":{"line":37,"column":21},"end":{"line":37,"column":53}},"23":{"start":{"line":38,"column":20},"end":{"line":38,"column":45}},"24":{"start":{"line":39,"column":24},"end":{"line":39,"column":29}},"25":{"start":{"line":40,"column":25},"end":{"line":40,"column":31}},"26":{"start":{"line":41,"column":25},"end":{"line":41,"column":33}},"27":{"start":{"line":44,"column":17},"end":{"line":44,"column":66}},"28":{"start":{"line":45,"column":19},"end":{"line":45,"column":80}},"29":{"start":{"line":46,"column":16},"end":{"line":46,"column":64}},"30":{"start":{"line":49,"column":20},"end":{"line":49,"column":64}},"31":{"start":{"line":51,"column":12},"end":{"line":51,"column":21}},"32":{"start":{"line":52,"column":0},"end":{"line":52,"column":16}},"33":{"start":{"line":53,"column":0},"end":{"line":53,"column":24}},"34":{"start":{"line":56,"column":21},"end":{"line":56,"column":26}},"35":{"start":{"line":57,"column":9},"end":{"line":57,"column":13}},"36":{"start":{"line":60,"column":2},"end":{"line":72,"column":3}},"37":{"start":{"line":61,"column":31},"end":{"line":61,"column":59}},"38":{"start":{"line":62,"column":4},"end":{"line":66,"column":5}},"39":{"start":{"line":63,"column":6},"end":{"line":63,"column":22}},"40":{"start":{"line":64,"column":6},"end":{"line":64,"column":28}},"41":{"start":{"line":65,"column":6},"end":{"line":65,"column":61}},"42":{"start":{"line":67,"column":4},"end":{"line":69,"column":5}},"43":{"start":{"line":68,"column":6},"end":{"line":68,"column":62}},"44":{"start":{"line":71,"column":4},"end":{"line":71,"column":59}},"45":{"start":{"line":76,"column":2},"end":{"line":76,"column":35}},"46":{"start":{"line":76,"column":28},"end":{"line":76,"column":35}},"47":{"start":{"line":77,"column":2},"end":{"line":93,"column":3}},"48":{"start":{"line":78,"column":4},"end":{"line":87,"column":5}},"49":{"start":{"line":79,"column":17},"end":{"line":79,"column":70}},"50":{"start":{"line":80,"column":6},"end":{"line":86,"column":9}},"51":{"start":{"line":88,"column":4},"end":{"line":88,"column":36}},"52":{"start":{"line":88,"column":13},"end":{"line":88,"column":36}},"53":{"start":{"line":89,"column":4},"end":{"line":89,"column":26}},"54":{"start":{"line":90,"column":4},"end":{"line":90,"column":61}},"55":{"start":{"line":92,"column":4},"end":{"line":92,"column":54}},"56":{"start":{"line":96,"column":0},"end":{"line":96,"column":26}},"57":{"start":{"line":97,"column":0},"end":{"line":97,"column":23}},"58":{"start":{"line":100,"column":20},"end":{"line":100,"column":52}},"59":{"start":{"line":101,"column":30},"end":{"line":101,"column":50}},"60":{"start":{"line":101,"column":40},"end":{"line":101,"column":50}},"61":{"start":{"line":101,"column":51},"end":{"line":101,"column":107}},"62":{"start":{"line":102,"column":42},"end":{"line":102,"column":58}},"63":{"start":{"line":102,"column":60},"end":{"line":102,"column":106}},"64":{"start":{"line":104,"column":2},"end":{"line":104,"column":108}},"65":{"start":{"line":104,"column":45},"end":{"line":104,"column":93}},"66":{"start":{"line":109,"column":15},"end":{"line":109,"column":56}},"67":{"start":{"line":110,"column":18},"end":{"line":110,"column":69}},"68":{"start":{"line":111,"column":19},"end":{"line":111,"column":46}},"69":{"start":{"line":112,"column":2},"end":{"line":112,"column":81}},"70":{"start":{"line":117,"column":12},"end":{"line":117,"column":38}},"71":{"start":{"line":118,"column":2},"end":{"line":118,"column":85}},"72":{"start":{"line":118,"column":69},"end":{"line":118,"column":85}},"73":{"start":{"line":119,"column":15},"end":{"line":119,"column":17}},"74":{"start":{"line":120,"column":2},"end":{"line":120,"column":84}},"75":{"start":{"line":120,"column":62},"end":{"line":120,"column":84}},"76":{"start":{"line":121,"column":2},"end":{"line":121,"column":81}},"77":{"start":{"line":121,"column":61},"end":{"line":121,"column":81}},"78":{"start":{"line":122,"column":2},"end":{"line":122,"column":70}},"79":{"start":{"line":122,"column":50},"end":{"line":122,"column":70}},"80":{"start":{"line":123,"column":2},"end":{"line":123,"column":78}},"81":{"start":{"line":123,"column":58},"end":{"line":123,"column":78}},"82":{"start":{"line":124,"column":2},"end":{"line":124,"column":88}},"83":{"start":{"line":124,"column":61},"end":{"line":124,"column":88}},"84":{"start":{"line":125,"column":2},"end":{"line":125,"column":42}},"85":{"start":{"line":128,"column":19},"end":{"line":136,"column":3}},"86":{"start":{"line":137,"column":2},"end":{"line":137,"column":39}},"87":{"start":{"line":140,"column":12},"end":{"line":140,"column":39}},"88":{"start":{"line":141,"column":14},"end":{"line":141,"column":66}},"89":{"start":{"line":142,"column":20},"end":{"line":148,"column":3}},"90":{"start":{"line":149,"column":2},"end":{"line":149,"column":50}},"91":{"start":{"line":156,"column":12},"end":{"line":156,"column":40}},"92":{"start":{"line":157,"column":12},"end":{"line":157,"column":13}},"93":{"start":{"line":157,"column":20},"end":{"line":157,"column":21}},"94":{"start":{"line":157,"column":28},"end":{"line":157,"column":29}},"95":{"start":{"line":158,"column":2},"end":{"line":161,"column":3}},"96":{"start":{"line":158,"column":15},"end":{"line":158,"column":16}},"97":{"start":{"line":159,"column":14},"end":{"line":159,"column":18}},"98":{"start":{"line":159,"column":24},"end":{"line":159,"column":28}},"99":{"start":{"line":160,"column":4},"end":{"line":160,"column":17}},"100":{"start":{"line":160,"column":18},"end":{"line":160,"column":30}},"101":{"start":{"line":160,"column":31},"end":{"line":160,"column":43}},"102":{"start":{"line":162,"column":2},"end":{"line":162,"column":27}},"103":{"start":{"line":162,"column":18},"end":{"line":162,"column":27}},"104":{"start":{"line":163,"column":2},"end":{"line":163,"column":47}},"105":{"start":{"line":166,"column":14},"end":{"line":166,"column":69}},"106":{"start":{"line":167,"column":2},"end":{"line":167,"column":32}},"107":{"start":{"line":170,"column":2},"end":{"line":170,"column":39}},"108":{"start":{"line":170,"column":12},"end":{"line":170,"column":39}},"109":{"start":{"line":171,"column":14},"end":{"line":171,"column":40}},"110":{"start":{"line":172,"column":2},"end":{"line":172,"column":86}},"111":{"start":{"line":179,"column":2},"end":{"line":179,"column":65}},"112":{"start":{"line":179,"column":58},"end":{"line":179,"column":65}},"113":{"start":{"line":180,"column":2},"end":{"line":213,"column":3}},"114":{"start":{"line":182,"column":16},"end":{"line":183,"column":92}},"115":{"start":{"line":185,"column":17},"end":{"line":185,"column":24}},"116":{"start":{"line":186,"column":4},"end":{"line":188,"column":5}},"117":{"start":{"line":187,"column":6},"end":{"line":187,"column":49}},"118":{"start":{"line":189,"column":4},"end":{"line":189,"column":43}},"119":{"start":{"line":191,"column":4},"end":{"line":194,"column":7}},"120":{"start":{"line":192,"column":6},"end":{"line":192,"column":25}},"121":{"start":{"line":193,"column":6},"end":{"line":193,"column":56}},"122":{"start":{"line":195,"column":4},"end":{"line":198,"column":7}},"123":{"start":{"line":196,"column":6},"end":{"line":196,"column":24}},"124":{"start":{"line":197,"column":6},"end":{"line":197,"column":45}},"125":{"start":{"line":200,"column":4},"end":{"line":200,"column":32}},"126":{"start":{"line":203,"column":4},"end":{"line":210,"column":5}},"127":{"start":{"line":204,"column":19},"end":{"line":204,"column":62}},"128":{"start":{"line":205,"column":6},"end":{"line":205,"column":49}},"129":{"start":{"line":206,"column":6},"end":{"line":206,"column":76}},"130":{"start":{"line":206,"column":32},"end":{"line":206,"column":76}},"131":{"start":{"line":208,"column":6},"end":{"line":208,"column":35}},"132":{"start":{"line":209,"column":6},"end":{"line":209,"column":100}},"133":{"start":{"line":212,"column":4},"end":{"line":212,"column":65}},"134":{"start":{"line":218,"column":2},"end":{"line":218,"column":57}},"135":{"start":{"line":218,"column":44},"end":{"line":218,"column":57}},"136":{"start":{"line":219,"column":2},"end":{"line":247,"column":3}},"137":{"start":{"line":221,"column":4},"end":{"line":221,"column":60}},"138":{"start":{"line":222,"column":4},"end":{"line":222,"column":16}},"139":{"start":{"line":225,"column":19},"end":{"line":234,"column":5}},"140":{"start":{"line":235,"column":4},"end":{"line":246,"column":5}},"141":{"start":{"line":236,"column":6},"end":{"line":240,"column":9}},"142":{"start":{"line":241,"column":6},"end":{"line":241,"column":82}},"143":{"start":{"line":242,"column":6},"end":{"line":242,"column":18}},"144":{"start":{"line":244,"column":6},"end":{"line":244,"column":66}},"145":{"start":{"line":245,"column":6},"end":{"line":245,"column":19}},"146":{"start":{"line":252,"column":2},"end":{"line":252,"column":57}},"147":{"start":{"line":252,"column":44},"end":{"line":252,"column":57}},"148":{"start":{"line":253,"column":14},"end":{"line":253,"column":50}},"149":{"start":{"line":254,"column":2},"end":{"line":265,"column":3}},"150":{"start":{"line":255,"column":16},"end":{"line":255,"column":89}},"151":{"start":{"line":256,"column":4},"end":{"line":260,"column":7}},"152":{"start":{"line":261,"column":4},"end":{"line":261,"column":16}},"153":{"start":{"line":263,"column":4},"end":{"line":263,"column":68}},"154":{"start":{"line":264,"column":4},"end":{"line":264,"column":17}},"155":{"start":{"line":270,"column":2},"end":{"line":270,"column":54}},"156":{"start":{"line":270,"column":44},"end":{"line":270,"column":54}},"157":{"start":{"line":271,"column":2},"end":{"line":333,"column":3}},"158":{"start":{"line":272,"column":16},"end":{"line":272,"column":86}},"159":{"start":{"line":275,"column":23},"end":{"line":275,"column":77}},"160":{"start":{"line":278,"column":14},"end":{"line":278,"column":31}},"161":{"start":{"line":279,"column":16},"end":{"line":288,"column":5}},"162":{"start":{"line":293,"column":4},"end":{"line":306,"column":5}},"163":{"start":{"line":294,"column":6},"end":{"line":294,"column":48}},"164":{"start":{"line":297,"column":6},"end":{"line":305,"column":9}},"165":{"start":{"line":310,"column":16},"end":{"line":310,"column":18}},"166":{"start":{"line":311,"column":4},"end":{"line":328,"column":5}},"167":{"start":{"line":311,"column":17},"end":{"line":311,"column":18}},"168":{"start":{"line":312,"column":18},"end":{"line":312,"column":25}},"169":{"start":{"line":313,"column":21},"end":{"line":313,"column":32}},"170":{"start":{"line":314,"column":18},"end":{"line":314,"column":20}},"171":{"start":{"line":315,"column":6},"end":{"line":317,"column":7}},"172":{"start":{"line":315,"column":19},"end":{"line":315,"column":20}},"173":{"start":{"line":316,"column":8},"end":{"line":316,"column":39}},"174":{"start":{"line":318,"column":17},"end":{"line":318,"column":42}},"175":{"start":{"line":319,"column":21},"end":{"line":319,"column":61}},"176":{"start":{"line":320,"column":19},"end":{"line":320,"column":59}},"177":{"start":{"line":323,"column":22},"end":{"line":323,"column":48}},"178":{"start":{"line":324,"column":18},"end":{"line":324,"column":55}},"179":{"start":{"line":326,"column":20},"end":{"line":326,"column":39}},"180":{"start":{"line":327,"column":6},"end":{"line":327,"column":56}},"181":{"start":{"line":329,"column":4},"end":{"line":329,"column":15}},"182":{"start":{"line":331,"column":4},"end":{"line":331,"column":66}},"183":{"start":{"line":332,"column":4},"end":{"line":332,"column":14}},"184":{"start":{"line":338,"column":14},"end":{"line":338,"column":34}},"185":{"start":{"line":339,"column":14},"end":{"line":339,"column":44}},"186":{"start":{"line":340,"column":15},"end":{"line":340,"column":30}},"187":{"start":{"line":341,"column":2},"end":{"line":360,"column":3}},"188":{"start":{"line":342,"column":4},"end":{"line":350,"column":24}},"189":{"start":{"line":351,"column":4},"end":{"line":356,"column":7}},"190":{"start":{"line":357,"column":4},"end":{"line":357,"column":53}},"191":{"start":{"line":359,"column":4},"end":{"line":359,"column":64}},"192":{"start":{"line":364,"column":30},"end":{"line":367,"column":4}},"193":{"start":{"line":368,"column":12},"end":{"line":368,"column":54}},"194":{"start":{"line":369,"column":12},"end":{"line":369,"column":56}},"195":{"start":{"line":371,"column":2},"end":{"line":389,"column":4}},"196":{"start":{"line":393,"column":2},"end":{"line":410,"column":3}},"197":{"start":{"line":394,"column":15},"end":{"line":394,"column":49}},"198":{"start":{"line":395,"column":19},"end":{"line":395,"column":63}},"199":{"start":{"line":396,"column":18},"end":{"line":396,"column":69}},"200":{"start":{"line":397,"column":4},"end":{"line":400,"column":5}},"201":{"start":{"line":398,"column":6},"end":{"line":398,"column":47}},"202":{"start":{"line":399,"column":6},"end":{"line":399,"column":13}},"203":{"start":{"line":401,"column":16},"end":{"line":405,"column":5}},"204":{"start":{"line":406,"column":17},"end":{"line":406,"column":66}},"205":{"start":{"line":407,"column":4},"end":{"line":407,"column":94}},"206":{"start":{"line":409,"column":4},"end":{"line":409,"column":48}},"207":{"start":{"line":415,"column":2},"end":{"line":446,"column":3}},"208":{"start":{"line":416,"column":17},"end":{"line":416,"column":51}},"209":{"start":{"line":417,"column":14},"end":{"line":417,"column":52}},"210":{"start":{"line":418,"column":16},"end":{"line":418,"column":27}},"211":{"start":{"line":419,"column":19},"end":{"line":419,"column":33}},"212":{"start":{"line":421,"column":19},"end":{"line":421,"column":64}},"213":{"start":{"line":422,"column":17},"end":{"line":422,"column":44}},"214":{"start":{"line":423,"column":24},"end":{"line":423,"column":58}},"215":{"start":{"line":424,"column":24},"end":{"line":424,"column":58}},"216":{"start":{"line":426,"column":18},"end":{"line":426,"column":20}},"217":{"start":{"line":427,"column":4},"end":{"line":427,"column":35}},"218":{"start":{"line":427,"column":16},"end":{"line":427,"column":35}},"219":{"start":{"line":428,"column":4},"end":{"line":428,"column":31}},"220":{"start":{"line":428,"column":14},"end":{"line":428,"column":31}},"221":{"start":{"line":429,"column":4},"end":{"line":429,"column":75}},"222":{"start":{"line":429,"column":36},"end":{"line":429,"column":75}},"223":{"start":{"line":430,"column":20},"end":{"line":430,"column":53}},"224":{"start":{"line":432,"column":4},"end":{"line":443,"column":6}},"225":{"start":{"line":445,"column":4},"end":{"line":445,"column":33}},"226":{"start":{"line":453,"column":15},"end":{"line":453,"column":30}},"227":{"start":{"line":454,"column":2},"end":{"line":454,"column":27}},"228":{"start":{"line":454,"column":20},"end":{"line":454,"column":27}},"229":{"start":{"line":456,"column":18},"end":{"line":456,"column":48}},"230":{"start":{"line":457,"column":19},"end":{"line":457,"column":56}},"231":{"start":{"line":458,"column":2},"end":{"line":458,"column":43}},"232":{"start":{"line":458,"column":36},"end":{"line":458,"column":43}},"233":{"start":{"line":460,"column":17},"end":{"line":460,"column":69}},"234":{"start":{"line":461,"column":2},"end":{"line":466,"column":3}},"235":{"start":{"line":462,"column":4},"end":{"line":462,"column":69}},"236":{"start":{"line":462,"column":19},"end":{"line":462,"column":69}},"237":{"start":{"line":464,"column":4},"end":{"line":464,"column":76}},"238":{"start":{"line":465,"column":4},"end":{"line":465,"column":21}},"239":{"start":{"line":468,"column":23},"end":{"line":468,"column":27}},"240":{"start":{"line":469,"column":19},"end":{"line":469,"column":24}},"241":{"start":{"line":470,"column":17},"end":{"line":470,"column":57}},"242":{"start":{"line":471,"column":19},"end":{"line":471,"column":20}},"243":{"start":{"line":473,"column":2},"end":{"line":485,"column":3}},"244":{"start":{"line":474,"column":4},"end":{"line":484,"column":5}},"245":{"start":{"line":475,"column":18},"end":{"line":475,"column":75}},"246":{"start":{"line":476,"column":6},"end":{"line":476,"column":40}},"247":{"start":{"line":477,"column":6},"end":{"line":477,"column":42}},"248":{"start":{"line":478,"column":6},"end":{"line":478,"column":31}},"249":{"start":{"line":479,"column":6},"end":{"line":479,"column":33}},"250":{"start":{"line":481,"column":6},"end":{"line":481,"column":78}},"251":{"start":{"line":482,"column":6},"end":{"line":482,"column":28}},"252":{"start":{"line":483,"column":6},"end":{"line":483,"column":25}},"253":{"start":{"line":487,"column":2},"end":{"line":498,"column":22}},"254":{"start":{"line":505,"column":2},"end":{"line":505,"column":51}},"255":{"start":{"line":505,"column":39},"end":{"line":505,"column":51}},"256":{"start":{"line":507,"column":18},"end":{"line":507,"column":78}},"257":{"start":{"line":508,"column":18},"end":{"line":508,"column":56}},"258":{"start":{"line":509,"column":17},"end":{"line":509,"column":47}},"259":{"start":{"line":510,"column":2},"end":{"line":510,"column":77}},"260":{"start":{"line":510,"column":37},"end":{"line":510,"column":77}},"261":{"start":{"line":512,"column":21},"end":{"line":512,"column":74}},"262":{"start":{"line":513,"column":2},"end":{"line":513,"column":38}},"263":{"start":{"line":513,"column":26},"end":{"line":513,"column":38}},"264":{"start":{"line":515,"column":2},"end":{"line":529,"column":3}},"265":{"start":{"line":516,"column":49},"end":{"line":516,"column":81}},"266":{"start":{"line":517,"column":4},"end":{"line":517,"column":37}},"267":{"start":{"line":517,"column":25},"end":{"line":517,"column":37}},"268":{"start":{"line":518,"column":20},"end":{"line":523,"column":5}},"269":{"start":{"line":524,"column":4},"end":{"line":524,"column":59}},"270":{"start":{"line":525,"column":4},"end":{"line":525,"column":19}},"271":{"start":{"line":527,"column":4},"end":{"line":527,"column":58}},"272":{"start":{"line":528,"column":4},"end":{"line":528,"column":16}},"273":{"start":{"line":537,"column":2},"end":{"line":565,"column":3}},"274":{"start":{"line":538,"column":4},"end":{"line":564,"column":5}},"275":{"start":{"line":539,"column":24},"end":{"line":539,"column":55}},"276":{"start":{"line":540,"column":6},"end":{"line":540,"column":61}},"277":{"start":{"line":540,"column":22},"end":{"line":540,"column":61}},"278":{"start":{"line":541,"column":23},"end":{"line":541,"column":49}},"279":{"start":{"line":542,"column":6},"end":{"line":542,"column":67}},"280":{"start":{"line":542,"column":28},"end":{"line":542,"column":67}},"281":{"start":{"line":545,"column":18},"end":{"line":545,"column":81}},"282":{"start":{"line":546,"column":6},"end":{"line":546,"column":51}},"283":{"start":{"line":546,"column":20},"end":{"line":546,"column":51}},"284":{"start":{"line":547,"column":17},"end":{"line":547,"column":44}},"285":{"start":{"line":548,"column":6},"end":{"line":548,"column":50}},"286":{"start":{"line":548,"column":15},"end":{"line":548,"column":50}},"287":{"start":{"line":551,"column":18},"end":{"line":551,"column":98}},"288":{"start":{"line":553,"column":23},"end":{"line":555,"column":24}},"289":{"start":{"line":554,"column":21},"end":{"line":554,"column":100}},"290":{"start":{"line":558,"column":6},"end":{"line":558,"column":43}},"291":{"start":{"line":558,"column":27},"end":{"line":558,"column":43}},"292":{"start":{"line":560,"column":6},"end":{"line":560,"column":87}},"293":{"start":{"line":562,"column":6},"end":{"line":562,"column":72}},"294":{"start":{"line":568,"column":2},"end":{"line":599,"column":3}},"295":{"start":{"line":569,"column":4},"end":{"line":598,"column":5}},"296":{"start":{"line":570,"column":19},"end":{"line":574,"column":14}},"297":{"start":{"line":576,"column":21},"end":{"line":576,"column":91}},"298":{"start":{"line":577,"column":6},"end":{"line":577,"column":76}},"299":{"start":{"line":577,"column":37},"end":{"line":577,"column":76}},"300":{"start":{"line":579,"column":17},"end":{"line":579,"column":31}},"301":{"start":{"line":580,"column":21},"end":{"line":580,"column":23}},"302":{"start":{"line":581,"column":6},"end":{"line":591,"column":9}},"303":{"start":{"line":582,"column":8},"end":{"line":582,"column":35}},"304":{"start":{"line":582,"column":28},"end":{"line":582,"column":35}},"305":{"start":{"line":583,"column":18},"end":{"line":583,"column":32}},"306":{"start":{"line":584,"column":8},"end":{"line":584,"column":49}},"307":{"start":{"line":584,"column":42},"end":{"line":584,"column":49}},"308":{"start":{"line":585,"column":21},"end":{"line":585,"column":37}},"309":{"start":{"line":586,"column":8},"end":{"line":586,"column":26}},"310":{"start":{"line":586,"column":19},"end":{"line":586,"column":26}},"311":{"start":{"line":587,"column":20},"end":{"line":587,"column":41}},"312":{"start":{"line":588,"column":8},"end":{"line":588,"column":32}},"313":{"start":{"line":588,"column":25},"end":{"line":588,"column":32}},"314":{"start":{"line":589,"column":20},"end":{"line":589,"column":39}},"315":{"start":{"line":590,"column":8},"end":{"line":590,"column":72}},"316":{"start":{"line":590,"column":28},"end":{"line":590,"column":72}},"317":{"start":{"line":593,"column":6},"end":{"line":593,"column":47}},"318":{"start":{"line":593,"column":28},"end":{"line":593,"column":45}},"319":{"start":{"line":594,"column":6},"end":{"line":594,"column":36}},"320":{"start":{"line":596,"column":6},"end":{"line":596,"column":87}},"321":{"start":{"line":602,"column":15},"end":{"line":602,"column":49}},"322":{"start":{"line":603,"column":13},"end":{"line":603,"column":27}},"323":{"start":{"line":604,"column":15},"end":{"line":608,"column":10}},"324":{"start":{"line":610,"column":14},"end":{"line":610,"column":16}},"325":{"start":{"line":611,"column":2},"end":{"line":628,"column":5}},"326":{"start":{"line":612,"column":4},"end":{"line":612,"column":31}},"327":{"start":{"line":612,"column":24},"end":{"line":612,"column":31}},"328":{"start":{"line":613,"column":14},"end":{"line":613,"column":28}},"329":{"start":{"line":614,"column":4},"end":{"line":614,"column":45}},"330":{"start":{"line":614,"column":38},"end":{"line":614,"column":45}},"331":{"start":{"line":615,"column":15},"end":{"line":615,"column":43}},"332":{"start":{"line":618,"column":6},"end":{"line":621,"column":50}},"333":{"start":{"line":623,"column":4},"end":{"line":627,"column":5}},"334":{"start":{"line":624,"column":6},"end":{"line":624,"column":47}},"335":{"start":{"line":625,"column":11},"end":{"line":627,"column":5}},"336":{"start":{"line":625,"column":56},"end":{"line":625,"column":72}},"337":{"start":{"line":626,"column":6},"end":{"line":626,"column":48}},"338":{"start":{"line":630,"column":2},"end":{"line":630,"column":40}},"339":{"start":{"line":630,"column":21},"end":{"line":630,"column":38}},"340":{"start":{"line":631,"column":2},"end":{"line":631,"column":29}},"341":{"start":{"line":638,"column":15},"end":{"line":638,"column":31}},"342":{"start":{"line":639,"column":2},"end":{"line":639,"column":20}},"343":{"start":{"line":639,"column":13},"end":{"line":639,"column":20}},"344":{"start":{"line":641,"column":18},"end":{"line":641,"column":33}},"345":{"start":{"line":642,"column":17},"end":{"line":642,"column":28}},"346":{"start":{"line":644,"column":2},"end":{"line":649,"column":5}},"347":{"start":{"line":651,"column":2},"end":{"line":651,"column":47}},"348":{"start":{"line":651,"column":27},"end":{"line":651,"column":45}},"349":{"start":{"line":653,"column":16},"end":{"line":653,"column":26}},"350":{"start":{"line":654,"column":19},"end":{"line":654,"column":36}},"351":{"start":{"line":655,"column":20},"end":{"line":657,"column":41}},"352":{"start":{"line":660,"column":2},"end":{"line":661,"column":64}},"353":{"start":{"line":660,"column":8},"end":{"line":660,"column":48}},"354":{"start":{"line":661,"column":14},"end":{"line":661,"column":62}},"355":{"start":{"line":664,"column":14},"end":{"line":664,"column":18}},"356":{"start":{"line":665,"column":2},"end":{"line":668,"column":12}},"357":{"start":{"line":666,"column":17},"end":{"line":666,"column":38}},"358":{"start":{"line":667,"column":4},"end":{"line":667,"column":49}},"359":{"start":{"line":667,"column":21},"end":{"line":667,"column":49}},"360":{"start":{"line":671,"column":2},"end":{"line":689,"column":3}},"361":{"start":{"line":672,"column":4},"end":{"line":686,"column":5}},"362":{"start":{"line":673,"column":18},"end":{"line":673,"column":56}},"363":{"start":{"line":674,"column":6},"end":{"line":685,"column":7}},"364":{"start":{"line":676,"column":8},"end":{"line":684,"column":9}},"365":{"start":{"line":677,"column":10},"end":{"line":683,"column":11}},"366":{"start":{"line":678,"column":24},"end":{"line":678,"column":48}},"367":{"start":{"line":679,"column":12},"end":{"line":679,"column":71}},"368":{"start":{"line":680,"column":12},"end":{"line":680,"column":106}},"369":{"start":{"line":682,"column":12},"end":{"line":682,"column":63}},"370":{"start":{"line":688,"column":4},"end":{"line":688,"column":48}},"371":{"start":{"line":692,"column":2},"end":{"line":813,"column":3}},"372":{"start":{"line":694,"column":4},"end":{"line":697,"column":14}},"373":{"start":{"line":695,"column":20},"end":{"line":695,"column":41}},"374":{"start":{"line":696,"column":6},"end":{"line":696,"column":54}},"375":{"start":{"line":696,"column":24},"end":{"line":696,"column":54}},"376":{"start":{"line":699,"column":16},"end":{"line":699,"column":77}},"377":{"start":{"line":700,"column":23},"end":{"line":700,"column":25}},"378":{"start":{"line":701,"column":27},"end":{"line":701,"column":29}},"379":{"start":{"line":703,"column":18},"end":{"line":703,"column":89}},"380":{"start":{"line":703,"column":66},"end":{"line":703,"column":87}},"381":{"start":{"line":704,"column":20},"end":{"line":710,"column":6}},"382":{"start":{"line":704,"column":30},"end":{"line":710,"column":5}},"383":{"start":{"line":712,"column":4},"end":{"line":768,"column":5}},"384":{"start":{"line":713,"column":6},"end":{"line":765,"column":7}},"385":{"start":{"line":714,"column":19},"end":{"line":714,"column":64}},"386":{"start":{"line":716,"column":20},"end":{"line":716,"column":92}},"387":{"start":{"line":717,"column":8},"end":{"line":717,"column":33}},"388":{"start":{"line":717,"column":24},"end":{"line":717,"column":33}},"389":{"start":{"line":719,"column":25},"end":{"line":719,"column":66}},"390":{"start":{"line":720,"column":21},"end":{"line":720,"column":51}},"391":{"start":{"line":722,"column":22},"end":{"line":722,"column":89}},"392":{"start":{"line":722,"column":66},"end":{"line":722,"column":87}},"393":{"start":{"line":723,"column":21},"end":{"line":723,"column":45}},"394":{"start":{"line":724,"column":21},"end":{"line":724,"column":45}},"395":{"start":{"line":726,"column":10},"end":{"line":729,"column":12}},"396":{"start":{"line":731,"column":8},"end":{"line":761,"column":11}},"397":{"start":{"line":763,"column":8},"end":{"line":763,"column":33}},"398":{"start":{"line":764,"column":8},"end":{"line":764,"column":38}},"399":{"start":{"line":767,"column":6},"end":{"line":767,"column":79}},"400":{"start":{"line":770,"column":4},"end":{"line":776,"column":7}},"401":{"start":{"line":778,"column":4},"end":{"line":778,"column":25}},"402":{"start":{"line":780,"column":4},"end":{"line":809,"column":5}},"403":{"start":{"line":781,"column":6},"end":{"line":808,"column":7}},"404":{"start":{"line":782,"column":8},"end":{"line":785,"column":11}},"405":{"start":{"line":786,"column":8},"end":{"line":791,"column":9}},"406":{"start":{"line":787,"column":10},"end":{"line":790,"column":13}},"407":{"start":{"line":793,"column":30},"end":{"line":793,"column":63}},"408":{"start":{"line":794,"column":8},"end":{"line":805,"column":10}},"409":{"start":{"line":796,"column":12},"end":{"line":803,"column":13}},"410":{"start":{"line":807,"column":8},"end":{"line":807,"column":61}},"411":{"start":{"line":811,"column":4},"end":{"line":811,"column":95}},"412":{"start":{"line":812,"column":4},"end":{"line":812,"column":11}},"413":{"start":{"line":816,"column":19},"end":{"line":816,"column":26}},"414":{"start":{"line":817,"column":2},"end":{"line":846,"column":3}},"415":{"start":{"line":818,"column":22},"end":{"line":818,"column":54}},"416":{"start":{"line":819,"column":20},"end":{"line":819,"column":22}},"417":{"start":{"line":820,"column":4},"end":{"line":834,"column":5}},"418":{"start":{"line":821,"column":19},"end":{"line":821,"column":49}},"419":{"start":{"line":822,"column":6},"end":{"line":832,"column":9}},"420":{"start":{"line":833,"column":6},"end":{"line":833,"column":28}},"421":{"start":{"line":836,"column":4},"end":{"line":842,"column":7}},"422":{"start":{"line":844,"column":4},"end":{"line":844,"column":25}},"423":{"start":{"line":845,"column":4},"end":{"line":845,"column":78}},"424":{"start":{"line":850,"column":2},"end":{"line":850,"column":83}},"425":{"start":{"line":851,"column":2},"end":{"line":871,"column":6}},"426":{"start":{"line":855,"column":8},"end":{"line":855,"column":117}},"427":{"start":{"line":856,"column":8},"end":{"line":866,"column":11}},"428":{"start":{"line":857,"column":32},"end":{"line":857,"column":38}},"429":{"start":{"line":858,"column":10},"end":{"line":865,"column":11}},"430":{"start":{"line":859,"column":12},"end":{"line":859,"column":45}},"431":{"start":{"line":859,"column":38},"end":{"line":859,"column":45}},"432":{"start":{"line":860,"column":23},"end":{"line":860,"column":48}},"433":{"start":{"line":861,"column":12},"end":{"line":861,"column":43}},"434":{"start":{"line":861,"column":36},"end":{"line":861,"column":43}},"435":{"start":{"line":862,"column":12},"end":{"line":864,"column":15}},"436":{"start":{"line":863,"column":14},"end":{"line":863,"column":62}},"437":{"start":{"line":869,"column":8},"end":{"line":869,"column":68}},"438":{"start":{"line":875,"column":2},"end":{"line":878,"column":3}},"439":{"start":{"line":876,"column":4},"end":{"line":876,"column":58}},"440":{"start":{"line":877,"column":4},"end":{"line":877,"column":11}},"441":{"start":{"line":879,"column":2},"end":{"line":879,"column":37}},"442":{"start":{"line":880,"column":2},"end":{"line":880,"column":34}},"443":{"start":{"line":881,"column":2},"end":{"line":881,"column":22}},"444":{"start":{"line":882,"column":2},"end":{"line":882,"column":32}},"445":{"start":{"line":883,"column":2},"end":{"line":883,"column":88}},"446":{"start":{"line":888,"column":2},"end":{"line":888,"column":45}},"447":{"start":{"line":889,"column":2},"end":{"line":939,"column":4}},"448":{"start":{"line":891,"column":6},"end":{"line":934,"column":9}},"449":{"start":{"line":892,"column":20},"end":{"line":892,"column":30}},"450":{"start":{"line":893,"column":20},"end":{"line":893,"column":26}},"451":{"start":{"line":894,"column":21},"end":{"line":894,"column":37}},"452":{"start":{"line":895,"column":8},"end":{"line":895,"column":25}},"453":{"start":{"line":895,"column":18},"end":{"line":895,"column":25}},"454":{"start":{"line":897,"column":8},"end":{"line":933,"column":9}},"455":{"start":{"line":898,"column":26},"end":{"line":898,"column":65}},"456":{"start":{"line":899,"column":27},"end":{"line":899,"column":46}},"457":{"start":{"line":900,"column":24},"end":{"line":900,"column":40}},"458":{"start":{"line":902,"column":28},"end":{"line":902,"column":48}},"459":{"start":{"line":903,"column":22},"end":{"line":903,"column":30}},"460":{"start":{"line":905,"column":24},"end":{"line":905,"column":34}},"461":{"start":{"line":907,"column":23},"end":{"line":907,"column":70}},"462":{"start":{"line":908,"column":10},"end":{"line":911,"column":11}},"463":{"start":{"line":909,"column":12},"end":{"line":909,"column":39}},"464":{"start":{"line":910,"column":12},"end":{"line":910,"column":41}},"465":{"start":{"line":912,"column":10},"end":{"line":912,"column":52}},"466":{"start":{"line":914,"column":25},"end":{"line":914,"column":92}},"467":{"start":{"line":916,"column":12},"end":{"line":918,"column":44}},"468":{"start":{"line":920,"column":10},"end":{"line":928,"column":11}},"469":{"start":{"line":921,"column":31},"end":{"line":926,"column":15}},"470":{"start":{"line":921,"column":50},"end":{"line":926,"column":13}},"471":{"start":{"line":927,"column":12},"end":{"line":927,"column":91}},"472":{"start":{"line":930,"column":10},"end":{"line":930,"column":31}},"473":{"start":{"line":932,"column":10},"end":{"line":932,"column":75}},"474":{"start":{"line":937,"column":6},"end":{"line":937,"column":53}},"475":{"start":{"line":944,"column":2},"end":{"line":944,"column":56}},"476":{"start":{"line":945,"column":2},"end":{"line":1037,"column":71}},"477":{"start":{"line":946,"column":4},"end":{"line":1036,"column":5}},"478":{"start":{"line":947,"column":6},"end":{"line":969,"column":7}},"479":{"start":{"line":948,"column":22},"end":{"line":948,"column":41}},"480":{"start":{"line":949,"column":23},"end":{"line":949,"column":35}},"481":{"start":{"line":950,"column":24},"end":{"line":950,"column":58}},"482":{"start":{"line":951,"column":24},"end":{"line":951,"column":58}},"483":{"start":{"line":952,"column":24},"end":{"line":952,"column":37}},"484":{"start":{"line":954,"column":8},"end":{"line":967,"column":9}},"485":{"start":{"line":955,"column":10},"end":{"line":966,"column":11}},"486":{"start":{"line":956,"column":12},"end":{"line":959,"column":15}},"487":{"start":{"line":960,"column":12},"end":{"line":963,"column":32}},"488":{"start":{"line":965,"column":12},"end":{"line":965,"column":79}},"489":{"start":{"line":968,"column":8},"end":{"line":968,"column":17}},"490":{"start":{"line":970,"column":6},"end":{"line":970,"column":43}},"491":{"start":{"line":970,"column":34},"end":{"line":970,"column":43}},"492":{"start":{"line":971,"column":20},"end":{"line":971,"column":39}},"493":{"start":{"line":972,"column":21},"end":{"line":972,"column":77}},"494":{"start":{"line":973,"column":6},"end":{"line":973,"column":62}},"495":{"start":{"line":973,"column":53},"end":{"line":973,"column":62}},"496":{"start":{"line":975,"column":21},"end":{"line":975,"column":33}},"497":{"start":{"line":976,"column":22},"end":{"line":976,"column":56}},"498":{"start":{"line":977,"column":20},"end":{"line":977,"column":52}},"499":{"start":{"line":978,"column":22},"end":{"line":978,"column":35}},"500":{"start":{"line":979,"column":6},"end":{"line":979,"column":51}},"501":{"start":{"line":979,"column":42},"end":{"line":979,"column":51}},"502":{"start":{"line":981,"column":6},"end":{"line":1027,"column":7}},"503":{"start":{"line":982,"column":8},"end":{"line":1026,"column":9}},"504":{"start":{"line":983,"column":23},"end":{"line":983,"column":55}},"505":{"start":{"line":984,"column":23},"end":{"line":984,"column":51}},"506":{"start":{"line":985,"column":24},"end":{"line":985,"column":40}},"507":{"start":{"line":986,"column":10},"end":{"line":1006,"column":11}},"508":{"start":{"line":987,"column":22},"end":{"line":987,"column":40}},"509":{"start":{"line":988,"column":26},"end":{"line":988,"column":30}},"510":{"start":{"line":989,"column":12},"end":{"line":995,"column":13}},"511":{"start":{"line":990,"column":14},"end":{"line":992,"column":28}},"512":{"start":{"line":994,"column":14},"end":{"line":994,"column":52}},"513":{"start":{"line":997,"column":12},"end":{"line":1005,"column":13}},"514":{"start":{"line":998,"column":14},"end":{"line":1004,"column":34}},"515":{"start":{"line":1008,"column":10},"end":{"line":1011,"column":13}},"516":{"start":{"line":1013,"column":10},"end":{"line":1021,"column":13}},"517":{"start":{"line":1018,"column":77},"end":{"line":1018,"column":93}},"518":{"start":{"line":1023,"column":10},"end":{"line":1023,"column":110}},"519":{"start":{"line":1025,"column":10},"end":{"line":1025,"column":66}},"520":{"start":{"line":1029,"column":6},"end":{"line":1035,"column":7}},"521":{"start":{"line":1030,"column":8},"end":{"line":1033,"column":11}},"522":{"start":{"line":1034,"column":8},"end":{"line":1034,"column":90}},"523":{"start":{"line":1037,"column":14},"end":{"line":1037,"column":69}},"524":{"start":{"line":1041,"column":0},"end":{"line":1070,"column":3}},"525":{"start":{"line":1042,"column":2},"end":{"line":1069,"column":5}},"526":{"start":{"line":1072,"column":0},"end":{"line":1079,"column":3}},"527":{"start":{"line":1073,"column":2},"end":{"line":1078,"column":5}},"528":{"start":{"line":1082,"column":0},"end":{"line":1132,"column":3}},"529":{"start":{"line":1083,"column":2},"end":{"line":1131,"column":3}},"530":{"start":{"line":1084,"column":18},"end":{"line":1084,"column":72}},"531":{"start":{"line":1085,"column":17},"end":{"line":1085,"column":95}},"532":{"start":{"line":1087,"column":18},"end":{"line":1087,"column":19}},"533":{"start":{"line":1088,"column":4},"end":{"line":1125,"column":5}},"534":{"start":{"line":1089,"column":16},"end":{"line":1089,"column":32}},"535":{"start":{"line":1090,"column":19},"end":{"line":1090,"column":38}},"536":{"start":{"line":1091,"column":19},"end":{"line":1091,"column":38}},"537":{"start":{"line":1092,"column":24},"end":{"line":1092,"column":35}},"538":{"start":{"line":1093,"column":24},"end":{"line":1093,"column":35}},"539":{"start":{"line":1094,"column":6},"end":{"line":1094,"column":35}},"540":{"start":{"line":1094,"column":26},"end":{"line":1094,"column":35}},"541":{"start":{"line":1096,"column":18},"end":{"line":1096,"column":20}},"542":{"start":{"line":1097,"column":6},"end":{"line":1100,"column":7}},"543":{"start":{"line":1098,"column":21},"end":{"line":1098,"column":63}},"544":{"start":{"line":1099,"column":8},"end":{"line":1099,"column":62}},"545":{"start":{"line":1099,"column":25},"end":{"line":1099,"column":62}},"546":{"start":{"line":1101,"column":6},"end":{"line":1104,"column":7}},"547":{"start":{"line":1102,"column":21},"end":{"line":1102,"column":63}},"548":{"start":{"line":1103,"column":8},"end":{"line":1103,"column":62}},"549":{"start":{"line":1103,"column":25},"end":{"line":1103,"column":62}},"550":{"start":{"line":1105,"column":6},"end":{"line":1107,"column":7}},"551":{"start":{"line":1106,"column":8},"end":{"line":1106,"column":33}},"552":{"start":{"line":1108,"column":6},"end":{"line":1119,"column":7}},"553":{"start":{"line":1109,"column":31},"end":{"line":1112,"column":10}},"554":{"start":{"line":1110,"column":44},"end":{"line":1110,"column":55}},"555":{"start":{"line":1111,"column":44},"end":{"line":1111,"column":55}},"556":{"start":{"line":1113,"column":8},"end":{"line":1113,"column":50}},"557":{"start":{"line":1113,"column":21},"end":{"line":1113,"column":50}},"558":{"start":{"line":1114,"column":8},"end":{"line":1114,"column":50}},"559":{"start":{"line":1114,"column":21},"end":{"line":1114,"column":50}},"560":{"start":{"line":1115,"column":8},"end":{"line":1118,"column":9}},"561":{"start":{"line":1116,"column":10},"end":{"line":1117,"column":69}},"562":{"start":{"line":1120,"column":6},"end":{"line":1124,"column":7}},"563":{"start":{"line":1121,"column":8},"end":{"line":1121,"column":69}},"564":{"start":{"line":1122,"column":8},"end":{"line":1122,"column":48}},"565":{"start":{"line":1123,"column":8},"end":{"line":1123,"column":18}},"566":{"start":{"line":1127,"column":4},"end":{"line":1127,"column":56}},"567":{"start":{"line":1129,"column":4},"end":{"line":1129,"column":39}},"568":{"start":{"line":1130,"column":4},"end":{"line":1130,"column":71}},"569":{"start":{"line":1135,"column":0},"end":{"line":1165,"column":3}},"570":{"start":{"line":1136,"column":2},"end":{"line":1164,"column":3}},"571":{"start":{"line":1137,"column":54},"end":{"line":1137,"column":68}},"572":{"start":{"line":1138,"column":15},"end":{"line":1138,"column":35}},"573":{"start":{"line":1140,"column":4},"end":{"line":1140,"column":91}},"574":{"start":{"line":1142,"column":4},"end":{"line":1144,"column":5}},"575":{"start":{"line":1143,"column":6},"end":{"line":1143,"column":116}},"576":{"start":{"line":1146,"column":17},"end":{"line":1155,"column":5}},"577":{"start":{"line":1157,"column":16},"end":{"line":1157,"column":48}},"578":{"start":{"line":1158,"column":4},"end":{"line":1158,"column":24}},"579":{"start":{"line":1160,"column":4},"end":{"line":1160,"column":135}},"580":{"start":{"line":1162,"column":4},"end":{"line":1162,"column":47}},"581":{"start":{"line":1163,"column":4},"end":{"line":1163,"column":84}},"582":{"start":{"line":1168,"column":0},"end":{"line":1188,"column":3}},"583":{"start":{"line":1169,"column":2},"end":{"line":1187,"column":3}},"584":{"start":{"line":1170,"column":45},"end":{"line":1170,"column":59}},"585":{"start":{"line":1171,"column":15},"end":{"line":1171,"column":35}},"586":{"start":{"line":1173,"column":4},"end":{"line":1173,"column":94}},"587":{"start":{"line":1175,"column":4},"end":{"line":1177,"column":5}},"588":{"start":{"line":1176,"column":6},"end":{"line":1176,"column":116}},"589":{"start":{"line":1179,"column":17},"end":{"line":1179,"column":113}},"590":{"start":{"line":1180,"column":16},"end":{"line":1180,"column":47}},"591":{"start":{"line":1181,"column":4},"end":{"line":1181,"column":24}},"592":{"start":{"line":1183,"column":4},"end":{"line":1183,"column":130}},"593":{"start":{"line":1185,"column":4},"end":{"line":1185,"column":55}},"594":{"start":{"line":1186,"column":4},"end":{"line":1186,"column":84}},"595":{"start":{"line":1190,"column":0},"end":{"line":1195,"column":3}},"596":{"start":{"line":1191,"column":2},"end":{"line":1194,"column":5}},"597":{"start":{"line":1197,"column":0},"end":{"line":1208,"column":3}},"598":{"start":{"line":1198,"column":2},"end":{"line":1207,"column":5}},"599":{"start":{"line":1211,"column":0},"end":{"line":1213,"column":3}},"600":{"start":{"line":1212,"column":2},"end":{"line":1212,"column":121}},"601":{"start":{"line":1214,"column":0},"end":{"line":1222,"column":3}},"602":{"start":{"line":1215,"column":2},"end":{"line":1221,"column":3}},"603":{"start":{"line":1216,"column":26},"end":{"line":1216,"column":40}},"604":{"start":{"line":1217,"column":17},"end":{"line":1217,"column":55}},"605":{"start":{"line":1218,"column":4},"end":{"line":1218,"column":33}},"606":{"start":{"line":1220,"column":4},"end":{"line":1220,"column":71}},"607":{"start":{"line":1223,"column":0},"end":{"line":1232,"column":3}},"608":{"start":{"line":1224,"column":2},"end":{"line":1231,"column":3}},"609":{"start":{"line":1225,"column":41},"end":{"line":1225,"column":55}},"610":{"start":{"line":1226,"column":19},"end":{"line":1226,"column":62}},"611":{"start":{"line":1227,"column":16},"end":{"line":1227,"column":98}},"612":{"start":{"line":1228,"column":4},"end":{"line":1228,"column":35}},"613":{"start":{"line":1230,"column":4},"end":{"line":1230,"column":71}},"614":{"start":{"line":1235,"column":0},"end":{"line":1246,"column":3}},"615":{"start":{"line":1236,"column":2},"end":{"line":1245,"column":3}},"616":{"start":{"line":1237,"column":4},"end":{"line":1239,"column":5}},"617":{"start":{"line":1238,"column":6},"end":{"line":1238,"column":94}},"618":{"start":{"line":1240,"column":32},"end":{"line":1240,"column":46}},"619":{"start":{"line":1241,"column":49},"end":{"line":1241,"column":75}},"620":{"start":{"line":1242,"column":4},"end":{"line":1242,"column":86}},"621":{"start":{"line":1244,"column":4},"end":{"line":1244,"column":71}},"622":{"start":{"line":1248,"column":13},"end":{"line":1248,"column":41}},"623":{"start":{"line":1250,"column":0},"end":{"line":1270,"column":3}},"624":{"start":{"line":1251,"column":2},"end":{"line":1264,"column":5}},"625":{"start":{"line":1267,"column":2},"end":{"line":1267,"column":20}},"626":{"start":{"line":1269,"column":2},"end":{"line":1269,"column":48}},"627":{"start":{"line":1269,"column":22},"end":{"line":1269,"column":48}},"628":{"start":{"line":1273,"column":0},"end":{"line":1277,"column":3}},"629":{"start":{"line":1274,"column":2},"end":{"line":1274,"column":48}},"630":{"start":{"line":1275,"column":2},"end":{"line":1275,"column":75}},"631":{"start":{"line":1275,"column":8},"end":{"line":1275,"column":64}},"632":{"start":{"line":1275,"column":39},"end":{"line":1275,"column":64}},"633":{"start":{"line":1276,"column":2},"end":{"line":1276,"column":18}}},"fnMap":{"0":{"name":"tryLoadFromConfigModule","decl":{"start":{"line":59,"column":9},"end":{"line":59,"column":32}},"loc":{"start":{"line":59,"column":35},"end":{"line":73,"column":1}},"line":59},"1":{"name":"tryInitAdminFallback","decl":{"start":{"line":75,"column":9},"end":{"line":75,"column":29}},"loc":{"start":{"line":75,"column":32},"end":{"line":94,"column":1}},"line":75},"2":{"name":"nowIso","decl":{"start":{"line":100,"column":9},"end":{"line":100,"column":15}},"loc":{"start":{"line":100,"column":18},"end":{"line":100,"column":54}},"line":100},"3":{"name":"short","decl":{"start":{"line":101,"column":9},"end":{"line":101,"column":14}},"loc":{"start":{"line":101,"column":28},"end":{"line":101,"column":109}},"line":101},"4":{"name":"docWasProcessed","decl":{"start":{"line":102,"column":9},"end":{"line":102,"column":24}},"loc":{"start":{"line":102,"column":30},"end":{"line":102,"column":108}},"line":102},"5":{"name":"get","decl":{"start":{"line":103,"column":9},"end":{"line":103,"column":12}},"loc":{"start":{"line":103,"column":41},"end":{"line":105,"column":1}},"line":103},"6":{"name":"(anonymous_6)","decl":{"start":{"line":104,"column":32},"end":{"line":104,"column":33}},"loc":{"start":{"line":104,"column":45},"end":{"line":104,"column":93}},"line":104},"7":{"name":"pairKey","decl":{"start":{"line":108,"column":9},"end":{"line":108,"column":16}},"loc":{"start":{"line":108,"column":51},"end":{"line":113,"column":1}},"line":108},"8":{"name":"detectCategories","decl":{"start":{"line":116,"column":9},"end":{"line":116,"column":25}},"loc":{"start":{"line":116,"column":32},"end":{"line":126,"column":1}},"line":116},"9":{"name":"getMagicType","decl":{"start":{"line":127,"column":9},"end":{"line":127,"column":21}},"loc":{"start":{"line":127,"column":32},"end":{"line":138,"column":1}},"line":127},"10":{"name":"generateMatchText","decl":{"start":{"line":139,"column":9},"end":{"line":139,"column":26}},"loc":{"start":{"line":139,"column":51},"end":{"line":150,"column":1}},"line":139},"11":{"name":"cosine","decl":{"start":{"line":155,"column":9},"end":{"line":155,"column":15}},"loc":{"start":{"line":155,"column":22},"end":{"line":164,"column":1}},"line":155},"12":{"name":"float32ToBase64","decl":{"start":{"line":165,"column":9},"end":{"line":165,"column":24}},"loc":{"start":{"line":165,"column":30},"end":{"line":168,"column":1}},"line":165},"13":{"name":"base64ToFloat32","decl":{"start":{"line":169,"column":9},"end":{"line":169,"column":24}},"loc":{"start":{"line":169,"column":30},"end":{"line":173,"column":1}},"line":169},"14":{"name":"initRedis","decl":{"start":{"line":178,"column":15},"end":{"line":178,"column":24}},"loc":{"start":{"line":178,"column":27},"end":{"line":214,"column":1}},"line":178},"15":{"name":"(anonymous_15)","decl":{"start":{"line":191,"column":28},"end":{"line":191,"column":29}},"loc":{"start":{"line":191,"column":37},"end":{"line":194,"column":5}},"line":191},"16":{"name":"(anonymous_16)","decl":{"start":{"line":195,"column":28},"end":{"line":195,"column":29}},"loc":{"start":{"line":195,"column":34},"end":{"line":198,"column":5}},"line":195},"17":{"name":"ensureRedisIndex","decl":{"start":{"line":217,"column":15},"end":{"line":217,"column":31}},"loc":{"start":{"line":217,"column":37},"end":{"line":248,"column":1}},"line":217},"18":{"name":"redisUpsertIntentVector","decl":{"start":{"line":251,"column":15},"end":{"line":251,"column":38}},"loc":{"start":{"line":251,"column":74},"end":{"line":266,"column":1}},"line":251},"19":{"name":"redisVectorSearchTopK","decl":{"start":{"line":269,"column":15},"end":{"line":269,"column":36}},"loc":{"start":{"line":269,"column":63},"end":{"line":334,"column":1}},"line":269},"20":{"name":"ensurePrivateDoc","decl":{"start":{"line":337,"column":15},"end":{"line":337,"column":31}},"loc":{"start":{"line":337,"column":48},"end":{"line":361,"column":1}},"line":337},"21":{"name":"getUserSafeSnapshot","decl":{"start":{"line":363,"column":15},"end":{"line":363,"column":34}},"loc":{"start":{"line":363,"column":40},"end":{"line":390,"column":1}},"line":363},"22":{"name":"sendPushToUser","decl":{"start":{"line":392,"column":15},"end":{"line":392,"column":29}},"loc":{"start":{"line":392,"column":44},"end":{"line":411,"column":1}},"line":392},"23":{"name":"readPublicMeta","decl":{"start":{"line":414,"column":15},"end":{"line":414,"column":29}},"loc":{"start":{"line":414,"column":35},"end":{"line":447,"column":1}},"line":414},"24":{"name":"ensureNormalized","decl":{"start":{"line":452,"column":15},"end":{"line":452,"column":31}},"loc":{"start":{"line":452,"column":47},"end":{"line":499,"column":1}},"line":452},"25":{"name":"ensureEmbedded","decl":{"start":{"line":504,"column":15},"end":{"line":504,"column":29}},"loc":{"start":{"line":504,"column":43},"end":{"line":530,"column":1}},"line":504},"26":{"name":"selectCounterpartsForIntent","decl":{"start":{"line":535,"column":15},"end":{"line":535,"column":42}},"loc":{"start":{"line":535,"column":70},"end":{"line":632,"column":1}},"line":535},"27":{"name":"(anonymous_27)","decl":{"start":{"line":554,"column":16},"end":{"line":554,"column":17}},"loc":{"start":{"line":554,"column":21},"end":{"line":554,"column":100}},"line":554},"28":{"name":"(anonymous_28)","decl":{"start":{"line":581,"column":19},"end":{"line":581,"column":20}},"loc":{"start":{"line":581,"column":24},"end":{"line":591,"column":7}},"line":581},"29":{"name":"(anonymous_29)","decl":{"start":{"line":593,"column":18},"end":{"line":593,"column":19}},"loc":{"start":{"line":593,"column":28},"end":{"line":593,"column":45}},"line":593},"30":{"name":"(anonymous_30)","decl":{"start":{"line":611,"column":15},"end":{"line":611,"column":16}},"loc":{"start":{"line":611,"column":20},"end":{"line":628,"column":3}},"line":611},"31":{"name":"(anonymous_31)","decl":{"start":{"line":625,"column":51},"end":{"line":625,"column":52}},"loc":{"start":{"line":625,"column":56},"end":{"line":625,"column":72}},"line":625},"32":{"name":"(anonymous_32)","decl":{"start":{"line":630,"column":11},"end":{"line":630,"column":12}},"loc":{"start":{"line":630,"column":21},"end":{"line":630,"column":38}},"line":630},"33":{"name":"processGenericDoc","decl":{"start":{"line":637,"column":15},"end":{"line":637,"column":32}},"loc":{"start":{"line":637,"column":44},"end":{"line":847,"column":1}},"line":637},"34":{"name":"(anonymous_34)","decl":{"start":{"line":651,"column":20},"end":{"line":651,"column":21}},"loc":{"start":{"line":651,"column":27},"end":{"line":651,"column":45}},"line":651},"35":{"name":"(anonymous_35)","decl":{"start":{"line":703,"column":59},"end":{"line":703,"column":60}},"loc":{"start":{"line":703,"column":66},"end":{"line":703,"column":87}},"line":703},"36":{"name":"(anonymous_36)","decl":{"start":{"line":704,"column":20},"end":{"line":704,"column":21}},"loc":{"start":{"line":704,"column":30},"end":{"line":710,"column":5}},"line":704},"37":{"name":"(anonymous_37)","decl":{"start":{"line":722,"column":59},"end":{"line":722,"column":60}},"loc":{"start":{"line":722,"column":66},"end":{"line":722,"column":87}},"line":722},"38":{"name":"(anonymous_38)","decl":{"start":{"line":795,"column":25},"end":{"line":795,"column":26}},"loc":{"start":{"line":796,"column":12},"end":{"line":803,"column":13}},"line":796},"39":{"name":"setupListener","decl":{"start":{"line":849,"column":9},"end":{"line":849,"column":22}},"loc":{"start":{"line":849,"column":45},"end":{"line":872,"column":1}},"line":849},"40":{"name":"(anonymous_40)","decl":{"start":{"line":854,"column":6},"end":{"line":854,"column":7}},"loc":{"start":{"line":854,"column":20},"end":{"line":867,"column":7}},"line":854},"41":{"name":"(anonymous_41)","decl":{"start":{"line":856,"column":38},"end":{"line":856,"column":39}},"loc":{"start":{"line":856,"column":50},"end":{"line":866,"column":9}},"line":856},"42":{"name":"(anonymous_42)","decl":{"start":{"line":862,"column":47},"end":{"line":862,"column":48}},"loc":{"start":{"line":862,"column":54},"end":{"line":864,"column":13}},"line":862},"43":{"name":"(anonymous_43)","decl":{"start":{"line":868,"column":6},"end":{"line":868,"column":7}},"loc":{"start":{"line":868,"column":17},"end":{"line":870,"column":7}},"line":868},"44":{"name":"setupFirestoreListeners","decl":{"start":{"line":874,"column":9},"end":{"line":874,"column":32}},"loc":{"start":{"line":874,"column":35},"end":{"line":884,"column":1}},"line":874},"45":{"name":"setupUsersWatcher","decl":{"start":{"line":887,"column":9},"end":{"line":887,"column":26}},"loc":{"start":{"line":887,"column":29},"end":{"line":940,"column":1}},"line":887},"46":{"name":"(anonymous_46)","decl":{"start":{"line":890,"column":4},"end":{"line":890,"column":5}},"loc":{"start":{"line":890,"column":18},"end":{"line":935,"column":5}},"line":890},"47":{"name":"(anonymous_47)","decl":{"start":{"line":891,"column":36},"end":{"line":891,"column":37}},"loc":{"start":{"line":891,"column":54},"end":{"line":934,"column":7}},"line":891},"48":{"name":"(anonymous_48)","decl":{"start":{"line":921,"column":42},"end":{"line":921,"column":43}},"loc":{"start":{"line":921,"column":50},"end":{"line":926,"column":13}},"line":921},"49":{"name":"(anonymous_49)","decl":{"start":{"line":936,"column":4},"end":{"line":936,"column":5}},"loc":{"start":{"line":936,"column":15},"end":{"line":938,"column":5}},"line":936},"50":{"name":"setupContactRequestsWatcher","decl":{"start":{"line":943,"column":9},"end":{"line":943,"column":36}},"loc":{"start":{"line":943,"column":39},"end":{"line":1038,"column":1}},"line":943},"51":{"name":"(anonymous_51)","decl":{"start":{"line":945,"column":54},"end":{"line":945,"column":55}},"loc":{"start":{"line":945,"column":70},"end":{"line":1037,"column":3}},"line":945},"52":{"name":"(anonymous_52)","decl":{"start":{"line":1018,"column":72},"end":{"line":1018,"column":73}},"loc":{"start":{"line":1018,"column":77},"end":{"line":1018,"column":93}},"line":1018},"53":{"name":"(anonymous_53)","decl":{"start":{"line":1037,"column":5},"end":{"line":1037,"column":6}},"loc":{"start":{"line":1037,"column":14},"end":{"line":1037,"column":69}},"line":1037},"54":{"name":"(anonymous_54)","decl":{"start":{"line":1041,"column":13},"end":{"line":1041,"column":14}},"loc":{"start":{"line":1041,"column":27},"end":{"line":1070,"column":1}},"line":1041},"55":{"name":"(anonymous_55)","decl":{"start":{"line":1072,"column":22},"end":{"line":1072,"column":23}},"loc":{"start":{"line":1072,"column":42},"end":{"line":1079,"column":1}},"line":1072},"56":{"name":"(anonymous_56)","decl":{"start":{"line":1082,"column":36},"end":{"line":1082,"column":37}},"loc":{"start":{"line":1082,"column":56},"end":{"line":1132,"column":1}},"line":1082},"57":{"name":"(anonymous_57)","decl":{"start":{"line":1110,"column":37},"end":{"line":1110,"column":38}},"loc":{"start":{"line":1110,"column":44},"end":{"line":1110,"column":55}},"line":1110},"58":{"name":"(anonymous_58)","decl":{"start":{"line":1111,"column":37},"end":{"line":1111,"column":38}},"loc":{"start":{"line":1111,"column":44},"end":{"line":1111,"column":55}},"line":1111},"59":{"name":"(anonymous_59)","decl":{"start":{"line":1135,"column":22},"end":{"line":1135,"column":23}},"loc":{"start":{"line":1135,"column":42},"end":{"line":1165,"column":1}},"line":1135},"60":{"name":"(anonymous_60)","decl":{"start":{"line":1168,"column":30},"end":{"line":1168,"column":31}},"loc":{"start":{"line":1168,"column":50},"end":{"line":1188,"column":1}},"line":1168},"61":{"name":"(anonymous_61)","decl":{"start":{"line":1190,"column":22},"end":{"line":1190,"column":23}},"loc":{"start":{"line":1190,"column":36},"end":{"line":1195,"column":1}},"line":1190},"62":{"name":"(anonymous_62)","decl":{"start":{"line":1197,"column":26},"end":{"line":1197,"column":27}},"loc":{"start":{"line":1197,"column":40},"end":{"line":1208,"column":1}},"line":1197},"63":{"name":"(anonymous_63)","decl":{"start":{"line":1211,"column":27},"end":{"line":1211,"column":28}},"loc":{"start":{"line":1211,"column":41},"end":{"line":1213,"column":1}},"line":1211},"64":{"name":"(anonymous_64)","decl":{"start":{"line":1214,"column":24},"end":{"line":1214,"column":25}},"loc":{"start":{"line":1214,"column":44},"end":{"line":1222,"column":1}},"line":1214},"65":{"name":"(anonymous_65)","decl":{"start":{"line":1223,"column":27},"end":{"line":1223,"column":28}},"loc":{"start":{"line":1223,"column":47},"end":{"line":1232,"column":1}},"line":1223},"66":{"name":"(anonymous_66)","decl":{"start":{"line":1235,"column":37},"end":{"line":1235,"column":38}},"loc":{"start":{"line":1235,"column":57},"end":{"line":1246,"column":1}},"line":1235},"67":{"name":"(anonymous_67)","decl":{"start":{"line":1250,"column":28},"end":{"line":1250,"column":29}},"loc":{"start":{"line":1250,"column":40},"end":{"line":1270,"column":1}},"line":1250},"68":{"name":"(anonymous_68)","decl":{"start":{"line":1273,"column":21},"end":{"line":1273,"column":22}},"loc":{"start":{"line":1273,"column":33},"end":{"line":1277,"column":1}},"line":1273}},"branchMap":{"0":{"loc":{"start":{"line":13,"column":27},"end":{"line":13,"column":67}},"type":"binary-expr","locations":[{"start":{"line":13,"column":27},"end":{"line":13,"column":57}},{"start":{"line":13,"column":61},"end":{"line":13,"column":67}}],"line":13},"1":{"loc":{"start":{"line":15,"column":0},"end":{"line":22,"column":1}},"type":"if","locations":[{"start":{"line":15,"column":0},"end":{"line":22,"column":1}},{"start":{},"end":{}}],"line":15},"2":{"loc":{"start":{"line":19,"column":77},"end":{"line":19,"column":91}},"type":"binary-expr","locations":[{"start":{"line":19,"column":77},"end":{"line":19,"column":86}},{"start":{"line":19,"column":90},"end":{"line":19,"column":91}}],"line":19},"3":{"loc":{"start":{"line":30,"column":23},"end":{"line":30,"column":58}},"type":"binary-expr","locations":[{"start":{"line":30,"column":23},"end":{"line":30,"column":48}},{"start":{"line":30,"column":52},"end":{"line":30,"column":58}}],"line":30},"4":{"loc":{"start":{"line":31,"column":30},"end":{"line":31,"column":72}},"type":"binary-expr","locations":[{"start":{"line":31,"column":30},"end":{"line":31,"column":62}},{"start":{"line":31,"column":66},"end":{"line":31,"column":72}}],"line":31},"5":{"loc":{"start":{"line":32,"column":14},"end":{"line":32,"column":79}},"type":"cond-expr","locations":[{"start":{"line":32,"column":56},"end":{"line":32,"column":72}},{"start":{"line":32,"column":75},"end":{"line":32,"column":79}}],"line":32},"6":{"loc":{"start":{"line":32,"column":15},"end":{"line":32,"column":52}},"type":"binary-expr","locations":[{"start":{"line":32,"column":15},"end":{"line":32,"column":28}},{"start":{"line":32,"column":32},"end":{"line":32,"column":52}}],"line":32},"7":{"loc":{"start":{"line":37,"column":21},"end":{"line":37,"column":53}},"type":"binary-expr","locations":[{"start":{"line":37,"column":21},"end":{"line":37,"column":45}},{"start":{"line":37,"column":49},"end":{"line":37,"column":53}}],"line":37},"8":{"loc":{"start":{"line":44,"column":26},"end":{"line":44,"column":61}},"type":"binary-expr","locations":[{"start":{"line":44,"column":26},"end":{"line":44,"column":54}},{"start":{"line":44,"column":58},"end":{"line":44,"column":61}}],"line":44},"9":{"loc":{"start":{"line":45,"column":28},"end":{"line":45,"column":75}},"type":"binary-expr","locations":[{"start":{"line":45,"column":28},"end":{"line":45,"column":66}},{"start":{"line":45,"column":70},"end":{"line":45,"column":75}}],"line":45},"10":{"loc":{"start":{"line":46,"column":23},"end":{"line":46,"column":63}},"type":"binary-expr","locations":[{"start":{"line":46,"column":23},"end":{"line":46,"column":53}},{"start":{"line":46,"column":57},"end":{"line":46,"column":63}}],"line":46},"11":{"loc":{"start":{"line":49,"column":29},"end":{"line":49,"column":59}},"type":"binary-expr","locations":[{"start":{"line":49,"column":29},"end":{"line":49,"column":52}},{"start":{"line":49,"column":56},"end":{"line":49,"column":59}}],"line":49},"12":{"loc":{"start":{"line":62,"column":4},"end":{"line":66,"column":5}},"type":"if","locations":[{"start":{"line":62,"column":4},"end":{"line":66,"column":5}},{"start":{},"end":{}}],"line":62},"13":{"loc":{"start":{"line":67,"column":4},"end":{"line":69,"column":5}},"type":"if","locations":[{"start":{"line":67,"column":4},"end":{"line":69,"column":5}},{"start":{},"end":{}}],"line":67},"14":{"loc":{"start":{"line":76,"column":2},"end":{"line":76,"column":35}},"type":"if","locations":[{"start":{"line":76,"column":2},"end":{"line":76,"column":35}},{"start":{},"end":{}}],"line":76},"15":{"loc":{"start":{"line":76,"column":6},"end":{"line":76,"column":26}},"type":"binary-expr","locations":[{"start":{"line":76,"column":6},"end":{"line":76,"column":20}},{"start":{"line":76,"column":24},"end":{"line":76,"column":26}}],"line":76},"16":{"loc":{"start":{"line":78,"column":4},"end":{"line":87,"column":5}},"type":"if","locations":[{"start":{"line":78,"column":4},"end":{"line":87,"column":5}},{"start":{},"end":{}}],"line":78},"17":{"loc":{"start":{"line":79,"column":18},"end":{"line":79,"column":47}},"type":"binary-expr","locations":[{"start":{"line":79,"column":18},"end":{"line":79,"column":41}},{"start":{"line":79,"column":45},"end":{"line":79,"column":47}}],"line":79},"18":{"loc":{"start":{"line":88,"column":4},"end":{"line":88,"column":36}},"type":"if","locations":[{"start":{"line":88,"column":4},"end":{"line":88,"column":36}},{"start":{},"end":{}}],"line":88},"19":{"loc":{"start":{"line":101,"column":20},"end":{"line":101,"column":26}},"type":"default-arg","locations":[{"start":{"line":101,"column":24},"end":{"line":101,"column":26}}],"line":101},"20":{"loc":{"start":{"line":101,"column":30},"end":{"line":101,"column":50}},"type":"if","locations":[{"start":{"line":101,"column":30},"end":{"line":101,"column":50}},{"start":{},"end":{}}],"line":101},"21":{"loc":{"start":{"line":101,"column":58},"end":{"line":101,"column":106}},"type":"cond-expr","locations":[{"start":{"line":101,"column":75},"end":{"line":101,"column":100}},{"start":{"line":101,"column":103},"end":{"line":101,"column":106}}],"line":101},"22":{"loc":{"start":{"line":102,"column":42},"end":{"line":102,"column":58}},"type":"binary-expr","locations":[{"start":{"line":102,"column":42},"end":{"line":102,"column":52}},{"start":{"line":102,"column":56},"end":{"line":102,"column":58}}],"line":102},"23":{"loc":{"start":{"line":102,"column":67},"end":{"line":102,"column":105}},"type":"binary-expr","locations":[{"start":{"line":102,"column":67},"end":{"line":102,"column":86}},{"start":{"line":102,"column":90},"end":{"line":102,"column":105}}],"line":102},"24":{"loc":{"start":{"line":103,"column":24},"end":{"line":103,"column":39}},"type":"default-arg","locations":[{"start":{"line":103,"column":30},"end":{"line":103,"column":39}}],"line":103},"25":{"loc":{"start":{"line":104,"column":9},"end":{"line":104,"column":107}},"type":"binary-expr","locations":[{"start":{"line":104,"column":9},"end":{"line":104,"column":100}},{"start":{"line":104,"column":104},"end":{"line":104,"column":107}}],"line":104},"26":{"loc":{"start":{"line":104,"column":45},"end":{"line":104,"column":93}},"type":"cond-expr","locations":[{"start":{"line":104,"column":75},"end":{"line":104,"column":81}},{"start":{"line":104,"column":84},"end":{"line":104,"column":93}}],"line":104},"27":{"loc":{"start":{"line":104,"column":45},"end":{"line":104,"column":72}},"type":"binary-expr","locations":[{"start":{"line":104,"column":45},"end":{"line":104,"column":48}},{"start":{"line":104,"column":52},"end":{"line":104,"column":72}}],"line":104},"28":{"loc":{"start":{"line":109,"column":16},"end":{"line":109,"column":26}},"type":"binary-expr","locations":[{"start":{"line":109,"column":16},"end":{"line":109,"column":20}},{"start":{"line":109,"column":24},"end":{"line":109,"column":26}}],"line":109},"29":{"loc":{"start":{"line":109,"column":28},"end":{"line":109,"column":38}},"type":"binary-expr","locations":[{"start":{"line":109,"column":28},"end":{"line":109,"column":32}},{"start":{"line":109,"column":36},"end":{"line":109,"column":38}}],"line":109},"30":{"loc":{"start":{"line":110,"column":19},"end":{"line":110,"column":34}},"type":"binary-expr","locations":[{"start":{"line":110,"column":19},"end":{"line":110,"column":28}},{"start":{"line":110,"column":32},"end":{"line":110,"column":34}}],"line":110},"31":{"loc":{"start":{"line":110,"column":36},"end":{"line":110,"column":51}},"type":"binary-expr","locations":[{"start":{"line":110,"column":36},"end":{"line":110,"column":45}},{"start":{"line":110,"column":49},"end":{"line":110,"column":51}}],"line":110},"32":{"loc":{"start":{"line":117,"column":13},"end":{"line":117,"column":23}},"type":"binary-expr","locations":[{"start":{"line":117,"column":13},"end":{"line":117,"column":17}},{"start":{"line":117,"column":21},"end":{"line":117,"column":23}}],"line":117},"33":{"loc":{"start":{"line":118,"column":2},"end":{"line":118,"column":85}},"type":"if","locations":[{"start":{"line":118,"column":2},"end":{"line":118,"column":85}},{"start":{},"end":{}}],"line":118},"34":{"loc":{"start":{"line":120,"column":2},"end":{"line":120,"column":84}},"type":"if","locations":[{"start":{"line":120,"column":2},"end":{"line":120,"column":84}},{"start":{},"end":{}}],"line":120},"35":{"loc":{"start":{"line":121,"column":2},"end":{"line":121,"column":81}},"type":"if","locations":[{"start":{"line":121,"column":2},"end":{"line":121,"column":81}},{"start":{},"end":{}}],"line":121},"36":{"loc":{"start":{"line":122,"column":2},"end":{"line":122,"column":70}},"type":"if","locations":[{"start":{"line":122,"column":2},"end":{"line":122,"column":70}},{"start":{},"end":{}}],"line":122},"37":{"loc":{"start":{"line":123,"column":2},"end":{"line":123,"column":78}},"type":"if","locations":[{"start":{"line":123,"column":2},"end":{"line":123,"column":78}},{"start":{},"end":{}}],"line":123},"38":{"loc":{"start":{"line":124,"column":2},"end":{"line":124,"column":88}},"type":"if","locations":[{"start":{"line":124,"column":2},"end":{"line":124,"column":88}},{"start":{},"end":{}}],"line":124},"39":{"loc":{"start":{"line":125,"column":9},"end":{"line":125,"column":41}},"type":"cond-expr","locations":[{"start":{"line":125,"column":23},"end":{"line":125,"column":27}},{"start":{"line":125,"column":30},"end":{"line":125,"column":41}}],"line":125},"40":{"loc":{"start":{"line":137,"column":9},"end":{"line":137,"column":38}},"type":"binary-expr","locations":[{"start":{"line":137,"column":9},"end":{"line":137,"column":27}},{"start":{"line":137,"column":31},"end":{"line":137,"column":38}}],"line":137},"41":{"loc":{"start":{"line":140,"column":13},"end":{"line":140,"column":31}},"type":"binary-expr","locations":[{"start":{"line":140,"column":13},"end":{"line":140,"column":25}},{"start":{"line":140,"column":29},"end":{"line":140,"column":31}}],"line":140},"42":{"loc":{"start":{"line":141,"column":14},"end":{"line":141,"column":66}},"type":"cond-expr","locations":[{"start":{"line":141,"column":18},"end":{"line":141,"column":54}},{"start":{"line":141,"column":57},"end":{"line":141,"column":66}}],"line":141},"43":{"loc":{"start":{"line":149,"column":9},"end":{"line":149,"column":49}},"type":"binary-expr","locations":[{"start":{"line":149,"column":9},"end":{"line":149,"column":28}},{"start":{"line":149,"column":32},"end":{"line":149,"column":49}}],"line":149},"44":{"loc":{"start":{"line":162,"column":2},"end":{"line":162,"column":27}},"type":"if","locations":[{"start":{"line":162,"column":2},"end":{"line":162,"column":27}},{"start":{},"end":{}}],"line":162},"45":{"loc":{"start":{"line":162,"column":6},"end":{"line":162,"column":16}},"type":"binary-expr","locations":[{"start":{"line":162,"column":6},"end":{"line":162,"column":9}},{"start":{"line":162,"column":13},"end":{"line":162,"column":16}}],"line":162},"46":{"loc":{"start":{"line":170,"column":2},"end":{"line":170,"column":39}},"type":"if","locations":[{"start":{"line":170,"column":2},"end":{"line":170,"column":39}},{"start":{},"end":{}}],"line":170},"47":{"loc":{"start":{"line":179,"column":2},"end":{"line":179,"column":65}},"type":"if","locations":[{"start":{"line":179,"column":2},"end":{"line":179,"column":65}},{"start":{},"end":{}}],"line":179},"48":{"loc":{"start":{"line":179,"column":6},"end":{"line":179,"column":56}},"type":"binary-expr","locations":[{"start":{"line":179,"column":6},"end":{"line":179,"column":12}},{"start":{"line":179,"column":16},"end":{"line":179,"column":56}}],"line":179},"49":{"loc":{"start":{"line":179,"column":18},"end":{"line":179,"column":55}},"type":"binary-expr","locations":[{"start":{"line":179,"column":18},"end":{"line":179,"column":31}},{"start":{"line":179,"column":35},"end":{"line":179,"column":55}}],"line":179},"50":{"loc":{"start":{"line":182,"column":16},"end":{"line":183,"column":92}},"type":"binary-expr","locations":[{"start":{"line":182,"column":16},"end":{"line":182,"column":37}},{"start":{"line":183,"column":6},"end":{"line":183,"column":92}}],"line":182},"51":{"loc":{"start":{"line":183,"column":17},"end":{"line":183,"column":54}},"type":"binary-expr","locations":[{"start":{"line":183,"column":17},"end":{"line":183,"column":39}},{"start":{"line":183,"column":43},"end":{"line":183,"column":54}}],"line":183},"52":{"loc":{"start":{"line":183,"column":58},"end":{"line":183,"column":90}},"type":"binary-expr","locations":[{"start":{"line":183,"column":58},"end":{"line":183,"column":80}},{"start":{"line":183,"column":84},"end":{"line":183,"column":90}}],"line":183},"53":{"loc":{"start":{"line":186,"column":4},"end":{"line":188,"column":5}},"type":"if","locations":[{"start":{"line":186,"column":4},"end":{"line":188,"column":5}},{"start":{},"end":{}}],"line":186},"54":{"loc":{"start":{"line":193,"column":35},"end":{"line":193,"column":54}},"type":"binary-expr","locations":[{"start":{"line":193,"column":35},"end":{"line":193,"column":47}},{"start":{"line":193,"column":51},"end":{"line":193,"column":54}}],"line":193},"55":{"loc":{"start":{"line":206,"column":6},"end":{"line":206,"column":76}},"type":"if","locations":[{"start":{"line":206,"column":6},"end":{"line":206,"column":76}},{"start":{},"end":{}}],"line":206},"56":{"loc":{"start":{"line":212,"column":49},"end":{"line":212,"column":63}},"type":"binary-expr","locations":[{"start":{"line":212,"column":49},"end":{"line":212,"column":58}},{"start":{"line":212,"column":62},"end":{"line":212,"column":63}}],"line":212},"57":{"loc":{"start":{"line":218,"column":2},"end":{"line":218,"column":57}},"type":"if","locations":[{"start":{"line":218,"column":2},"end":{"line":218,"column":57}},{"start":{},"end":{}}],"line":218},"58":{"loc":{"start":{"line":218,"column":6},"end":{"line":218,"column":42}},"type":"binary-expr","locations":[{"start":{"line":218,"column":6},"end":{"line":218,"column":17}},{"start":{"line":218,"column":21},"end":{"line":218,"column":42}}],"line":218},"59":{"loc":{"start":{"line":244,"column":50},"end":{"line":244,"column":64}},"type":"binary-expr","locations":[{"start":{"line":244,"column":50},"end":{"line":244,"column":59}},{"start":{"line":244,"column":63},"end":{"line":244,"column":64}}],"line":244},"60":{"loc":{"start":{"line":252,"column":2},"end":{"line":252,"column":57}},"type":"if","locations":[{"start":{"line":252,"column":2},"end":{"line":252,"column":57}},{"start":{},"end":{}}],"line":252},"61":{"loc":{"start":{"line":252,"column":6},"end":{"line":252,"column":42}},"type":"binary-expr","locations":[{"start":{"line":252,"column":6},"end":{"line":252,"column":17}},{"start":{"line":252,"column":21},"end":{"line":252,"column":42}}],"line":252},"62":{"loc":{"start":{"line":257,"column":27},"end":{"line":257,"column":37}},"type":"binary-expr","locations":[{"start":{"line":257,"column":27},"end":{"line":257,"column":31}},{"start":{"line":257,"column":35},"end":{"line":257,"column":37}}],"line":257},"63":{"loc":{"start":{"line":258,"column":26},"end":{"line":258,"column":38}},"type":"binary-expr","locations":[{"start":{"line":258,"column":26},"end":{"line":258,"column":32}},{"start":{"line":258,"column":36},"end":{"line":258,"column":38}}],"line":258},"64":{"loc":{"start":{"line":263,"column":52},"end":{"line":263,"column":66}},"type":"binary-expr","locations":[{"start":{"line":263,"column":52},"end":{"line":263,"column":61}},{"start":{"line":263,"column":65},"end":{"line":263,"column":66}}],"line":263},"65":{"loc":{"start":{"line":270,"column":2},"end":{"line":270,"column":54}},"type":"if","locations":[{"start":{"line":270,"column":2},"end":{"line":270,"column":54}},{"start":{},"end":{}}],"line":270},"66":{"loc":{"start":{"line":270,"column":6},"end":{"line":270,"column":42}},"type":"binary-expr","locations":[{"start":{"line":270,"column":6},"end":{"line":270,"column":17}},{"start":{"line":270,"column":21},"end":{"line":270,"column":42}}],"line":270},"67":{"loc":{"start":{"line":275,"column":23},"end":{"line":275,"column":77}},"type":"cond-expr","locations":[{"start":{"line":275,"column":34},"end":{"line":275,"column":71}},{"start":{"line":275,"column":74},"end":{"line":275,"column":77}}],"line":275},"68":{"loc":{"start":{"line":318,"column":18},"end":{"line":318,"column":30}},"type":"binary-expr","locations":[{"start":{"line":318,"column":18},"end":{"line":318,"column":24}},{"start":{"line":318,"column":28},"end":{"line":318,"column":30}}],"line":318},"69":{"loc":{"start":{"line":319,"column":22},"end":{"line":319,"column":49}},"type":"binary-expr","locations":[{"start":{"line":319,"column":22},"end":{"line":319,"column":43}},{"start":{"line":319,"column":47},"end":{"line":319,"column":49}}],"line":319},"70":{"loc":{"start":{"line":320,"column":20},"end":{"line":320,"column":47}},"type":"binary-expr","locations":[{"start":{"line":320,"column":20},"end":{"line":320,"column":41}},{"start":{"line":320,"column":45},"end":{"line":320,"column":47}}],"line":320},"71":{"loc":{"start":{"line":323,"column":29},"end":{"line":323,"column":47}},"type":"binary-expr","locations":[{"start":{"line":323,"column":29},"end":{"line":323,"column":42}},{"start":{"line":323,"column":46},"end":{"line":323,"column":47}}],"line":323},"72":{"loc":{"start":{"line":324,"column":18},"end":{"line":324,"column":55}},"type":"cond-expr","locations":[{"start":{"line":324,"column":39},"end":{"line":324,"column":50}},{"start":{"line":324,"column":54},"end":{"line":324,"column":55}}],"line":324},"73":{"loc":{"start":{"line":331,"column":50},"end":{"line":331,"column":64}},"type":"binary-expr","locations":[{"start":{"line":331,"column":50},"end":{"line":331,"column":59}},{"start":{"line":331,"column":63},"end":{"line":331,"column":64}}],"line":331},"74":{"loc":{"start":{"line":337,"column":37},"end":{"line":337,"column":46}},"type":"default-arg","locations":[{"start":{"line":337,"column":44},"end":{"line":337,"column":46}}],"line":337},"75":{"loc":{"start":{"line":341,"column":2},"end":{"line":360,"column":3}},"type":"if","locations":[{"start":{"line":341,"column":2},"end":{"line":360,"column":3}},{"start":{"line":358,"column":9},"end":{"line":360,"column":3}}],"line":341},"76":{"loc":{"start":{"line":368,"column":12},"end":{"line":368,"column":54}},"type":"cond-expr","locations":[{"start":{"line":368,"column":29},"end":{"line":368,"column":49}},{"start":{"line":368,"column":52},"end":{"line":368,"column":54}}],"line":368},"77":{"loc":{"start":{"line":368,"column":29},"end":{"line":368,"column":49}},"type":"binary-expr","locations":[{"start":{"line":368,"column":29},"end":{"line":368,"column":43}},{"start":{"line":368,"column":47},"end":{"line":368,"column":49}}],"line":368},"78":{"loc":{"start":{"line":369,"column":12},"end":{"line":369,"column":56}},"type":"cond-expr","locations":[{"start":{"line":369,"column":30},"end":{"line":369,"column":51}},{"start":{"line":369,"column":54},"end":{"line":369,"column":56}}],"line":369},"79":{"loc":{"start":{"line":369,"column":30},"end":{"line":369,"column":51}},"type":"binary-expr","locations":[{"start":{"line":369,"column":30},"end":{"line":369,"column":45}},{"start":{"line":369,"column":49},"end":{"line":369,"column":51}}],"line":369},"80":{"loc":{"start":{"line":372,"column":17},"end":{"line":372,"column":36}},"type":"binary-expr","locations":[{"start":{"line":372,"column":17},"end":{"line":372,"column":30}},{"start":{"line":372,"column":34},"end":{"line":372,"column":36}}],"line":372},"81":{"loc":{"start":{"line":373,"column":14},"end":{"line":373,"column":32}},"type":"binary-expr","locations":[{"start":{"line":373,"column":14},"end":{"line":373,"column":24}},{"start":{"line":373,"column":28},"end":{"line":373,"column":32}}],"line":373},"82":{"loc":{"start":{"line":386,"column":15},"end":{"line":386,"column":74}},"type":"cond-expr","locations":[{"start":{"line":386,"column":44},"end":{"line":386,"column":67}},{"start":{"line":386,"column":70},"end":{"line":386,"column":74}}],"line":386},"83":{"loc":{"start":{"line":395,"column":19},"end":{"line":395,"column":63}},"type":"binary-expr","locations":[{"start":{"line":395,"column":20},"end":{"line":395,"column":56}},{"start":{"line":395,"column":61},"end":{"line":395,"column":63}}],"line":395},"84":{"loc":{"start":{"line":395,"column":20},"end":{"line":395,"column":56}},"type":"cond-expr","locations":[{"start":{"line":395,"column":32},"end":{"line":395,"column":51}},{"start":{"line":395,"column":54},"end":{"line":395,"column":56}}],"line":395},"85":{"loc":{"start":{"line":396,"column":18},"end":{"line":396,"column":69}},"type":"cond-expr","locations":[{"start":{"line":396,"column":42},"end":{"line":396,"column":64}},{"start":{"line":396,"column":67},"end":{"line":396,"column":69}}],"line":396},"86":{"loc":{"start":{"line":397,"column":4},"end":{"line":400,"column":5}},"type":"if","locations":[{"start":{"line":397,"column":4},"end":{"line":400,"column":5}},{"start":{},"end":{}}],"line":397},"87":{"loc":{"start":{"line":403,"column":20},"end":{"line":403,"column":53}},"type":"binary-expr","locations":[{"start":{"line":403,"column":20},"end":{"line":403,"column":40}},{"start":{"line":403,"column":44},"end":{"line":403,"column":53}}],"line":403},"88":{"loc":{"start":{"line":404,"column":12},"end":{"line":404,"column":30}},"type":"binary-expr","locations":[{"start":{"line":404,"column":12},"end":{"line":404,"column":24}},{"start":{"line":404,"column":28},"end":{"line":404,"column":30}}],"line":404},"89":{"loc":{"start":{"line":417,"column":14},"end":{"line":417,"column":52}},"type":"cond-expr","locations":[{"start":{"line":417,"column":29},"end":{"line":417,"column":46}},{"start":{"l
[...]
umn":88}},"36":{"start":{"line":110,"column":0},"end":{"line":114,"column":2}}},"fnMap":{"0":{"name":"parentPath","decl":{"start":{"line":24,"column":9},"end":{"line":24,"column":19}},"loc":{"start":{"line":24,"column":22},"end":{"line":29,"column":1}},"line":24},"1":{"name":"detectLanguage","decl":{"start":{"line":36,"column":15},"end":{"line":36,"column":29}},"loc":{"start":{"line":36,"column":36},"end":{"line":53,"column":1}},"line":36},"2":{"name":"translateToEn","decl":{"start":{"line":61,"column":15},"end":{"line":61,"column":28}},"loc":{"start":{"line":61,"column":50},"end":{"line":63,"column":1}},"line":61},"3":{"name":"translate","decl":{"start":{"line":72,"column":15},"end":{"line":72,"column":24}},"loc":{"start":{"line":72,"column":58},"end":{"line":108,"column":1}},"line":72}},"branchMap":{"0":{"loc":{"start":{"line":13,"column":2},"end":{"line":17,"column":4}},"type":"binary-expr","locations":[{"start":{"line":13,"column":2},"end":{"line":13,"column":34}},{"start":{"line":14,"column":2},"end":{"line":14,"column":33}},{"start":{"line":15,"column":2},"end":{"line":15,"column":30}},{"start":{"line":16,"column":2},"end":{"line":16,"column":24}},{"start":{"line":17,"column":2},"end":{"line":17,"column":4}}],"line":13},"1":{"loc":{"start":{"line":19,"column":17},"end":{"line":19,"column":90}},"type":"binary-expr","locations":[{"start":{"line":19,"column":17},"end":{"line":19,"column":47}},{"start":{"line":19,"column":51},"end":{"line":19,"column":78}},{"start":{"line":19,"column":82},"end":{"line":19,"column":90}}],"line":19},"2":{"loc":{"start":{"line":25,"column":2},"end":{"line":27,"column":3}},"type":"if","locations":[{"start":{"line":25,"column":2},"end":{"line":27,"column":3}},{"start":{},"end":{}}],"line":25},"3":{"loc":{"start":{"line":37,"column":19},"end":{"line":37,"column":29}},"type":"binary-expr","locations":[{"start":{"line":37,"column":19},"end":{"line":37,"column":23}},{"start":{"line":37,"column":27},"end":{"line":37,"column":29}}],"line":37},"4":{"loc":{"start":{"line":38,"column":2},"end":{"line":38,"column":36}},"type":"if","locations":[{"start":{"line":38,"column":2},"end":{"line":38,"column":36}},{"start":{},"end":{}}],"line":38},"5":{"loc":{"start":{"line":47,"column":17},"end":{"line":47,"column":60}},"type":"binary-expr","locations":[{"start":{"line":47,"column":17},"end":{"line":47,"column":51}},{"start":{"line":47,"column":55},"end":{"line":47,"column":60}}],"line":47},"6":{"loc":{"start":{"line":50,"column":48},"end":{"line":50,"column":62}},"type":"binary-expr","locations":[{"start":{"line":50,"column":48},"end":{"line":50,"column":57}},{"start":{"line":50,"column":61},"end":{"line":50,"column":62}}],"line":50},"7":{"loc":{"start":{"line":61,"column":35},"end":{"line":61,"column":48}},"type":"default-arg","locations":[{"start":{"line":61,"column":42},"end":{"line":61,"column":48}}],"line":61},"8":{"loc":{"start":{"line":72,"column":43},"end":{"line":72,"column":56}},"type":"default-arg","locations":[{"start":{"line":72,"column":50},"end":{"line":72,"column":56}}],"line":72},"9":{"loc":{"start":{"line":75,"column":19},"end":{"line":75,"column":29}},"type":"binary-expr","locations":[{"start":{"line":75,"column":19},"end":{"line":75,"column":23}},{"start":{"line":75,"column":27},"end":{"line":75,"column":29}}],"line":75},"10":{"loc":{"start":{"line":76,"column":18},"end":{"line":76,"column":34}},"type":"binary-expr","locations":[{"start":{"line":76,"column":18},"end":{"line":76,"column":28}},{"start":{"line":76,"column":32},"end":{"line":76,"column":34}}],"line":76},"11":{"loc":{"start":{"line":78,"column":2},"end":{"line":78,"column":67}},"type":"if","locations":[{"start":{"line":78,"column":2},"end":{"line":78,"column":67}},{"start":{},"end":{}}],"line":78},"12":{"loc":{"start":{"line":79,"column":2},"end":{"line":79,"column":71}},"type":"if","locations":[{"start":{"line":79,"column":2},"end":{"line":79,"column":71}},{"start":{},"end":{}}],"line":79},"13":{"loc":{"start":{"line":83,"column":4},"end":{"line":85,"column":5}},"type":"if","locations":[{"start":{"line":83,"column":4},"end":{"line":85,"column":5}},{"start":{},"end":{}}],"line":83},"14":{"loc":{"start":{"line":83,"column":8},"end":{"line":83,"column":64}},"type":"binary-expr","locations":[{"start":{"line":83,"column":8},"end":{"line":83,"column":12}},{"start":{"line":83,"column":16},"end":{"line":83,"column":31}},{"start":{"line":83,"column":35},"end":{"line":83,"column":64}}],"line":83},"15":{"loc":{"start":{"line":95,"column":2},"end":{"line":97,"column":3}},"type":"if","locations":[{"start":{"line":95,"column":2},"end":{"line":97,"column":3}},{"start":{},"end":{}}],"line":95},"16":{"loc":{"start":{"line":95,"column":6},"end":{"line":95,"column":29}},"type":"binary-expr","locations":[{"start":{"line":95,"column":6},"end":{"line":95,"column":10}},{"start":{"line":95,"column":14},"end":{"line":95,"column":29}}],"line":95},"17":{"loc":{"start":{"line":101,"column":16},"end":{"line":101,"column":66}},"type":"binary-expr","locations":[{"start":{"line":101,"column":16},"end":{"line":101,"column":55}},{"start":{"line":101,"column":59},"end":{"line":101,"column":66}}],"line":101},"18":{"loc":{"start":{"line":105,"column":43},"end":{"line":105,"column":57}},"type":"binary-expr","locations":[{"start":{"line":105,"column":43},"end":{"line":105,"column":52}},{"start":{"line":105,"column":56},"end":{"line":105,"column":57}}],"line":105}},"s":{"0":0,"1":0,"2":0,"3":0,"4":0,"5":0,"6":0,"7":0,"8":0,"9":0,"10":0,"11":0,"12":0,"13":0,"14":0,"15":0,"16":0,"17":0,"18":0,"19":0,"20":0,"21":0,"22":0,"23":0,"24":0,"25":0,"26":0,"27":0,"28":0,"29":0,"30":0,"31":0,"32":0,"33":0,"34":0,"35":0,"36":0},"f":{"0":0,"1":0,"2":0,"3":0},"b":{"0":[0,0,0,0,0],"1":[0,0,0],"2":[0,0],"3":[0,0],"4":[0,0],"5":[0,0],"6":[0,0],"7":[0],"8":[0],"9":[0,0],"10":[0,0],"11":[0,0],"12":[0,0],"13":[0,0],"14":[0,0,0],"15":[0,0],"16":[0,0],"17":[0,0],"18":[0,0]}}
,"C:\\prod\\magic-worker\\worker\\translators\\index.js": {"path":"C:\\prod\\magic-worker\\worker\\translators\\index.js","statementMap":{"0":{"start":{"line":4,"column":17},"end":{"line":4,"column":73}},"1":{"start":{"line":5,"column":26},"end":{"line":5,"column":67}},"2":{"start":{"line":6,"column":27},"end":{"line":6,"column":86}},"3":{"start":{"line":8,"column":0},"end":{"line":8,"column":56}},"4":{"start":{"line":9,"column":0},"end":{"line":11,"column":2}},"5":{"start":{"line":14,"column":23},"end":{"line":16,"column":32}},"6":{"start":{"line":19,"column":23},"end":{"line":19,"column":73}},"7":{"start":{"line":22,"column":12},"end":{"line":26,"column":1}},"8":{"start":{"line":30,"column":0},"end":{"line":47,"column":6}},"9":{"start":{"line":33,"column":21},"end":{"line":33,"column":63}},"10":{"start":{"line":34,"column":6},"end":{"line":34,"column":74}},"11":{"start":{"line":34,"column":19},"end":{"line":34,"column":74}},"12":{"start":{"line":35,"column":6},"end":{"line":38,"column":7}},"13":{"start":{"line":37,"column":8},"end":{"line":37,"column":56}},"14":{"start":{"line":40,"column":6},"end":{"line":46,"column":8}},"15":{"start":{"line":50,"column":0},"end":{"line":96,"column":2}},"16":{"start":{"line":51,"column":2},"end":{"line":51,"column":88}},"17":{"start":{"line":54,"column":2},"end":{"line":56,"column":3}},"18":{"start":{"line":55,"column":4},"end":{"line":55,"column":16}},"19":{"start":{"line":58,"column":2},"end":{"line":95,"column":3}},"20":{"start":{"line":60,"column":4},"end":{"line":63,"column":5}},"21":{"start":{"line":61,"column":21},"end":{"line":61,"column":64}},"22":{"start":{"line":62,"column":6},"end":{"line":62,"column":33}},"23":{"start":{"line":67,"column":41},"end":{"line":67,"column":78}},"24":{"start":{"line":68,"column":19},"end":{"line":68,"column":49}},"25":{"start":{"line":70,"column":22},"end":{"line":70,"column":89}},"26":{"start":{"line":71,"column":21},"end":{"line":71,"column":63}},"27":{"start":{"line":73,"column":20},"end":{"line":78,"column":5}},"28":{"start":{"line":80,"column":23},"end":{"line":80,"column":58}},"29":{"start":{"line":81,"column":4},"end":{"line":81,"column":51}},"30":{"start":{"line":84,"column":4},"end":{"line":84,"column":75}},"31":{"start":{"line":87,"column":4},"end":{"line":94,"column":5}},"32":{"start":{"line":88,"column":6},"end":{"line":88,"column":55}},"33":{"start":{"line":89,"column":21},"end":{"line":89,"column":69}},"34":{"start":{"line":90,"column":6},"end":{"line":90,"column":25}},"35":{"start":{"line":92,"column":6},"end":{"line":92,"column":81}},"36":{"start":{"line":93,"column":6},"end":{"line":93,"column":18}},"37":{"start":{"line":99,"column":0},"end":{"line":101,"column":2}},"38":{"start":{"line":100,"column":2},"end":{"line":100,"column":70}},"39":{"start":{"line":104,"column":0},"end":{"line":119,"column":2}},"40":{"start":{"line":105,"column":2},"end":{"line":118,"column":3}},"41":{"start":{"line":106,"column":23},"end":{"line":106,"column":72}},"42":{"start":{"line":107,"column":4},"end":{"line":111,"column":6}},"43":{"start":{"line":113,"column":4},"end":{"line":117,"column":6}},"44":{"start":{"line":122,"column":0},"end":{"line":142,"column":1}},"45":{"start":{"line":123,"column":2},"end":{"line":123,"column":49}},"46":{"start":{"line":124,"column":2},"end":{"line":124,"column":61}},"47":{"start":{"line":125,"column":2},"end":{"line":125,"column":49}},"48":{"start":{"line":126,"column":2},"end":{"line":126,"column":57}},"49":{"start":{"line":128,"column":2},"end":{"line":131,"column":4}},"50":{"start":{"line":129,"column":4},"end":{"line":129,"column":67}},"51":{"start":{"line":130,"column":4},"end":{"line":130,"column":14}},"52":{"start":{"line":132,"column":2},"end":{"line":135,"column":4}},"53":{"start":{"line":133,"column":4},"end":{"line":133,"column":70}},"54":{"start":{"line":134,"column":4},"end":{"line":134,"column":13}},"55":{"start":{"line":136,"column":2},"end":{"line":139,"column":4}},"56":{"start":{"line":137,"column":4},"end":{"line":137,"column":71}},"57":{"start":{"line":138,"column":4},"end":{"line":138,"column":21}},"58":{"start":{"line":140,"column":2},"end":{"line":140,"column":33}},"59":{"start":{"line":140,"column":31},"end":{"line":140,"column":32}},"60":{"start":{"line":141,"column":2},"end":{"line":141,"column":64}},"61":{"start":{"line":144,"column":0},"end":{"line":144,"column":21}}},"fnMap":{"0":{"name":"(anonymous_0)","decl":{"start":{"line":32,"column":4},"end":{"line":32,"column":5}},"loc":{"start":{"line":32,"column":39},"end":{"line":47,"column":5}},"line":32},"1":{"name":"(anonymous_1)","decl":{"start":{"line":50,"column":22},"end":{"line":50,"column":23}},"loc":{"start":{"line":50,"column":50},"end":{"line":96,"column":1}},"line":50},"2":{"name":"(anonymous_2)","decl":{"start":{"line":99,"column":28},"end":{"line":99,"column":29}},"loc":{"start":{"line":99,"column":34},"end":{"line":101,"column":1}},"line":99},"3":{"name":"(anonymous_3)","decl":{"start":{"line":104,"column":18},"end":{"line":104,"column":19}},"loc":{"start":{"line":104,"column":30},"end":{"line":119,"column":1}},"line":104},"4":{"name":"(anonymous_4)","decl":{"start":{"line":128,"column":21},"end":{"line":128,"column":22}},"loc":{"start":{"line":128,"column":33},"end":{"line":131,"column":3}},"line":128},"5":{"name":"(anonymous_5)","decl":{"start":{"line":132,"column":27},"end":{"line":132,"column":28}},"loc":{"start":{"line":132,"column":39},"end":{"line":135,"column":3}},"line":132},"6":{"name":"(anonymous_6)","decl":{"start":{"line":136,"column":21},"end":{"line":136,"column":22}},"loc":{"start":{"line":136,"column":37},"end":{"line":139,"column":3}},"line":136},"7":{"name":"(anonymous_7)","decl":{"start":{"line":140,"column":25},"end":{"line":140,"column":26}},"loc":{"start":{"line":140,"column":31},"end":{"line":140,"column":32}},"line":140}},"branchMap":{"0":{"loc":{"start":{"line":4,"column":18},"end":{"line":4,"column":58}},"type":"binary-expr","locations":[{"start":{"line":4,"column":18},"end":{"line":4,"column":49}},{"start":{"line":4,"column":53},"end":{"line":4,"column":58}}],"line":4},"1":{"loc":{"start":{"line":6,"column":28},"end":{"line":6,"column":71}},"type":"binary-expr","locations":[{"start":{"line":6,"column":28},"end":{"line":6,"column":59}},{"start":{"line":6,"column":63},"end":{"line":6,"column":71}}],"line":6},"2":{"loc":{"start":{"line":10,"column":20},"end":{"line":10,"column":100}},"type":"cond-expr","locations":[{"start":{"line":10,"column":40},"end":{"line":10,"column":87}},{"start":{"line":10,"column":90},"end":{"line":10,"column":100}}],"line":10},"3":{"loc":{"start":{"line":14,"column":23},"end":{"line":16,"column":32}},"type":"cond-expr","locations":[{"start":{"line":15,"column":4},"end":{"line":15,"column":23}},{"start":{"line":16,"column":4},"end":{"line":16,"column":32}}],"line":14},"4":{"loc":{"start":{"line":19,"column":23},"end":{"line":19,"column":73}},"type":"cond-expr","locations":[{"start":{"line":19,"column":43},"end":{"line":19,"column":66}},{"start":{"line":19,"column":69},"end":{"line":19,"column":73}}],"line":19},"5":{"loc":{"start":{"line":30,"column":16},"end":{"line":47,"column":5}},"type":"cond-expr","locations":[{"start":{"line":31,"column":4},"end":{"line":31,"column":28}},{"start":{"line":32,"column":4},"end":{"line":47,"column":5}}],"line":30},"6":{"loc":{"start":{"line":32,"column":21},"end":{"line":32,"column":34}},"type":"default-arg","locations":[{"start":{"line":32,"column":28},"end":{"line":32,"column":34}}],"line":32},"7":{"loc":{"start":{"line":33,"column":22},"end":{"line":33,"column":30}},"type":"binary-expr","locations":[{"start":{"line":33,"column":22},"end":{"line":33,"column":24}},{"start":{"line":33,"column":28},"end":{"line":33,"column":30}}],"line":33},"8":{"loc":{"start":{"line":34,"column":6},"end":{"line":34,"column":74}},"type":"if","locations":[{"start":{"line":34,"column":6},"end":{"line":34,"column":74}},{"start":{},"end":{}}],"line":34},"9":{"loc":{"start":{"line":35,"column":6},"end":{"line":38,"column":7}},"type":"if","locations":[{"start":{"line":35,"column":6},"end":{"line":38,"column":7}},{"start":{},"end":{}}],"line":35},"10":{"loc":{"start":{"line":41,"column":15},"end":{"line":41,"column":25}},"type":"binary-expr","locations":[{"start":{"line":41,"column":15},"end":{"line":41,"column":19}},{"start":{"line":41,"column":23},"end":{"line":41,"column":25}}],"line":41},"11":{"loc":{"start":{"line":54,"column":2},"end":{"line":56,"column":3}},"type":"if","locations":[{"start":{"line":54,"column":2},"end":{"line":56,"column":3}},{"start":{},"end":{}}],"line":54},"12":{"loc":{"start":{"line":60,"column":4},"end":{"line":63,"column":5}},"type":"if","locations":[{"start":{"line":60,"column":4},"end":{"line":63,"column":5}},{"start":{},"end":{}}],"line":60},"13":{"loc":{"start":{"line":62,"column":13},"end":{"line":62,"column":32}},"type":"binary-expr","locations":[{"start":{"line":62,"column":13},"end":{"line":62,"column":24}},{"start":{"line":62,"column":28},"end":{"line":62,"column":32}}],"line":62},"14":{"loc":{"start":{"line":70,"column":22},"end":{"line":70,"column":89}},"type":"binary-expr","locations":[{"start":{"line":70,"column":22},"end":{"line":70,"column":54}},{"start":{"line":70,"column":58},"end":{"line":70,"column":89}}],"line":70},"15":{"loc":{"start":{"line":71,"column":21},"end":{"line":71,"column":63}},"type":"binary-expr","locations":[{"start":{"line":71,"column":21},"end":{"line":71,"column":51}},{"start":{"line":71,"column":55},"end":{"line":71,"column":63}}],"line":71},"16":{"loc":{"start":{"line":122,"column":0},"end":{"line":142,"column":1}},"type":"if","locations":[{"start":{"line":122,"column":0},"end":{"line":142,"column":1}},{"start":{"line":127,"column":7},"end":{"line":142,"column":1}}],"line":122},"17":{"loc":{"start":{"line":122,"column":4},"end":{"line":122,"column":39}},"type":"binary-expr","locations":[{"start":{"line":122,"column":4},"end":{"line":122,"column":21}},{"start":{"line":122,"column":25},"end":{"line":122,"column":39}}],"line":122}},"s":{"0":0,"1":0,"2":0,"3":0,"4":0,"5":0,"6":0,"7":0,"8":0,"9":0,"10":0,"11":0,"12":0,"13":0,"14":0,"15":0,"16":0,"17":0,"18":0,"19":0,"20":0,"21":0,"22":0,"23":0,"24":0,"25":0,"26":0,"27":0,"28":0,"29":0,"30":0,"31":0,"32":0,"33":0,"34":0,"35":0,"36":0,"37":0,"38":0,"39":0,"40":0,"41":0,"42":0,"43":0,"44":0,"45":0,"46":0,"47":0,"48":0,"49":0,"50":0,"51":0,"52":0,"53":0,"54":0,"55":0,"56":0,"57":0,"58":0,"59":0,"60":0,"61":0},"f":{"0":0,"1":0,"2":0,"3":0,"4":0,"5":0,"6":0,"7":0},"b":{"0":[0,0],"1":[0,0],"2":[0,0],"3":[0,0],"4":[0,0],"5":[0,0],"6":[0],"7":[0,0],"8":[0,0],"9":[0,0],"10":[0,0],"11":[0,0],"12":[0,0],"13":[0,0],"14":[0,0],"15":[0,0],"16":[0,0],"17":[0,0]}}
,"C:\\prod\\magic-worker\\worker\\translators\\vertex.js": {"path":"C:\\prod\\magic-worker\\worker\\translators\\vertex.js","statementMap":{"0":{"start":{"line":2,"column":21},"end":{"line":2,"column":54}},"1":{"start":{"line":5,"column":16},"end":{"line":5,"column":83}},"2":{"start":{"line":6,"column":17},"end":{"line":6,"column":61}},"3":{"start":{"line":7,"column":17},"end":{"line":7,"column":52}},"4":{"start":{"line":8,"column":14},"end":{"line":8,"column":72}},"5":{"start":{"line":12,"column":15},"end":{"line":12,"column":121}},"6":{"start":{"line":13,"column":12},"end":{"line":13,"column":47}},"7":{"start":{"line":14,"column":12},"end":{"line":14,"column":86}},"8":{"start":{"line":15,"column":0},"end":{"line":15,"column":36}},"9":{"start":{"line":20,"column":17},"end":{"line":20,"column":107}},"10":{"start":{"line":21,"column":15},"end":{"line":21,"column":142}},"11":{"start":{"line":22,"column":11},"end":{"line":22,"column":21}},"12":{"start":{"line":23,"column":12},"end":{"line":23,"column":47}},"13":{"start":{"line":24,"column":11},"end":{"line":24,"column":26}},"14":{"start":{"line":25,"column":12},"end":{"line":25,"column":75}},"15":{"start":{"line":26,"column":0},"end":{"line":26,"column":52}},"16":{"start":{"line":30,"column":0},"end":{"line":30,"column":51}}},"fnMap":{"0":{"name":"detectLanguage","decl":{"start":{"line":11,"column":15},"end":{"line":11,"column":29}},"loc":{"start":{"line":11,"column":36},"end":{"line":16,"column":1}},"line":11},"1":{"name":"translateToEn","decl":{"start":{"line":19,"column":15},"end":{"line":19,"column":28}},"loc":{"start":{"line":19,"column":47},"end":{"line":27,"column":1}},"line":19}},"branchMap":{"0":{"loc":{"start":{"line":5,"column":16},"end":{"line":5,"column":83}},"type":"binary-expr","locations":[{"start":{"line":5,"column":16},"end":{"line":5,"column":47}},{"start":{"line":5,"column":51},"end":{"line":5,"column":83}}],"line":5},"1":{"loc":{"start":{"line":6,"column":17},"end":{"line":6,"column":61}},"type":"binary-expr","locations":[{"start":{"line":6,"column":17},"end":{"line":6,"column":44}},{"start":{"line":6,"column":48},"end":{"line":6,"column":61}}],"line":6},"2":{"loc":{"start":{"line":14,"column":12},"end":{"line":14,"column":86}},"type":"binary-expr","locations":[{"start":{"line":14,"column":12},"end":{"line":14,"column":77}},{"start":{"line":14,"column":81},"end":{"line":14,"column":86}}],"line":14},"3":{"loc":{"start":{"line":20,"column":17},"end":{"line":20,"column":107}},"type":"cond-expr","locations":[{"start":{"line":20,"column":55},"end":{"line":20,"column":75}},{"start":{"line":20,"column":78},"end":{"line":20,"column":107}}],"line":20},"4":{"loc":{"start":{"line":20,"column":17},"end":{"line":20,"column":52}},"type":"binary-expr","locations":[{"start":{"line":20,"column":17},"end":{"line":20,"column":27}},{"start":{"line":20,"column":31},"end":{"line":20,"column":52}}],"line":20},"5":{"loc":{"start":{"line":25,"column":12},"end":{"line":25,"column":75}},"type":"binary-expr","locations":[{"start":{"line":25,"column":12},"end":{"line":25,"column":69}},{"start":{"line":25,"column":73},"end":{"line":25,"column":75}}],"line":25}},"s":{"0":0,"1":0,"2":0,"3":0,"4":0,"5":0,"6":0,"7":0,"8":0,"9":0,"10":0,"11":0,"12":0,"13":0,"14":0,"15":0,"16":0},"f":{"0":0,"1":0},"b":{"0":[0,0],"1":[0,0],"2":[0,0],"3":[0,0],"4":[0,0],"5":[0,0]}}
}
