TN:
SF:.eslintrc.js
FNF:0
FNH:0
DA:1,0
LF:1
LH:0
BRF:0
BRH:0
end_of_record
TN:
SF:Redis_index.js
FN:59,tryLoadFromConfigModule
FN:75,tryInitAdminFallback
FN:100,nowIso
FN:101,short
FN:102,docWasProcessed
FN:103,get
FN:104,(anonymous_6)
FN:108,pairKey
FN:116,detectCategories
FN:127,getMagicType
FN:139,generateMatchText
FN:155,cosine
FN:165,float32ToBase64
FN:169,base64ToFloat32
FN:178,initRedis
FN:191,(anonymous_15)
FN:195,(anonymous_16)
FN:217,ensureRedisIndex
FN:251,redisUpsertIntentVector
FN:269,redisVectorSearchTopK
FN:337,ensurePrivateDoc
FN:363,getUserSafeSnapshot
FN:392,sendPushToUser
FN:414,readPublicMeta
FN:452,ensureNormalized
FN:504,ensureEmbedded
FN:535,selectCounterpartsForIntent
FN:554,(anonymous_27)
FN:581,(anonymous_28)
FN:593,(anonymous_29)
FN:611,(anonymous_30)
FN:625,(anonymous_31)
FN:630,(anonymous_32)
FN:637,processGenericDoc
FN:651,(anonymous_34)
FN:703,(anonymous_35)
FN:704,(anonymous_36)
FN:722,(anonymous_37)
FN:795,(anonymous_38)
FN:849,setupListener
FN:854,(anonymous_40)
FN:856,(anonymous_41)
FN:862,(anonymous_42)
FN:868,(anonymous_43)
FN:874,setupFirestoreListeners
FN:887,setupUsersWatcher
FN:890,(anonymous_46)
FN:891,(anonymous_47)
FN:921,(anonymous_48)
FN:936,(anonymous_49)
FN:943,setupContactRequestsWatcher
FN:945,(anonymous_51)
FN:1018,(anonymous_52)
FN:1037,(anonymous_53)
FN:1041,(anonymous_54)
FN:1072,(anonymous_55)
FN:1082,(anonymous_56)
FN:1110,(anonymous_57)
FN:1111,(anonymous_58)
FN:1135,(anonymous_59)
FN:1168,(anonymous_60)
FN:1190,(anonymous_61)
FN:1197,(anonymous_62)
FN:1211,(anonymous_63)
FN:1214,(anonymous_64)
FN:1223,(anonymous_65)
FN:1235,(anonymous_66)
FN:1250,(anonymous_67)
FN:1273,(anonymous_68)
FNF:69
FNH:0
FNDA:0,tryLoadFromConfigModule
FNDA:0,tryInitAdminFallback
FNDA:0,nowIso
FNDA:0,short
FNDA:0,docWasProcessed
FNDA:0,get
FNDA:0,(anonymous_6)
FNDA:0,pairKey
FNDA:0,detectCategories
FNDA:0,getMagicType
FNDA:0,generateMatchText
FNDA:0,cosine
FNDA:0,float32ToBase64
FNDA:0,base64ToFloat32
FNDA:0,initRedis
FNDA:0,(anonymous_15)
FNDA:0,(anonymous_16)
FNDA:0,ensureRedisIndex
FNDA:0,redisUpsertIntentVector
FNDA:0,redisVectorSearchTopK
FNDA:0,ensurePrivateDoc
FNDA:0,getUserSafeSnapshot
FNDA:0,sendPushToUser
FNDA:0,readPublicMeta
FNDA:0,ensureNormalized
FNDA:0,ensureEmbedded
FNDA:0,selectCounterpartsForIntent
FNDA:0,(anonymous_27)
FNDA:0,(anonymous_28)
FNDA:0,(anonymous_29)
FNDA:0,(anonymous_30)
FNDA:0,(anonymous_31)
FNDA:0,(anonymous_32)
FNDA:0,processGenericDoc
FNDA:0,(anonymous_34)
FNDA:0,(anonymous_35)
FNDA:0,(anonymous_36)
FNDA:0,(anonymous_37)
FNDA:0,(anonymous_38)
FNDA:0,setupListener
FNDA:0,(anonymous_40)
FNDA:0,(anonymous_41)
FNDA:0,(anonymous_42)
FNDA:0,(anonymous_43)
FNDA:0,setupFirestoreListeners
FNDA:0,setupUsersWatcher
FNDA:0,(anonymous_46)
FNDA:0,(anonymous_47)
FNDA:0,(anonymous_48)
FNDA:0,(anonymous_49)
FNDA:0,setupContactRequestsWatcher
FNDA:0,(anonymous_51)
FNDA:0,(anonymous_52)
FNDA:0,(anonymous_53)
FNDA:0,(anonymous_54)
FNDA:0,(anonymous_55)
FNDA:0,(anonymous_56)
FNDA:0,(anonymous_57)
FNDA:0,(anonymous_58)
FNDA:0,(anonymous_59)
FNDA:0,(anonymous_60)
FNDA:0,(anonymous_61)
FNDA:0,(anonymous_62)
FNDA:0,(anonymous_63)
FNDA:0,(anonymous_64)
FNDA:0,(anonymous_65)
FNDA:0,(anonymous_66)
FNDA:0,(anonymous_67)
FNDA:0,(anonymous_68)
DA:3,0
DA:4,0
DA:5,0
DA:6,0
DA:7,0
DA:10,0
DA:13,0
DA:14,0
DA:15,0
DA:16,0
DA:17,0
DA:19,0
DA:20,0
DA:25,0
DA:26,0
DA:27,0
DA:30,0
DA:31,0
DA:32,0
DA:34,0
DA:35,0
DA:36,0
DA:37,0
DA:38,0
DA:39,0
DA:40,0
DA:41,0
DA:44,0
DA:45,0
DA:46,0
DA:49,0
DA:51,0
DA:52,0
DA:53,0
DA:56,0
DA:57,0
DA:60,0
DA:61,0
DA:62,0
DA:63,0
DA:64,0
DA:65,0
DA:67,0
DA:68,0
DA:71,0
DA:76,0
DA:77,0
DA:78,0
DA:79,0
DA:80,0
DA:88,0
DA:89,0
DA:90,0
DA:92,0
DA:96,0
DA:97,0
DA:100,0
DA:101,0
DA:102,0
DA:104,0
DA:109,0
DA:110,0
DA:111,0
DA:112,0
DA:117,0
DA:118,0
DA:119,0
DA:120,0
DA:121,0
DA:122,0
DA:123,0
DA:124,0
DA:125,0
DA:128,0
DA:137,0
DA:140,0
DA:141,0
DA:142,0
DA:149,0
DA:156,0
DA:157,0
DA:158,0
DA:159,0
DA:160,0
DA:162,0
DA:163,0
DA:166,0
DA:167,0
DA:170,0
DA:171,0
DA:172,0
DA:179,0
DA:180,0
DA:182,0
DA:185,0
DA:186,0
DA:187,0
DA:189,0
DA:191,0
DA:192,0
DA:193,0
DA:195,0
DA:196,0
DA:197,0
DA:200,0
DA:203,0
DA:204,0
DA:205,0
DA:206,0
DA:208,0
DA:209,0
DA:212,0
DA:218,0
DA:219,0
DA:221,0
DA:222,0
DA:225,0
DA:235,0
DA:236,0
DA:241,0
DA:242,0
DA:244,0
DA:245,0
DA:252,0
DA:253,0
DA:254,0
DA:255,0
DA:256,0
DA:261,0
DA:263,0
DA:264,0
DA:270,0
DA:271,0
DA:272,0
DA:275,0
DA:278,0
DA:279,0
DA:293,0
DA:294,0
DA:297,0
DA:310,0
DA:311,0
DA:312,0
DA:313,0
DA:314,0
DA:315,0
DA:316,0
DA:318,0
DA:319,0
DA:320,0
DA:323,0
DA:324,0
DA:326,0
DA:327,0
DA:329,0
DA:331,0
DA:332,0
DA:338,0
DA:339,0
DA:340,0
DA:341,0
DA:342,0
DA:351,0
DA:357,0
DA:359,0
DA:364,0
DA:368,0
DA:369,0
DA:371,0
DA:393,0
DA:394,0
DA:395,0
DA:396,0
DA:397,0
DA:398,0
DA:399,0
DA:401,0
DA:406,0
DA:407,0
DA:409,0
DA:415,0
DA:416,0
DA:417,0
DA:418,0
DA:419,0
DA:421,0
DA:422,0
DA:423,0
DA:424,0
DA:426,0
DA:427,0
DA:428,0
DA:429,0
DA:430,0
DA:432,0
DA:445,0
DA:453,0
DA:454,0
DA:456,0
DA:457,0
DA:458,0
DA:460,0
DA:461,0
DA:462,0
DA:464,0
DA:465,0
DA:468,0
DA:469,0
DA:470,0
DA:471,0
DA:473,0
DA:474,0
DA:475,0
DA:476,0
DA:477,0
DA:478,0
DA:479,0
DA:481,0
DA:482,0
DA:483,0
DA:487,0
DA:505,0
DA:507,0
DA:508,0
DA:509,0
DA:510,0
DA:512,0
DA:513,0
DA:515,0
DA:516,0
DA:517,0
DA:518,0
DA:524,0
DA:525,0
DA:527,0
DA:528,0
DA:537,0
DA:538,0
DA:539,0
DA:540,0
DA:541,0
DA:542,0
DA:545,0
DA:546,0
DA:547,0
DA:548,0
DA:551,0
DA:553,0
DA:554,0
DA:558,0
DA:560,0
DA:562,0
DA:568,0
DA:569,0
DA:570,0
DA:576,0
DA:577,0
DA:579,0
DA:580,0
DA:581,0
DA:582,0
DA:583,0
DA:584,0
DA:585,0
DA:586,0
DA:587,0
DA:588,0
DA:589,0
DA:590,0
DA:593,0
DA:594,0
DA:596,0
DA:602,0
DA:603,0
DA:604,0
DA:610,0
DA:611,0
DA:612,0
DA:613,0
DA:614,0
DA:615,0
DA:618,0
DA:623,0
DA:624,0
DA:625,0
DA:626,0
DA:630,0
DA:631,0
DA:638,0
DA:639,0
DA:641,0
DA:642,0
DA:644,0
DA:651,0
DA:653,0
DA:654,0
DA:655,0
DA:660,0
DA:661,0
DA:664,0
DA:665,0
DA:666,0
DA:667,0
DA:671,0
DA:672,0
DA:673,0
DA:674,0
DA:676,0
DA:677,0
DA:678,0
DA:679,0
DA:680,0
DA:682,0
DA:688,0
DA:692,0
DA:694,0
DA:695,0
DA:696,0
DA:699,0
DA:700,0
DA:701,0
DA:703,0
DA:704,0
DA:712,0
DA:713,0
DA:714,0
DA:716,0
DA:717,0
DA:719,0
DA:720,0
DA:722,0
DA:723,0
DA:724,0
DA:726,0
DA:731,0
DA:763,0
DA:764,0
DA:767,0
DA:770,0
DA:778,0
DA:780,0
DA:781,0
DA:782,0
DA:786,0
DA:787,0
DA:793,0
DA:794,0
DA:796,0
DA:807,0
DA:811,0
DA:812,0
DA:816,0
DA:817,0
DA:818,0
DA:819,0
DA:820,0
DA:821,0
DA:822,0
DA:833,0
DA:836,0
DA:844,0
DA:845,0
DA:850,0
DA:851,0
DA:855,0
DA:856,0
DA:857,0
DA:858,0
DA:859,0
DA:860,0
DA:861,0
DA:862,0
DA:863,0
DA:869,0
DA:875,0
DA:876,0
DA:877,0
DA:879,0
DA:880,0
DA:881,0
DA:882,0
DA:883,0
DA:888,0
DA:889,0
DA:891,0
DA:892,0
DA:893,0
DA:894,0
DA:895,0
DA:897,0
DA:898,0
DA:899,0
DA:900,0
DA:902,0
DA:903,0
DA:905,0
DA:907,0
DA:908,0
DA:909,0
DA:910,0
DA:912,0
DA:914,0
DA:916,0
DA:920,0
DA:921,0
DA:927,0
DA:930,0
DA:932,0
DA:937,0
DA:944,0
DA:945,0
DA:946,0
DA:947,0
DA:948,0
DA:949,0
DA:950,0
DA:951,0
DA:952,0
DA:954,0
DA:955,0
DA:956,0
DA:960,0
DA:965,0
DA:968,0
DA:970,0
DA:971,0
DA:972,0
DA:973,0
DA:975,0
DA:976,0
DA:977,0
DA:978,0
DA:979,0
DA:981,0
DA:982,0
DA:983,0
DA:984,0
DA:985,0
DA:986,0
DA:987,0
DA:988,0
DA:989,0
DA:990,0
DA:994,0
DA:997,0
DA:998,0
DA:1008,0
DA:1013,0
DA:1018,0
DA:1023,0
DA:1025,0
DA:1029,0
DA:1030,0
DA:1034,0
DA:1037,0
DA:1041,0
DA:1042,0
DA:1072,0
DA:1073,0
DA:1082,0
DA:1083,0
DA:1084,0
DA:1085,0
DA:1087,0
DA:1088,0
DA:1089,0
DA:1090,0
DA:1091,0
DA:1092,0
DA:1093,0
DA:1094,0
DA:1096,0
DA:1097,0
DA:1098,0
DA:1099,0
DA:1101,0
DA:1102,0
DA:1103,0
DA:1105,0
DA:1106,0
DA:1108,0
DA:1109,0
DA:1110,0
DA:1111,0
DA:1113,0
DA:1114,0
DA:1115,0
DA:1116,0
DA:1120,0
DA:1121,0
DA:1122,0
DA:1123,0
DA:1127,0
DA:1129,0
DA:1130,0
DA:1135,0
DA:1136,0
DA:1137,0
DA:1138,0
DA:1140,0
DA:1142,0
DA:1143,0
DA:1146,0
DA:1157,0
DA:1158,0
DA:1160,0
DA:1162,0
DA:1163,0
DA:1168,0
DA:1169,0
DA:1170,0
DA:1171,0
DA:1173,0
DA:1175,0
DA:1176,0
DA:1179,0
DA:1180,0
DA:1181,0
DA:1183,0
DA:1185,0
DA:1186,0
DA:1190,0
DA:1191,0
DA:1197,0
DA:1198,0
DA:1211,0
DA:1212,0
DA:1214,0
DA:1215,0
DA:1216,0
DA:1217,0
DA:1218,0
DA:1220,0
DA:1223,0
DA:1224,0
DA:1225,0
DA:1226,0
DA:1227,0
DA:1228,0
DA:1230,0
DA:1235,0
DA:1236,0
DA:1237,0
DA:1238,0
DA:1240,0
DA:1241,0
DA:1242,0
DA:1244,0
DA:1248,0
DA:1250,0
DA:1251,0
DA:1267,0
DA:1269,0
DA:1273,0
DA:1274,0
DA:1275,0
DA:1276,0
LF:557
LH:0
BRDA:13,0,0,0
BRDA:13,0,1,0
BRDA:15,1,0,0
BRDA:15,1,1,0
BRDA:19,2,0,0
BRDA:19,2,1,0
BRDA:30,3,0,0
BRDA:30,3,1,0
BRDA:31,4,0,0
BRDA:31,4,1,0
BRDA:32,5,0,0
BRDA:32,5,1,0
BRDA:32,6,0,0
BRDA:32,6,1,0
BRDA:37,7,0,0
BRDA:37,7,1,0
BRDA:44,8,0,0
BRDA:44,8,1,0
BRDA:45,9,0,0
BRDA:45,9,1,0
BRDA:46,10,0,0
BRDA:46,10,1,0
BRDA:49,11,0,0
BRDA:49,11,1,0
BRDA:62,12,0,0
BRDA:62,12,1,0
BRDA:67,13,0,0
BRDA:67,13,1,0
BRDA:76,14,0,0
BRDA:76,14,1,0
BRDA:76,15,0,0
BRDA:76,15,1,0
BRDA:78,16,0,0
BRDA:78,16,1,0
BRDA:79,17,0,0
BRDA:79,17,1,0
BRDA:88,18,0,0
BRDA:88,18,1,0
BRDA:101,19,0,0
BRDA:101,20,0,0
BRDA:101,20,1,0
BRDA:101,21,0,0
BRDA:101,21,1,0
BRDA:102,22,0,0
BRDA:102,22,1,0
BRDA:102,23,0,0
BRDA:102,23,1,0
BRDA:103,24,0,0
BRDA:104,25,0,0
BRDA:104,25,1,0
BRDA:104,26,0,0
BRDA:104,26,1,0
BRDA:104,27,0,0
BRDA:104,27,1,0
BRDA:109,28,0,0
BRDA:109,28,1,0
BRDA:109,29,0,0
BRDA:109,29,1,0
BRDA:110,30,0,0
BRDA:110,30,1,0
BRDA:110,31,0,0
BRDA:110,31,1,0
BRDA:117,32,0,0
BRDA:117,32,1,0
BRDA:118,33,0,0
BRDA:118,33,1,0
BRDA:120,34,0,0
BRDA:120,34,1,0
BRDA:121,35,0,0
BRDA:121,35,1,0
BRDA:122,36,0,0
BRDA:122,36,1,0
BRDA:123,37,0,0
BRDA:123,37,1,0
BRDA:124,38,0,0
BRDA:124,38,1,0
BRDA:125,39,0,0
BRDA:125,39,1,0
BRDA:137,40,0,0
BRDA:137,40,1,0
BRDA:140,41,0,0
BRDA:140,41,1,0
BRDA:141,42,0,0
BRDA:141,42,1,0
BRDA:149,43,0,0
BRDA:149,43,1,0
BRDA:162,44,0,0
BRDA:162,44,1,0
BRDA:162,45,0,0
BRDA:162,45,1,0
BRDA:170,46,0,0
BRDA:170,46,1,0
BRDA:179,47,0,0
BRDA:179,47,1,0
BRDA:179,48,0,0
BRDA:179,48,1,0
BRDA:179,49,0,0
BRDA:179,49,1,0
BRDA:182,50,0,0
BRDA:182,50,1,0
BRDA:183,51,0,0
BRDA:183,51,1,0
BRDA:183,52,0,0
BRDA:183,52,1,0
BRDA:186,53,0,0
BRDA:186,53,1,0
BRDA:193,54,0,0
BRDA:193,54,1,0
BRDA:206,55,0,0
BRDA:206,55,1,0
BRDA:212,56,0,0
BRDA:212,56,1,0
BRDA:218,57,0,0
BRDA:218,57,1,0
BRDA:218,58,0,0
BRDA:218,58,1,0
BRDA:244,59,0,0
BRDA:244,59,1,0
BRDA:252,60,0,0
BRDA:252,60,1,0
BRDA:252,61,0,0
BRDA:252,61,1,0
BRDA:257,62,0,0
BRDA:257,62,1,0
BRDA:258,63,0,0
BRDA:258,63,1,0
BRDA:263,64,0,0
BRDA:263,64,1,0
BRDA:270,65,0,0
BRDA:270,65,1,0
BRDA:270,66,0,0
BRDA:270,66,1,0
BRDA:275,67,0,0
BRDA:275,67,1,0
BRDA:318,68,0,0
BRDA:318,68,1,0
BRDA:319,69,0,0
BRDA:319,69,1,0
BRDA:320,70,0,0
BRDA:320,70,1,0
BRDA:323,71,0,0
BRDA:323,71,1,0
BRDA:324,72,0,0
BRDA:324,72,1,0
BRDA:331,73,0,0
BRDA:331,73,1,0
BRDA:337,74,0,0
BRDA:341,75,0,0
BRDA:341,75,1,0
BRDA:368,76,0,0
BRDA:368,76,1,0
BRDA:368,77,0,0
BRDA:368,77,1,0
BRDA:369,78,0,0
BRDA:369,78,1,0
BRDA:369,79,0,0
BRDA:369,79,1,0
BRDA:372,80,0,0
BRDA:372,80,1,0
BRDA:373,81,0,0
BRDA:373,81,1,0
BRDA:386,82,0,0
BRDA:386,82,1,0
BRDA:395,83,0,0
BRDA:395,83,1,0
BRDA:395,84,0,0
BRDA:395,84,1,0
BRDA:396,85,0,0
BRDA:396,85,1,0
BRDA:397,86,0,0
BRDA:397,86,1,0
BRDA:403,87,0,0
BRDA:403,87,1,0
BRDA:404,88,0,0
BRDA:404,88,1,0
BRDA:417,89,0,0
BRDA:417,89,1,0
BRDA:417,90,0,0
BRDA:417,90,1,0
BRDA:418,91,0,0
BRDA:418,91,1,0
BRDA:419,92,0,0
BRDA:419,92,1,0
BRDA:421,93,0,0
BRDA:421,93,1,0
BRDA:421,93,2,0
BRDA:422,94,0,0
BRDA:422,94,1,0
BRDA:423,95,0,0
BRDA:423,95,1,0
BRDA:424,96,0,0
BRDA:424,96,1,0
BRDA:427,97,0,0
BRDA:427,97,1,0
BRDA:428,98,0,0
BRDA:428,98,1,0
BRDA:429,99,0,0
BRDA:429,99,1,0
BRDA:429,100,0,0
BRDA:429,100,1,0
BRDA:429,101,0,0
BRDA:429,101,1,0
BRDA:433,102,0,0
BRDA:433,102,1,0
BRDA:435,103,0,0
BRDA:435,103,1,0
BRDA:436,104,0,0
BRDA:436,104,1,0
BRDA:437,105,0,0
BRDA:437,105,1,0
BRDA:438,106,0,0
BRDA:438,106,1,0
BRDA:439,107,0,0
BRDA:439,107,1,0
BRDA:440,108,0,0
BRDA:440,108,1,0
BRDA:441,109,0,0
BRDA:441,109,1,0
BRDA:453,110,0,0
BRDA:453,110,1,0
BRDA:454,111,0,0
BRDA:454,111,1,0
BRDA:458,112,0,0
BRDA:458,112,1,0
BRDA:458,113,0,0
BRDA:458,113,1,0
BRDA:460,114,0,0
BRDA:460,114,1,0
BRDA:460,115,0,0
BRDA:460,115,1,0
BRDA:462,116,0,0
BRDA:462,116,1,0
BRDA:470,117,0,0
BRDA:470,117,1,0
BRDA:473,118,0,0
BRDA:473,118,1,0
BRDA:473,119,0,0
BRDA:473,119,1,0
BRDA:475,120,0,0
BRDA:475,120,1,0
BRDA:476,121,0,0
BRDA:476,121,1,0
BRDA:477,122,0,0
BRDA:477,122,1,0
BRDA:478,123,0,0
BRDA:478,123,1,0
BRDA:481,124,0,0
BRDA:481,124,1,0
BRDA:491,125,0,0
BRDA:491,125,1,0
BRDA:505,126,0,0
BRDA:505,126,1,0
BRDA:505,127,0,0
BRDA:505,127,1,0
BRDA:507,128,0,0
BRDA:507,128,1,0
BRDA:507,128,2,0
BRDA:510,129,0,0
BRDA:510,129,1,0
BRDA:510,130,0,0
BRDA:510,130,1,0
BRDA:512,131,0,0
BRDA:512,131,1,0
BRDA:512,131,2,0
BRDA:513,132,0,0
BRDA:513,132,1,0
BRDA:517,133,0,0
BRDA:517,133,1,0
BRDA:527,134,0,0
BRDA:527,134,1,0
BRDA:535,135,0,0
BRDA:537,136,0,0
BRDA:537,136,1,0
BRDA:537,137,0,0
BRDA:537,137,1,0
BRDA:537,137,2,0
BRDA:537,137,3,0
BRDA:540,138,0,0
BRDA:540,138,1,0
BRDA:542,139,0,0
BRDA:542,139,1,0
BRDA:545,140,0,0
BRDA:545,140,1,0
BRDA:545,140,2,0
BRDA:546,141,0,0
BRDA:546,141,1,0
BRDA:548,142,0,0
BRDA:548,142,1,0
BRDA:554,143,0,0
BRDA:554,143,1,0
BRDA:554,143,2,0
BRDA:554,143,3,0
BRDA:558,144,0,0
BRDA:558,144,1,0
BRDA:562,145,0,0
BRDA:562,145,1,0
BRDA:568,146,0,0
BRDA:568,146,1,0
BRDA:568,147,0,0
BRDA:568,147,1,0
BRDA:576,148,0,0
BRDA:576,148,1,0
BRDA:577,149,0,0
BRDA:577,149,1,0
BRDA:577,150,0,0
BRDA:577,150,1,0
BRDA:582,151,0,0
BRDA:582,151,1,0
BRDA:583,152,0,0
BRDA:583,152,1,0
BRDA:584,153,0,0
BRDA:584,153,1,0
BRDA:584,154,0,0
BRDA:584,154,1,0
BRDA:586,155,0,0
BRDA:586,155,1,0
BRDA:588,156,0,0
BRDA:588,156,1,0
BRDA:590,157,0,0
BRDA:590,157,1,0
BRDA:596,158,0,0
BRDA:596,158,1,0
BRDA:602,159,0,0
BRDA:602,159,1,0
BRDA:612,160,0,0
BRDA:612,160,1,0
BRDA:613,161,0,0
BRDA:613,161,1,0
BRDA:614,162,0,0
BRDA:614,162,1,0
BRDA:614,163,0,0
BRDA:614,163,1,0
BRDA:615,164,0,0
BRDA:615,164,1,0
BRDA:618,165,0,0
BRDA:618,165,1,0
BRDA:618,165,2,0
BRDA:618,165,3,0
BRDA:618,165,4,0
BRDA:618,165,5,0
BRDA:618,165,6,0
BRDA:618,165,7,0
BRDA:623,166,0,0
BRDA:623,166,1,0
BRDA:625,167,0,0
BRDA:625,167,1,0
BRDA:625,168,0,0
BRDA:625,168,1,0
BRDA:625,168,2,0
BRDA:638,169,0,0
BRDA:638,169,1,0
BRDA:639,170,0,0
BRDA:639,170,1,0
BRDA:641,171,0,0
BRDA:641,171,1,0
BRDA:647,172,0,0
BRDA:647,172,1,0
BRDA:647,172,2,0
BRDA:655,173,0,0
BRDA:655,173,1,0
BRDA:661,174,0,0
BRDA:661,174,1,0
BRDA:667,175,0,0
BRDA:667,175,1,0
BRDA:667,176,0,0
BRDA:667,176,1,0
BRDA:672,177,0,0
BRDA:672,177,1,0
BRDA:672,178,0,0
BRDA:672,178,1,0
BRDA:674,179,0,0
BRDA:674,179,1,0
BRDA:676,180,0,0
BRDA:676,180,1,0
BRDA:676,181,0,0
BRDA:676,181,1,0
BRDA:679,182,0,0
BRDA:679,182,1,0
BRDA:679,182,2,0
BRDA:680,183,0,0
BRDA:680,183,1,0
BRDA:680,183,2,0
BRDA:680,184,0,0
BRDA:680,184,1,0
BRDA:682,185,0,0
BRDA:682,185,1,0
BRDA:688,186,0,0
BRDA:688,186,1,0
BRDA:692,187,0,0
BRDA:692,187,1,0
BRDA:696,188,0,0
BRDA:696,188,1,0
BRDA:696,189,0,0
BRDA:696,189,1,0
BRDA:705,190,0,0
BRDA:705,190,1,0
BRDA:706,191,0,0
BRDA:706,191,1,0
BRDA:707,192,0,0
BRDA:707,192,1,0
BRDA:708,193,0,0
BRDA:708,193,1,0
BRDA:709,194,0,0
BRDA:709,194,1,0
BRDA:712,195,0,0
BRDA:712,195,1,0
BRDA:717,196,0,0
BRDA:717,196,1,0
BRDA:719,197,0,0
BRDA:719,197,1,0
BRDA:723,198,0,0
BRDA:723,198,1,0
BRDA:724,199,0,0
BRDA:724,199,1,0
BRDA:726,200,0,0
BRDA:726,200,1,0
BRDA:726,200,2,0
BRDA:726,200,3,0
BRDA:726,200,4,0
BRDA:726,200,5,0
BRDA:726,200,6,0
BRDA:740,201,0,0
BRDA:740,201,1,0
BRDA:741,202,0,0
BRDA:741,202,1,0
BRDA:751,203,0,0
BRDA:751,203,1,0
BRDA:780,204,0,0
BRDA:780,204,1,0
BRDA:807,205,0,0
BRDA:807,205,1,0
BRDA:817,206,0,0
BRDA:817,206,1,0
BRDA:858,207,0,0
BRDA:858,207,1,0
BRDA:858,208,0,0
BRDA:858,208,1,0
BRDA:859,209,0,0
BRDA:859,209,1,0
BRDA:860,210,0,0
BRDA:860,210,1,0
BRDA:861,211,0,0
BRDA:861,211,1,0
BRDA:875,212,0,0
BRDA:875,212,1,0
BRDA:894,213,0,0
BRDA:894,213,1,0
BRDA:895,214,0,0
BRDA:895,214,1,0
BRDA:908,215,0,0
BRDA:908,215,1,0
BRDA:914,216,0,0
BRDA:914,216,1,0
BRDA:916,217,0,0
BRDA:916,217,1,0
BRDA:916,218,0,0
BRDA:916,218,1,0
BRDA:918,219,0,0
BRDA:918,219,1,0
BRDA:920,220,0,0
BRDA:920,220,1,0
BRDA:947,221,0,0
BRDA:947,221,1,0
BRDA:948,222,0,0
BRDA:948,222,1,0
BRDA:950,223,0,0
BRDA:950,223,1,0
BRDA:951,224,0,0
BRDA:951,224,1,0
BRDA:954,225,0,0
BRDA:954,225,1,0
BRDA:954,226,0,0
BRDA:954,226,1,0
BRDA:954,226,2,0
BRDA:965,227,0,0
BRDA:965,227,1,0
BRDA:970,228,0,0
BRDA:970,228,1,0
BRDA:971,229,0,0
BRDA:971,229,1,0
BRDA:972,230,0,0
BRDA:972,230,1,0
BRDA:973,231,0,0
BRDA:973,231,1,0
BRDA:973,232,0,0
BRDA:973,232,1,0
BRDA:976,233,0,0
BRDA:976,233,1,0
BRDA:977,234,0,0
BRDA:977,234,1,0
BRDA:979,235,0,0
BRDA:979,235,1,0
BRDA:979,236,0,0
BRDA:979,236,1,0
BRDA:979,236,2,0
BRDA:981,237,0,0
BRDA:981,237,1,0
BRDA:986,238,0,0
BRDA:986,238,1,0
BRDA:987,239,0,0
BRDA:987,239,1,0
BRDA:989,240,0,0
BRDA:989,240,1,0
BRDA:989,241,0,0
BRDA:989,241,1,0
BRDA:990,242,0,0
BRDA:990,242,1,0
BRDA:991,243,0,0
BRDA:991,243,1,0
BRDA:997,244,0,0
BRDA:997,244,1,0
BRDA:1018,245,0,0
BRDA:1018,245,1,0
BRDA:1029,246,0,0
BRDA:1029,246,1,0
BRDA:1045,247,0,0
BRDA:1045,247,1,0
BRDA:1074,248,0,0
BRDA:1074,248,1,0
BRDA:1084,249,0,0
BRDA:1084,249,1,0
BRDA:1089,250,0,0
BRDA:1089,250,1,0
BRDA:1090,251,0,0
BRDA:1090,251,1,0
BRDA:1091,252,0,0
BRDA:1091,252,1,0
BRDA:1094,253,0,0
BRDA:1094,253,1,0
BRDA:1094,254,0,0
BRDA:1094,254,1,0
BRDA:1097,255,0,0
BRDA:1097,255,1,0
BRDA:1097,256,0,0
BRDA:1097,256,1,0
BRDA:1099,257,0,0
BRDA:1099,257,1,0
BRDA:1099,258,0,0
BRDA:1099,258,1,0
BRDA:1101,259,0,0
BRDA:1101,259,1,0
BRDA:1101,260,0,0
BRDA:1101,260,1,0
BRDA:1103,261,0,0
BRDA:1103,261,1,0
BRDA:1103,262,0,0
BRDA:1103,262,1,0
BRDA:1105,263,0,0
BRDA:1105,263,1,0
BRDA:1105,264,0,0
BRDA:1105,264,1,0
BRDA:1108,265,0,0
BRDA:1108,265,1,0
BRDA:1108,266,0,0
BRDA:1108,266,1,0
BRDA:1108,266,2,0
BRDA:1113,267,0,0
BRDA:1113,267,1,0
BRDA:1113,268,0,0
BRDA:1113,268,1,0
BRDA:1114,269,0,0
BRDA:1114,269,1,0
BRDA:1114,270,0,0
BRDA:1114,270,1,0
BRDA:1115,271,0,0
BRDA:1115,271,1,0
BRDA:1116,272,0,0
BRDA:1116,272,1,0
BRDA:1116,272,2,0
BRDA:1116,272,3,0
BRDA:1116,272,4,0
BRDA:1120,273,0,0
BRDA:1120,273,1,0
BRDA:1130,274,0,0
BRDA:1130,274,1,0
BRDA:1137,275,0,0
BRDA:1137,276,0,0
BRDA:1137,276,1,0
BRDA:1142,277,0,0
BRDA:1142,277,1,0
BRDA:1142,278,0,0
BRDA:1142,278,1,0
BRDA:1147,279,0,0
BRDA:1147,279,1,0
BRDA:1148,280,0,0
BRDA:1148,280,1,0
BRDA:1163,281,0,0
BRDA:1163,281,1,0
BRDA:1170,282,0,0
BRDA:1170,283,0,0
BRDA:1170,283,1,0
BRDA:1175,284,0,0
BRDA:1175,284,1,0
BRDA:1175,285,0,0
BRDA:1175,285,1,0
BRDA:1179,286,0,0
BRDA:1179,286,1,0
BRDA:1179,287,0,0
BRDA:1179,287,1,0
BRDA:1186,288,0,0
BRDA:1186,288,1,0
BRDA:1202,289,0,0
BRDA:1202,289,1,0
BRDA:1204,290,0,0
BRDA:1204,290,1,0
BRDA:1205,291,0,0
BRDA:1205,291,1,0
BRDA:1212,292,0,0
BRDA:1212,292,1,0
BRDA:1216,293,0,0
BRDA:1216,294,0,0
BRDA:1216,294,1,0
BRDA:1220,295,0,0
BRDA:1220,295,1,0
BRDA:1225,296,0,0
BRDA:1225,297,0,0
BRDA:1225,298,0,0
BRDA:1225,298,1,0
BRDA:1227,299,0,0
BRDA:1227,299,1,0
BRDA:1230,300,0,0
BRDA:1230,300,1,0
BRDA:1237,301,0,0
BRDA:1237,301,1,0
BRDA:1237,302,0,0
BRDA:1237,302,1,0
BRDA:1240,303,0,0
BRDA:1240,304,0,0
BRDA:1240,304,1,0
BRDA:1244,305,0,0
BRDA:1244,305,1,0
BRDA:1248,306,0,0
BRDA:1248,306,1,0
BRDA:1255,307,0,0
BRDA:1255,307,1,0
BRDA:1257,308,0,0
BRDA:1257,308,1,0
BRDA:1257,309,0,0
BRDA:1257,309,1,0
BRDA:1258,310,0,0
BRDA:1258,310,1,0
BRDA:1269,311,0,0
BRDA:1269,311,1,0
BRDA:1275,312,0,0
BRDA:1275,312,1,0
BRDA:1275,313,0,0
BRDA:1275,313,1,0
BRF:647
BRH:0
end_of_record
TN:
SF:ecosystem.config.js
FNF:0
FNH:0
DA:1,0
LF:1
LH:0
BRF:0
BRH:0
end_of_record
TN:
SF:googleTranslate.js
FN:10,detectLanguage
FN:18,translateToEn
FNF:2
FNH:0
FNDA:0,detectLanguage
FNDA:0,translateToEn
DA:2,0
DA:5,0
DA:11,0
DA:13,0
DA:14,0
DA:19,0
DA:20,0
DA:21,0
DA:22,0
DA:23,0
DA:24,0
DA:28,0
LF:12
LH:0
BRDA:13,0,0,0
BRDA:13,0,1,0
BRDA:14,1,0,0
BRDA:14,1,1,0
BRDA:14,1,2,0
BRDA:20,2,0,0
BRDA:20,2,1,0
BRDA:20,3,0,0
BRDA:20,3,1,0
BRF:9
BRH:0
end_of_record
TN:
SF:index.js
FN:16,(anonymous_0)
FN:74,_normalizeLangCode
FN:83,_formatRTL
FN:90,_translateFieldLabel
FN:111,_translateFieldArray
FN:113,(anonymous_5)
FN:131,checkIntentCooldown
FN:138,setIntentCooldown
FN:156,resolveProjectIdOnce
FN:167,initFirebase
FN:228,(anonymous_10)
FN:236,(anonymous_11)
FN:252,(anonymous_12)
FN:274,(anonymous_13)
FN:275,(anonymous_14)
FN:276,(anonymous_15)
FN:278,docWasProcessed
FN:283,get
FN:284,(anonymous_18)
FN:287,getUserLanguage
FN:300,translateIfNeeded
FN:315,_assistAllow
FN:332,_cleanSuggestions
FN:350,_openaiAssistContinue
FN:453,(anonymous_24)
FN:462,(anonymous_25)
FN:486,(anonymous_26)
FN:491,(anonymous_27)
FN:496,(anonymous_28)
FN:500,(anonymous_29)
FN:501,(anonymous_30)
FN:507,(anonymous_31)
FN:511,(anonymous_32)
FN:519,(anonymous_33)
FN:541,(anonymous_34)
FN:542,(anonymous_35)
FN:548,(anonymous_36)
FN:551,_assistHandler
FN:580,(anonymous_38)
FN:604,buildHealthPayload
FN:632,(anonymous_40)
FN:637,pairKey
FN:643,getNormalizedText
FN:650,detectCategories
FN:670,getMagicType
FN:683,generateMatchText
FN:697,isCounterpartDirection
FN:713,selectCounterpartsForIntent
FN:736,(anonymous_48)
FN:743,(anonymous_49)
FN:784,(anonymous_50)
FN:788,ensurePrivateDoc
FN:808,getUserSafeSnapshot
FN:840,sendPushToUser
FN:845,(anonymous_54)
FN:853,(anonymous_55)
FN:864,(anonymous_56)
FN:872,readPublicMeta
FN:905,ensureNormalized
FN:953,(anonymous_59)
FN:986,processGenericDoc
FN:994,(anonymous_61)
FN:1012,(anonymous_62)
FN:1013,(anonymous_63)
FN:1028,(anonymous_64)
FN:1111,(anonymous_65)
FN:1142,deactivateMatchesForIntent
FN:1148,deactivateSide
FN:1158,(anonymous_68)
FN:1190,setupListener
FN:1195,(anonymous_70)
FN:1196,(anonymous_71)
FN:1202,(anonymous_72)
FN:1216,(anonymous_73)
FN:1217,(anonymous_74)
FN:1218,(anonymous_75)
FN:1224,(anonymous_76)
FN:1230,setupIntentsLanguageWatcher
FN:1233,(anonymous_78)
FN:1234,(anonymous_79)
FN:1271,(anonymous_80)
FN:1276,setupUsersWatcher
FN:1279,(anonymous_82)
FN:1280,(anonymous_83)
FN:1309,(anonymous_84)
FN:1325,(anonymous_85)
FN:1330,setupContactRequestsWatcher
FN:1332,(anonymous_87)
FN:1410,(anonymous_88)
FN:1429,(anonymous_89)
FN:1433,setupFirestoreListeners
FN:1449,(anonymous_91)
FN:1476,(anonymous_92)
FN:1541,(anonymous_93)
FN:1569,(anonymous_94)
FN:1606,(anonymous_95)
FN:1653,(anonymous_96)
FN:1699,(anonymous_97)
FN:1710,(anonymous_98)
FN:1712,_aggStat
FN:1714,(anonymous_100)
FN:1724,_logEvent
FN:1748,(anonymous_102)
FN:1760,(anonymous_103)
FN:1773,(anonymous_104)
FN:1777,(anonymous_105)
FN:1788,(anonymous_106)
FN:1801,(anonymous_107)
FN:1812,(anonymous_108)
FN:1822,(anonymous_109)
FN:1835,startServer
FN:1839,(anonymous_111)
FN:1842,(anonymous_112)
FN:1851,(anonymous_113)
FN:1853,(anonymous_114)
FN:1857,(anonymous_115)
FN:1871,(anonymous_116)
FNF:117
FNH:0
FNDA:0,(anonymous_0)
FNDA:0,_normalizeLangCode
FNDA:0,_formatRTL
FNDA:0,_translateFieldLabel
FNDA:0,_translateFieldArray
FNDA:0,(anonymous_5)
FNDA:0,checkIntentCooldown
FNDA:0,setIntentCooldown
FNDA:0,resolveProjectIdOnce
FNDA:0,initFirebase
FNDA:0,(anonymous_10)
FNDA:0,(anonymous_11)
FNDA:0,(anonymous_12)
FNDA:0,(anonymous_13)
FNDA:0,(anonymous_14)
FNDA:0,(anonymous_15)
FNDA:0,docWasProcessed
FNDA:0,get
FNDA:0,(anonymous_18)
FNDA:0,getUserLanguage
FNDA:0,translateIfNeeded
FNDA:0,_assistAllow
FNDA:0,_cleanSuggestions
FNDA:0,_openaiAssistContinue
FNDA:0,(anonymous_24)
FNDA:0,(anonymous_25)
FNDA:0,(anonymous_26)
FNDA:0,(anonymous_27)
FNDA:0,(anonymous_28)
FNDA:0,(anonymous_29)
FNDA:0,(anonymous_30)
FNDA:0,(anonymous_31)
FNDA:0,(anonymous_32)
FNDA:0,(anonymous_33)
FNDA:0,(anonymous_34)
FNDA:0,(anonymous_35)
FNDA:0,(anonymous_36)
FNDA:0,_assistHandler
FNDA:0,(anonymous_38)
FNDA:0,buildHealthPayload
FNDA:0,(anonymous_40)
FNDA:0,pairKey
FNDA:0,getNormalizedText
FNDA:0,detectCategories
FNDA:0,getMagicType
FNDA:0,generateMatchText
FNDA:0,isCounterpartDirection
FNDA:0,selectCounterpartsForIntent
FNDA:0,(anonymous_48)
FNDA:0,(anonymous_49)
FNDA:0,(anonymous_50)
FNDA:0,ensurePrivateDoc
FNDA:0,getUserSafeSnapshot
FNDA:0,sendPushToUser
FNDA:0,(anonymous_54)
FNDA:0,(anonymous_55)
FNDA:0,(anonymous_56)
FNDA:0,readPublicMeta
FNDA:0,ensureNormalized
FNDA:0,(anonymous_59)
FNDA:0,processGenericDoc
FNDA:0,(anonymous_61)
FNDA:0,(anonymous_62)
FNDA:0,(anonymous_63)
FNDA:0,(anonymous_64)
FNDA:0,(anonymous_65)
FNDA:0,deactivateMatchesForIntent
FNDA:0,deactivateSide
FNDA:0,(anonymous_68)
FNDA:0,setupListener
FNDA:0,(anonymous_70)
FNDA:0,(anonymous_71)
FNDA:0,(anonymous_72)
FNDA:0,(anonymous_73)
FNDA:0,(anonymous_74)
FNDA:0,(anonymous_75)
FNDA:0,(anonymous_76)
FNDA:0,setupIntentsLanguageWatcher
FNDA:0,(anonymous_78)
FNDA:0,(anonymous_79)
FNDA:0,(anonymous_80)
FNDA:0,setupUsersWatcher
FNDA:0,(anonymous_82)
FNDA:0,(anonymous_83)
FNDA:0,(anonymous_84)
FNDA:0,(anonymous_85)
FNDA:0,setupContactRequestsWatcher
FNDA:0,(anonymous_87)
FNDA:0,(anonymous_88)
FNDA:0,(anonymous_89)
FNDA:0,setupFirestoreListeners
FNDA:0,(anonymous_91)
FNDA:0,(anonymous_92)
FNDA:0,(anonymous_93)
FNDA:0,(anonymous_94)
FNDA:0,(anonymous_95)
FNDA:0,(anonymous_96)
FNDA:0,(anonymous_97)
FNDA:0,(anonymous_98)
FNDA:0,_aggStat
FNDA:0,(anonymous_100)
FNDA:0,_logEvent
FNDA:0,(anonymous_102)
FNDA:0,(anonymous_103)
FNDA:0,(anonymous_104)
FNDA:0,(anonymous_105)
FNDA:0,(anonymous_106)
FNDA:0,(anonymous_107)
FNDA:0,(anonymous_108)
FNDA:0,(anonymous_109)
FNDA:0,startServer
FNDA:0,(anonymous_111)
FNDA:0,(anonymous_112)
FNDA:0,(anonymous_113)
FNDA:0,(anonymous_114)
FNDA:0,(anonymous_115)
FNDA:0,(anonymous_116)
DA:3,0
DA:5,0
DA:6,0
DA:7,0
DA:8,0
DA:9,0
DA:10,0
DA:11,0
DA:14,0
DA:15,0
DA:16,0
DA:17,0
DA:18,0
DA:19,0
DA:20,0
DA:22,0
DA:23,0
DA:24,0
DA:27,0
DA:75,0
DA:76,0
DA:78,0
DA:79,0
DA:84,0
DA:86,0
DA:91,0
DA:93,0
DA:94,0
DA:97,0
DA:99,0
DA:100,0
DA:101,0
DA:102,0
DA:107,0
DA:112,0
DA:113,0
DA:114,0
DA:118,0
DA:119,0
DA:120,0
DA:121,0
DA:124,0
DA:125,0
DA:126,0
DA:129,0
DA:132,0
DA:133,0
DA:134,0
DA:135,0
DA:139,0
DA:143,0
DA:144,0
DA:146,0
DA:147,0
DA:150,0
DA:157,0
DA:158,0
DA:159,0
DA:160,0
DA:161,0
DA:164,0
DA:167,0
DA:168,0
DA:170,0
DA:171,0
DA:172,0
DA:173,0
DA:174,0
DA:175,0
DA:180,0
DA:181,0
DA:182,0
DA:183,0
DA:184,0
DA:185,0
DA:190,0
DA:194,0
DA:195,0
DA:196,0
DA:197,0
DA:200,0
DA:203,0
DA:210,0
DA:214,0
DA:215,0
DA:216,0
DA:218,0
DA:219,0
DA:220,0
DA:221,0
DA:223,0
DA:228,0
DA:231,0
DA:232,0
DA:233,0
DA:236,0
DA:237,0
DA:238,0
DA:239,0
DA:240,0
DA:241,0
DA:243,0
DA:244,0
DA:245,0
DA:246,0
DA:248,0
DA:252,0
DA:253,0
DA:254,0
DA:255,0
DA:256,0
DA:260,0
DA:261,0
DA:266,0
DA:274,0
DA:275,0
DA:276,0
DA:279,0
DA:280,0
DA:284,0
DA:288,0
DA:289,0
DA:290,0
DA:291,0
DA:292,0
DA:295,0
DA:297,0
DA:301,0
DA:302,0
DA:303,0
DA:304,0
DA:305,0
DA:306,0
DA:308,0
DA:309,0
DA:314,0
DA:316,0
DA:317,0
DA:318,0
DA:319,0
DA:320,0
DA:322,0
DA:323,0
DA:324,0
DA:325,0
DA:327,0
DA:328,0
DA:333,0
DA:334,0
DA:335,0
DA:336,0
DA:337,0
DA:338,0
DA:339,0
DA:340,0
DA:341,0
DA:342,0
DA:343,0
DA:344,0
DA:345,0
DA:347,0
DA:351,0
DA:353,0
DA:452,0
DA:453,0
DA:454,0
DA:455,0
DA:461,0
DA:462,0
DA:463,0
DA:465,0
DA:466,0
DA:469,0
DA:470,0
DA:472,0
DA:474,0
DA:475,0
DA:476,0
DA:478,0
DA:479,0
DA:483,0
DA:486,0
DA:487,0
DA:490,0
DA:491,0
DA:494,0
DA:496,0
DA:500,0
DA:501,0
DA:507,0
DA:510,0
DA:511,0
DA:512,0
DA:513,0
DA:514,0
DA:515,0
DA:519,0
DA:520,0
DA:521,0
DA:522,0
DA:524,0
DA:525,0
DA:526,0
DA:527,0
DA:529,0
DA:532,0
DA:534,0
DA:539,0
DA:540,0
DA:541,0
DA:542,0
DA:543,0
DA:544,0
DA:545,0
DA:546,0
DA:548,0
DA:552,0
DA:553,0
DA:554,0
DA:556,0
DA:557,0
DA:558,0
DA:561,0
DA:562,0
DA:563,0
DA:565,0
DA:566,0
DA:568,0
DA:571,0
DA:572,0
DA:573,0
DA:575,0
DA:576,0
DA:579,0
DA:581,0
DA:585,0
DA:593,0
DA:594,0
DA:595,0
DA:597,0
DA:598,0
DA:599,0
DA:605,0
DA:632,0
DA:633,0
DA:638,0
DA:639,0
DA:640,0
DA:644,0
DA:645,0
DA:646,0
DA:647,0
DA:651,0
DA:652,0
DA:653,0
DA:654,0
DA:659,0
DA:660,0
DA:661,0
DA:662,0
DA:663,0
DA:664,0
DA:665,0
DA:666,0
DA:667,0
DA:671,0
DA:680,0
DA:684,0
DA:685,0
DA:686,0
DA:693,0
DA:698,0
DA:700,0
DA:709,0
DA:710,0
DA:715,0
DA:716,0
DA:717,0
DA:722,0
DA:723,0
DA:724,0
DA:726,0
DA:727,0
DA:733,0
DA:734,0
DA:736,0
DA:737,0
DA:738,0
DA:739,0
DA:740,0
DA:741,0
DA:743,0
DA:744,0
DA:745,0
DA:746,0
DA:747,0
DA:750,0
DA:751,0
DA:753,0
DA:755,0
DA:758,0
DA:759,0
DA:760,0
DA:761,0
DA:763,0
DA:767,0
DA:768,0
DA:769,0
DA:770,0
DA:771,0
DA:772,0
DA:774,0
DA:775,0
DA:777,0
DA:779,0
DA:784,0
DA:785,0
DA:789,0
DA:790,0
DA:791,0
DA:792,0
DA:793,0
DA:802,0
DA:804,0
DA:809,0
DA:813,0
DA:814,0
DA:816,0
DA:817,0
DA:818,0
DA:819,0
DA:820,0
DA:821,0
DA:823,0
DA:841,0
DA:842,0
DA:843,0
DA:844,0
DA:845,0
DA:847,0
DA:849,0
DA:850,0
DA:852,0
DA:853,0
DA:854,0
DA:855,0
DA:856,0
DA:857,0
DA:862,0
DA:863,0
DA:864,0
DA:868,0
DA:873,0
DA:874,0
DA:875,0
DA:876,0
DA:877,0
DA:879,0
DA:880,0
DA:881,0
DA:883,0
DA:884,0
DA:885,0
DA:886,0
DA:887,0
DA:889,0
DA:901,0
DA:906,0
DA:907,0
DA:908,0
DA:910,0
DA:911,0
DA:912,0
DA:914,0
DA:915,0
DA:916,0
DA:918,0
DA:921,0
DA:922,0
DA:923,0
DA:924,0
DA:926,0
DA:927,0
DA:928,0
DA:929,0
DA:930,0
DA:931,0
DA:932,0
DA:934,0
DA:935,0
DA:939,0
DA:952,0
DA:953,0
DA:955,0
DA:956,0
DA:957,0
DA:958,0
DA:960,0
DA:961,0
DA:962,0
DA:963,0
DA:964,0
DA:965,0
DA:967,0
DA:968,0
DA:969,0
DA:971,0
DA:972,0
DA:978,0
DA:979,0
DA:984,0
DA:987,0
DA:988,0
DA:990,0
DA:991,0
DA:992,0
DA:994,0
DA:996,0
DA:997,0
DA:999,0
DA:1001,0
DA:1002,0
DA:1003,0
DA:1004,0
DA:1006,0
DA:1008,0
DA:1009,0
DA:1010,0
DA:1012,0
DA:1013,0
DA:1020,0
DA:1021,0
DA:1022,0
DA:1023,0
DA:1024,0
DA:1025,0
DA:1027,0
DA:1028,0
DA:1029,0
DA:1030,0
DA:1031,0
DA:1033,0
DA:1034,0
DA:1036,0
DA:1071,0
DA:1072,0
DA:1073,0
DA:1077,0
DA:1085,0
DA:1087,0
DA:1088,0
DA:1089,0
DA:1090,0
DA:1091,0
DA:1093,0
DA:1098,0
DA:1099,0
DA:1100,0
DA:1101,0
DA:1103,0
DA:1109,0
DA:1110,0
DA:1112,0
DA:1123,0
DA:1128,0
DA:1143,0
DA:1145,0
DA:1146,0
DA:1149,0
DA:1150,0
DA:1151,0
DA:1152,0
DA:1154,0
DA:1155,0
DA:1157,0
DA:1158,0
DA:1159,0
DA:1160,0
DA:1162,0
DA:1164,0
DA:1166,0
DA:1176,0
DA:1178,0
DA:1179,0
DA:1183,0
DA:1184,0
DA:1186,0
DA:1191,0
DA:1192,0
DA:1196,0
DA:1197,0
DA:1200,0
DA:1201,0
DA:1202,0
DA:1203,0
DA:1206,0
DA:1207,0
DA:1208,0
DA:1210,0
DA:1211,0
DA:1212,0
DA:1214,0
DA:1215,0
DA:1216,0
DA:1218,0
DA:1219,0
DA:1224,0
DA:1231,0
DA:1232,0
DA:1234,0
DA:1235,0
DA:1237,0
DA:1238,0
DA:1239,0
DA:1240,0
DA:1241,0
DA:1244,0
DA:1245,0
DA:1247,0
DA:1248,0
DA:1249,0
DA:1250,0
DA:1251,0
DA:1261,0
DA:1267,0
DA:1271,0
DA:1277,0
DA:1278,0
DA:1280,0
DA:1281,0
DA:1282,0
DA:1283,0
DA:1284,0
DA:1286,0
DA:1287,0
DA:1288,0
DA:1289,0
DA:1291,0
DA:1292,0
DA:1294,0
DA:1295,0
DA:1296,0
DA:1297,0
DA:1298,0
DA:1300,0
DA:1302,0
DA:1304,0
DA:1308,0
DA:1309,0
DA:1315,0
DA:1318,0
DA:1319,0
DA:1321,0
DA:1325,0
DA:1331,0
DA:1332,0
DA:1333,0
DA:1335,0
DA:1336,0
DA:1337,0
DA:1338,0
DA:1339,0
DA:1341,0
DA:1342,0
DA:1343,0
DA:1348,0
DA:1353,0
DA:1356,0
DA:1360,0
DA:1362,0
DA:1363,0
DA:1364,0
DA:1366,0
DA:1367,0
DA:1368,0
DA:1369,0
DA:1370,0
DA:1372,0
DA:1373,0
DA:1374,0
DA:1375,0
DA:1376,0
DA:1378,0
DA:1379,0
DA:1380,0
DA:1381,0
DA:1382,0
DA:1386,0
DA:1389,0
DA:1390,0
DA:1400,0
DA:1405,0
DA:1410,0
DA:1415,0
DA:1417,0
DA:1421,0
DA:1422,0
DA:1426,0
DA:1429,0
DA:1434,0
DA:1435,0
DA:1436,0
DA:1438,0
DA:1439,0
DA:1440,0
DA:1441,0
DA:1442,0
DA:1443,0
DA:1449,0
DA:1450,0
DA:1476,0
DA:1477,0
DA:1478,0
DA:1479,0
DA:1482,0
DA:1483,0
DA:1484,0
DA:1493,0
DA:1494,0
DA:1499,0
DA:1500,0
DA:1510,0
DA:1512,0
DA:1513,0
DA:1516,0
DA:1525,0
DA:1526,0
DA:1528,0
DA:1536,0
DA:1537,0
DA:1541,0
DA:1542,0
DA:1543,0
DA:1544,0
DA:1546,0
DA:1547,0
DA:1550,0
DA:1558,0
DA:1560,0
DA:1561,0
DA:1566,0
DA:1569,0
DA:1570,0
DA:1571,0
DA:1572,0
DA:1574,0
DA:1575,0
DA:1578,0
DA:1583,0
DA:1584,0
DA:1588,0
DA:1600,0
DA:1601,0
DA:1606,0
DA:1607,0
DA:1608,0
DA:1610,0
DA:1611,0
DA:1613,0
DA:1614,0
DA:1616,0
DA:1618,0
DA:1619,0
DA:1621,0
DA:1622,0
DA:1626,0
DA:1628,0
DA:1629,0
DA:1633,0
DA:1636,0
DA:1645,0
DA:1647,0
DA:1648,0
DA:1653,0
DA:1654,0
DA:1655,0
DA:1657,0
DA:1658,0
DA:1659,0
DA:1661,0
DA:1662,0
DA:1664,0
DA:1666,0
DA:1667,0
DA:1669,0
DA:1670,0
DA:1674,0
DA:1676,0
DA:1677,0
DA:1681,0
DA:1684,0
DA:1691,0
DA:1693,0
DA:1694,0
DA:1699,0
DA:1700,0
DA:1701,0
DA:1703,0
DA:1704,0
DA:1706,0
DA:1707,0
DA:1708,0
DA:1710,0
DA:1713,0
DA:1714,0
DA:1715,0
DA:1716,0
DA:1717,0
DA:1718,0
DA:1719,0
DA:1720,0
DA:1725,0
DA:1726,0
DA:1727,0
DA:1728,0
DA:1732,0
DA:1733,0
DA:1734,0
DA:1735,0
DA:1736,0
DA:1737,0
DA:1739,0
DA:1741,0
DA:1743,0
DA:1748,0
DA:1749,0
DA:1760,0
DA:1761,0
DA:1773,0
DA:1774,0
DA:1777,0
DA:1778,0
DA:1779,0
DA:1780,0
DA:1781,0
DA:1782,0
DA:1784,0
DA:1788,0
DA:1789,0
DA:1790,0
DA:1791,0
DA:1792,0
DA:1793,0
DA:1794,0
DA:1796,0
DA:1801,0
DA:1802,0
DA:1812,0
DA:1813,0
DA:1814,0
DA:1815,0
DA:1816,0
DA:1818,0
DA:1822,0
DA:1823,0
DA:1824,0
DA:1825,0
DA:1826,0
DA:1828,0
DA:1833,0
DA:1836,0
DA:1837,0
DA:1839,0
DA:1842,0
DA:1843,0
DA:1844,0
DA:1845,0
DA:1846,0
DA:1847,0
DA:1851,0
DA:1852,0
DA:1853,0
DA:1854,0
DA:1855,0
DA:1857,0
DA:1858,0
DA:1859,0
DA:1862,0
DA:1863,0
DA:1865,0
DA:1866,0
DA:1871,0
DA:1872,0
LF:783
LH:0
BRDA:14,0,0,0
BRDA:14,0,1,0
BRDA:15,1,0,0
BRDA:15,1,1,0
BRDA:17,2,0,0
BRDA:17,2,1,0
BRDA:18,3,0,0
BRDA:18,3,1,0
BRDA:19,4,0,0
BRDA:19,4,1,0
BRDA:20,5,0,0
BRDA:20,5,1,0
BRDA:22,6,0,0
BRDA:22,6,1,0
BRDA:23,7,0,0
BRDA:23,7,1,0
BRDA:24,8,0,0
BRDA:24,8,1,0
BRDA:75,9,0,0
BRDA:75,9,1,0
BRDA:78,10,0,0
BRDA:78,10,1,0
BRDA:84,11,0,0
BRDA:84,11,1,0
BRDA:93,12,0,0
BRDA:93,12,1,0
BRDA:97,13,0,0
BRDA:97,13,1,0
BRDA:99,14,0,0
BRDA:99,14,1,0
BRDA:99,15,0,0
BRDA:99,15,1,0
BRDA:102,16,0,0
BRDA:102,16,1,0
BRDA:112,17,0,0
BRDA:112,17,1,0
BRDA:112,18,0,0
BRDA:112,18,1,0
BRDA:118,19,0,0
BRDA:118,19,1,0
BRDA:119,20,0,0
BRDA:119,20,1,0
BRDA:120,21,0,0
BRDA:120,21,1,0
BRDA:121,22,0,0
BRDA:121,22,1,0
BRDA:124,23,0,0
BRDA:124,23,1,0
BRDA:125,24,0,0
BRDA:125,24,1,0
BRDA:126,25,0,0
BRDA:126,25,1,0
BRDA:133,26,0,0
BRDA:133,26,1,0
BRDA:150,27,0,0
BRDA:150,27,1,0
BRDA:150,27,2,0
BRDA:150,27,3,0
BRDA:150,27,4,0
BRDA:157,28,0,0
BRDA:157,28,1,0
BRDA:159,29,0,0
BRDA:159,29,1,0
BRDA:159,29,2,0
BRDA:160,30,0,0
BRDA:160,30,1,0
BRDA:160,31,0,0
BRDA:160,31,1,0
BRDA:173,32,0,0
BRDA:173,32,1,0
BRDA:174,33,0,0
BRDA:174,33,1,0
BRDA:175,34,0,0
BRDA:175,34,1,0
BRDA:175,35,0,0
BRDA:175,35,1,0
BRDA:180,36,0,0
BRDA:180,36,1,0
BRDA:180,37,0,0
BRDA:180,37,1,0
BRDA:190,38,0,0
BRDA:190,38,1,0
BRDA:190,38,2,0
BRDA:194,39,0,0
BRDA:194,39,1,0
BRDA:195,40,0,0
BRDA:195,40,1,0
BRDA:200,41,0,0
BRDA:200,41,1,0
BRDA:219,42,0,0
BRDA:219,42,1,0
BRDA:219,42,2,0
BRDA:219,42,3,0
BRDA:220,43,0,0
BRDA:220,43,1,0
BRDA:228,44,0,0
BRDA:228,44,1,0
BRDA:237,45,0,0
BRDA:237,45,1,0
BRDA:237,46,0,0
BRDA:237,46,1,0
BRDA:239,47,0,0
BRDA:239,47,1,0
BRDA:239,48,0,0
BRDA:239,48,1,0
BRDA:243,49,0,0
BRDA:243,49,1,0
BRDA:264,50,0,0
BRDA:264,50,1,0
BRDA:275,51,0,0
BRDA:275,52,0,0
BRDA:275,52,1,0
BRDA:275,53,0,0
BRDA:275,53,1,0
BRDA:276,54,0,0
BRDA:276,54,1,0
BRDA:279,55,0,0
BRDA:279,55,1,0
BRDA:280,56,0,0
BRDA:280,56,1,0
BRDA:280,56,2,0
BRDA:283,57,0,0
BRDA:284,58,0,0
BRDA:284,58,1,0
BRDA:284,59,0,0
BRDA:284,59,1,0
BRDA:284,60,0,0
BRDA:284,60,1,0
BRDA:290,61,0,0
BRDA:290,61,1,0
BRDA:292,62,0,0
BRDA:292,62,1,0
BRDA:295,63,0,0
BRDA:295,63,1,0
BRDA:301,64,0,0
BRDA:301,64,1,0
BRDA:302,65,0,0
BRDA:302,65,1,0
BRDA:303,66,0,0
BRDA:303,66,1,0
BRDA:303,67,0,0
BRDA:303,67,1,0
BRDA:303,68,0,0
BRDA:303,68,1,0
BRDA:306,69,0,0
BRDA:306,69,1,0
BRDA:308,70,0,0
BRDA:308,70,1,0
BRDA:315,71,0,0
BRDA:315,72,0,0
BRDA:318,73,0,0
BRDA:318,73,1,0
BRDA:322,74,0,0
BRDA:322,74,1,0
BRDA:327,75,0,0
BRDA:327,75,1,0
BRDA:335,76,0,0
BRDA:335,76,1,0
BRDA:336,77,0,0
BRDA:336,77,1,0
BRDA:338,78,0,0
BRDA:338,78,1,0
BRDA:339,79,0,0
BRDA:339,79,1,0
BRDA:342,80,0,0
BRDA:342,80,1,0
BRDA:345,81,0,0
BRDA:345,81,1,0
BRDA:351,82,0,0
BRDA:351,82,1,0
BRDA:443,83,0,0
BRDA:443,83,1,0
BRDA:461,84,0,0
BRDA:461,84,1,0
BRDA:466,85,0,0
BRDA:466,85,1,0
BRDA:476,86,0,0
BRDA:476,86,1,0
BRDA:483,87,0,0
BRDA:483,87,1,0
BRDA:487,88,0,0
BRDA:487,88,1,0
BRDA:490,89,0,0
BRDA:490,89,1,0
BRDA:491,90,0,0
BRDA:491,90,1,0
BRDA:491,90,2,0
BRDA:491,90,3,0
BRDA:495,91,0,0
BRDA:495,91,1,0
BRDA:496,92,0,0
BRDA:496,92,1,0
BRDA:497,93,0,0
BRDA:497,93,1,0
BRDA:498,94,0,0
BRDA:498,94,1,0
BRDA:499,95,0,0
BRDA:499,95,1,0
BRDA:499,96,0,0
BRDA:499,96,1,0
BRDA:499,96,2,0
BRDA:499,96,3,0
BRDA:500,97,0,0
BRDA:500,97,1,0
BRDA:501,98,0,0
BRDA:501,98,1,0
BRDA:513,99,0,0
BRDA:513,99,1,0
BRDA:519,100,0,0
BRDA:519,100,1,0
BRDA:519,101,0,0
BRDA:519,101,1,0
BRDA:520,102,0,0
BRDA:520,102,1,0
BRDA:520,103,0,0
BRDA:520,103,1,0
BRDA:522,104,0,0
BRDA:522,104,1,0
BRDA:526,105,0,0
BRDA:526,105,1,0
BRDA:526,106,0,0
BRDA:526,106,1,0
BRDA:527,107,0,0
BRDA:527,107,1,0
BRDA:544,108,0,0
BRDA:544,108,1,0
BRDA:545,109,0,0
BRDA:545,109,1,0
BRDA:554,110,0,0
BRDA:554,110,1,0
BRDA:557,111,0,0
BRDA:557,111,1,0
BRDA:557,112,0,0
BRDA:557,112,1,0
BRDA:557,112,2,0
BRDA:561,113,0,0
BRDA:561,114,0,0
BRDA:561,115,0,0
BRDA:561,115,1,0
BRDA:563,116,0,0
BRDA:563,116,1,0
BRDA:565,117,0,0
BRDA:565,117,1,0
BRDA:566,118,0,0
BRDA:566,118,1,0
BRDA:568,119,0,0
BRDA:568,119,1,0
BRDA:573,120,0,0
BRDA:573,120,1,0
BRDA:576,121,0,0
BRDA:576,121,1,0
BRDA:576,122,0,0
BRDA:576,122,1,0
BRDA:597,123,0,0
BRDA:597,123,1,0
BRDA:599,124,0,0
BRDA:599,124,1,0
BRDA:609,125,0,0
BRDA:609,125,1,0
BRDA:609,125,2,0
BRDA:609,125,3,0
BRDA:609,125,4,0
BRDA:609,125,5,0
BRDA:609,125,6,0
BRDA:638,126,0,0
BRDA:638,126,1,0
BRDA:638,127,0,0
BRDA:638,127,1,0
BRDA:639,128,0,0
BRDA:639,128,1,0
BRDA:639,129,0,0
BRDA:639,129,1,0
BRDA:644,130,0,0
BRDA:644,130,1,0
BRDA:647,131,0,0
BRDA:647,131,1,0
BRDA:647,131,2,0
BRDA:651,132,0,0
BRDA:651,132,1,0
BRDA:651,133,0,0
BRDA:651,133,1,0
BRDA:654,134,0,0
BRDA:654,134,1,0
BRDA:659,135,0,0
BRDA:659,135,1,0
BRDA:660,136,0,0
BRDA:660,136,1,0
BRDA:662,137,0,0
BRDA:662,137,1,0
BRDA:663,138,0,0
BRDA:663,138,1,0
BRDA:664,139,0,0
BRDA:664,139,1,0
BRDA:665,140,0,0
BRDA:665,140,1,0
BRDA:666,141,0,0
BRDA:666,141,1,0
BRDA:667,142,0,0
BRDA:667,142,1,0
BRDA:680,143,0,0
BRDA:680,143,1,0
BRDA:684,144,0,0
BRDA:684,144,1,0
BRDA:685,145,0,0
BRDA:685,145,1,0
BRDA:693,146,0,0
BRDA:693,146,1,0
BRDA:698,147,0,0
BRDA:698,147,1,0
BRDA:698,148,0,0
BRDA:698,148,1,0
BRDA:709,149,0,0
BRDA:709,149,1,0
BRDA:713,150,0,0
BRDA:717,151,0,0
BRDA:717,151,1,0
BRDA:724,152,0,0
BRDA:724,152,1,0
BRDA:737,153,0,0
BRDA:737,153,1,0
BRDA:738,154,0,0
BRDA:738,154,1,0
BRDA:739,155,0,0
BRDA:739,155,1,0
BRDA:739,156,0,0
BRDA:739,156,1,0
BRDA:740,157,0,0
BRDA:740,157,1,0
BRDA:747,158,0,0
BRDA:747,158,1,0
BRDA:750,159,0,0
BRDA:750,159,1,0
BRDA:751,160,0,0
BRDA:751,160,1,0
BRDA:753,161,0,0
BRDA:753,161,1,0
BRDA:753,162,0,0
BRDA:753,162,1,0
BRDA:753,162,2,0
BRDA:758,163,0,0
BRDA:758,163,1,0
BRDA:760,164,0,0
BRDA:760,164,1,0
BRDA:770,165,0,0
BRDA:770,165,1,0
BRDA:770,166,0,0
BRDA:770,166,1,0
BRDA:771,167,0,0
BRDA:771,167,1,0
BRDA:771,168,0,0
BRDA:771,168,1,0
BRDA:772,169,0,0
BRDA:772,169,1,0
BRDA:772,170,0,0
BRDA:772,170,1,0
BRDA:774,171,0,0
BRDA:774,171,1,0
BRDA:788,172,0,0
BRDA:792,173,0,0
BRDA:792,173,1,0
BRDA:813,174,0,0
BRDA:813,174,1,0
BRDA:813,175,0,0
BRDA:813,175,1,0
BRDA:814,176,0,0
BRDA:814,176,1,0
BRDA:814,177,0,0
BRDA:814,177,1,0
BRDA:816,178,0,0
BRDA:816,178,1,0
BRDA:817,179,0,0
BRDA:817,179,1,0
BRDA:818,180,0,0
BRDA:818,180,1,0
BRDA:818,180,2,0
BRDA:818,180,3,0
BRDA:818,180,4,0
BRDA:819,181,0,0
BRDA:819,181,1,0
BRDA:819,181,2,0
BRDA:819,181,3,0
BRDA:819,181,4,0
BRDA:820,182,0,0
BRDA:820,182,1,0
BRDA:820,182,2,0
BRDA:820,182,3,0
BRDA:820,182,4,0
BRDA:820,182,5,0
BRDA:821,183,0,0
BRDA:821,183,1,0
BRDA:824,184,0,0
BRDA:824,184,1,0
BRDA:825,185,0,0
BRDA:825,185,1,0
BRDA:834,186,0,0
BRDA:834,186,1,0
BRDA:843,187,0,0
BRDA:843,187,1,0
BRDA:843,188,0,0
BRDA:843,188,1,0
BRDA:844,189,0,0
BRDA:844,189,1,0
BRDA:845,190,0,0
BRDA:845,190,1,0
BRDA:847,191,0,0
BRDA:847,191,1,0
BRDA:849,192,0,0
BRDA:849,192,1,0
BRDA:849,193,0,0
BRDA:849,193,1,0
BRDA:854,194,0,0
BRDA:854,194,1,0
BRDA:855,195,0,0
BRDA:855,195,1,0
BRDA:856,196,0,0
BRDA:856,196,1,0
BRDA:856,197,0,0
BRDA:856,197,1,0
BRDA:862,198,0,0
BRDA:862,198,1,0
BRDA:875,199,0,0
BRDA:875,199,1,0
BRDA:875,200,0,0
BRDA:875,200,1,0
BRDA:876,201,0,0
BRDA:876,201,1,0
BRDA:877,202,0,0
BRDA:877,202,1,0
BRDA:879,203,0,0
BRDA:879,203,1,0
BRDA:879,203,2,0
BRDA:879,203,3,0
BRDA:880,204,0,0
BRDA:880,204,1,0
BRDA:880,204,2,0
BRDA:880,204,3,0
BRDA:881,205,0,0
BRDA:881,205,1,0
BRDA:881,205,2,0
BRDA:881,205,3,0
BRDA:881,205,4,0
BRDA:884,206,0,0
BRDA:884,206,1,0
BRDA:885,207,0,0
BRDA:885,207,1,0
BRDA:886,208,0,0
BRDA:886,208,1,0
BRDA:890,209,0,0
BRDA:890,209,1,0
BRDA:892,210,0,0
BRDA:892,210,1,0
BRDA:893,211,0,0
BRDA:893,211,1,0
BRDA:894,212,0,0
BRDA:894,212,1,0
BRDA:895,213,0,0
BRDA:895,213,1,0
BRDA:896,214,0,0
BRDA:896,214,1,0
BRDA:897,215,0,0
BRDA:897,215,1,0
BRDA:906,216,0,0
BRDA:906,216,1,0
BRDA:908,217,0,0
BRDA:908,217,1,0
BRDA:912,218,0,0
BRDA:912,218,1,0
BRDA:912,219,0,0
BRDA:912,219,1,0
BRDA:914,220,0,0
BRDA:914,220,1,0
BRDA:914,221,0,0
BRDA:914,221,1,0
BRDA:916,222,0,0
BRDA:916,222,1,0
BRDA:923,223,0,0
BRDA:923,223,1,0
BRDA:926,224,0,0
BRDA:926,224,1,0
BRDA:926,225,0,0
BRDA:926,225,1,0
BRDA:928,226,0,0
BRDA:928,226,1,0
BRDA:929,227,0,0
BRDA:929,227,1,0
BRDA:930,228,0,0
BRDA:930,228,1,0
BRDA:931,229,0,0
BRDA:931,229,1,0
BRDA:943,230,0,0
BRDA:943,230,1,0
BRDA:952,231,0,0
BRDA:952,231,1,0
BRDA:955,232,0,0
BRDA:955,232,1,0
BRDA:956,233,0,0
BRDA:956,233,1,0
BRDA:963,234,0,0
BRDA:963,234,1,0
BRDA:967,235,0,0
BRDA:967,235,1,0
BRDA:967,236,0,0
BRDA:967,236,1,0
BRDA:971,237,0,0
BRDA:971,237,1,0
BRDA:972,238,0,0
BRDA:972,238,1,0
BRDA:972,239,0,0
BRDA:972,239,1,0
BRDA:972,240,0,0
BRDA:972,240,1,0
BRDA:978,241,0,0
BRDA:978,241,1,0
BRDA:984,242,0,0
BRDA:984,242,1,0
BRDA:987,243,0,0
BRDA:987,243,1,0
BRDA:988,244,0,0
BRDA:988,244,1,0
BRDA:990,245,0,0
BRDA:990,245,1,0
BRDA:992,246,0,0
BRDA:992,246,1,0
BRDA:992,246,2,0
BRDA:997,247,0,0
BRDA:997,247,1,0
BRDA:999,248,0,0
BRDA:999,248,1,0
BRDA:1001,249,0,0
BRDA:1001,249,1,0
BRDA:1003,250,0,0
BRDA:1003,250,1,0
BRDA:1004,251,0,0
BRDA:1004,251,1,0
BRDA:1014,252,0,0
BRDA:1014,252,1,0
BRDA:1015,253,0,0
BRDA:1015,253,1,0
BRDA:1016,254,0,0
BRDA:1016,254,1,0
BRDA:1017,255,0,0
BRDA:1017,255,1,0
BRDA:1020,256,0,0
BRDA:1020,256,1,0
BRDA:1025,257,0,0
BRDA:1025,257,1,0
BRDA:1027,258,0,0
BRDA:1027,258,1,0
BRDA:1029,259,0,0
BRDA:1029,259,1,0
BRDA:1030,260,0,0
BRDA:1030,260,1,0
BRDA:1031,261,0,0
BRDA:1031,261,1,0
BRDA:1031,261,2,0
BRDA:1031,261,3,0
BRDA:1031,261,4,0
BRDA:1034,262,0,0
BRDA:1034,262,1,0
BRDA:1045,263,0,0
BRDA:1045,263,1,0
BRDA:1046,264,0,0
BRDA:1046,264,1,0
BRDA:1050,265,0,0
BRDA:1050,265,1,0
BRDA:1051,266,0,0
BRDA:1051,266,1,0
BRDA:1056,267,0,0
BRDA:1056,267,1,0
BRDA:1059,268,0,0
BRDA:1059,268,1,0
BRDA:1087,269,0,0
BRDA:1087,269,1,0
BRDA:1089,270,0,0
BRDA:1089,270,1,0
BRDA:1099,271,0,0
BRDA:1099,271,1,0
BRDA:1123,272,0,0
BRDA:1123,272,1,0
BRDA:1142,273,0,0
BRDA:1143,274,0,0
BRDA:1143,274,1,0
BRDA:1152,275,0,0
BRDA:1152,275,1,0
BRDA:1155,276,0,0
BRDA:1155,276,1,0
BRDA:1159,277,0,0
BRDA:1159,277,1,0
BRDA:1162,278,0,0
BRDA:1162,278,1,0
BRDA:1163,279,0,0
BRDA:1163,279,1,0
BRDA:1164,280,0,0
BRDA:1164,280,1,0
BRDA:1164,281,0,0
BRDA:1164,281,1,0
BRDA:1168,282,0,0
BRDA:1168,282,1,0
BRDA:1170,283,0,0
BRDA:1170,283,1,0
BRDA:1200,284,0,0
BRDA:1200,284,1,0
BRDA:1200,285,0,0
BRDA:1200,285,1,0
BRDA:1206,286,0,0
BRDA:1206,286,1,0
BRDA:1206,287,0,0
BRDA:1206,287,1,0
BRDA:1207,288,0,0
BRDA:1207,288,1,0
BRDA:1208,289,0,0
BRDA:1208,289,1,0
BRDA:1208,290,0,0
BRDA:1208,290,1,0
BRDA:1211,291,0,0
BRDA:1211,291,1,0
BRDA:1212,292,0,0
BRDA:1212,292,1,0
BRDA:1219,293,0,0
BRDA:1219,293,1,0
BRDA:1235,294,0,0
BRDA:1235,294,1,0
BRDA:1238,295,0,0
BRDA:1238,295,1,0
BRDA:1244,296,0,0
BRDA:1244,296,1,0
BRDA:1245,297,0,0
BRDA:1245,297,1,0
BRDA:1245,298,0,0
BRDA:1245,298,1,0
BRDA:1249,299,0,0
BRDA:1249,299,1,0
BRDA:1249,300,0,0
BRDA:1249,300,1,0
BRDA:1283,301,0,0
BRDA:1283,301,1,0
BRDA:1284,302,0,0
BRDA:1284,302,1,0
BRDA:1296,303,0,0
BRDA:1296,303,1,0
BRDA:1302,304,0,0
BRDA:1302,304,1,0
BRDA:1304,305,0,0
BRDA:1304,305,1,0
BRDA:1304,306,0,0
BRDA:1304,306,1,0
BRDA:1306,307,0,0
BRDA:1306,307,1,0
BRDA:1308,308,0,0
BRDA:1308,308,1,0
BRDA:1319,309,0,0
BRDA:1319,309,1,0
BRDA:1335,310,0,0
BRDA:1335,310,1,0
BRDA:1336,311,0,0
BRDA:1336,311,1,0
BRDA:1338,312,0,0
BRDA:1338,312,1,0
BRDA:1341,313,0,0
BRDA:1341,313,1,0
BRDA:1341,314,0,0
BRDA:1341,314,1,0
BRDA:1341,314,2,0
BRDA:1353,315,0,0
BRDA:1353,315,1,0
BRDA:1360,316,0,0
BRDA:1360,316,1,0
BRDA:1362,317,0,0
BRDA:1362,317,1,0
BRDA:1363,318,0,0
BRDA:1363,318,1,0
BRDA:1364,319,0,0
BRDA:1364,319,1,0
BRDA:1364,320,0,0
BRDA:1364,320,1,0
BRDA:1367,321,0,0
BRDA:1367,321,1,0
BRDA:1368,322,0,0
BRDA:1368,322,1,0
BRDA:1370,323,0,0
BRDA:1370,323,1,0
BRDA:1370,324,0,0
BRDA:1370,324,1,0
BRDA:1370,324,2,0
BRDA:1372,325,0,0
BRDA:1372,325,1,0
BRDA:1378,326,0,0
BRDA:1378,326,1,0
BRDA:1379,327,0,0
BRDA:1379,327,1,0
BRDA:1381,328,0,0
BRDA:1381,328,1,0
BRDA:1381,329,0,0
BRDA:1381,329,1,0
BRDA:1382,330,0,0
BRDA:1382,330,1,0
BRDA:1383,331,0,0
BRDA:1383,331,1,0
BRDA:1389,332,0,0
BRDA:1389,332,1,0
BRDA:1410,333,0,0
BRDA:1410,333,1,0
BRDA:1421,334,0,0
BRDA:1421,334,1,0
BRDA:1434,335,0,0
BRDA:1434,335,1,0
BRDA:1453,336,0,0
BRDA:1453,336,1,0
BRDA:1478,337,0,0
BRDA:1478,338,0,0
BRDA:1478,338,1,0
BRDA:1479,339,0,0
BRDA:1479,339,1,0
BRDA:1482,340,0,0
BRDA:1482,340,1,0
BRDA:1493,341,0,0
BRDA:1493,341,1,0
BRDA:1493,342,0,0
BRDA:1493,342,1,0
BRDA:1499,343,0,0
BRDA:1499,343,1,0
BRDA:1512,344,0,0
BRDA:1512,344,1,0
BRDA:1512,345,0,0
BRDA:1512,345,1,0
BRDA:1517,346,0,0
BRDA:1517,346,1,0
BRDA:1537,347,0,0
BRDA:1537,347,1,0
BRDA:1543,348,0,0
BRDA:1543,349,0,0
BRDA:1543,349,1,0
BRDA:1546,350,0,0
BRDA:1546,350,1,0
BRDA:1546,351,0,0
BRDA:1546,351,1,0
BRDA:1551,352,0,0
BRDA:1551,352,1,0
BRDA:1552,353,0,0
BRDA:1552,353,1,0
BRDA:1561,354,0,0
BRDA:1561,354,1,0
BRDA:1572,355,0,0
BRDA:1572,355,1,0
BRDA:1574,356,0,0
BRDA:1574,356,1,0
BRDA:1574,357,0,0
BRDA:1574,357,1,0
BRDA:1584,358,0,0
BRDA:1584,358,1,0
BRDA:1596,359,0,0
BRDA:1596,359,1,0
BRDA:1601,360,0,0
BRDA:1601,360,1,0
BRDA:1608,361,0,0
BRDA:1608,362,0,0
BRDA:1608,363,0,0
BRDA:1608,363,1,0
BRDA:1610,364,0,0
BRDA:1610,364,1,0
BRDA:1611,365,0,0
BRDA:1611,365,1,0
BRDA:1611,366,0,0
BRDA:1611,366,1,0
BRDA:1616,367,0,0
BRDA:1616,367,1,0
BRDA:1618,368,0,0
BRDA:1618,368,1,0
BRDA:1619,369,0,0
BRDA:1619,369,1,0
BRDA:1621,370,0,0
BRDA:1621,370,1,0
BRDA:1628,371,0,0
BRDA:1628,371,1,0
BRDA:1648,372,0,0
BRDA:1648,372,1,0
BRDA:1655,373,0,0
BRDA:1655,374,0,0
BRDA:1655,374,1,0
BRDA:1657,375,0,0
BRDA:1657,375,1,0
BRDA:1658,376,0,0
BRDA:1658,376,1,0
BRDA:1659,377,0,0
BRDA:1659,377,1,0
BRDA:1659,378,0,0
BRDA:1659,378,1,0
BRDA:1664,379,0,0
BRDA:1664,379,1,0
BRDA:1666,380,0,0
BRDA:1666,380,1,0
BRDA:1667,381,0,0
BRDA:1667,381,1,0
BRDA:1669,382,0,0
BRDA:1669,382,1,0
BRDA:1676,383,0,0
BRDA:1676,383,1,0
BRDA:1694,384,0,0
BRDA:1694,384,1,0
BRDA:1701,385,0,0
BRDA:1701,385,1,0
BRDA:1703,386,0,0
BRDA:1703,387,0,0
BRDA:1703,388,0,0
BRDA:1703,389,0,0
BRDA:1703,390,0,0
BRDA:1703,391,0,0
BRDA:1703,391,1,0
BRDA:1704,392,0,0
BRDA:1704,392,1,0
BRDA:1704,393,0,0
BRDA:1704,393,1,0
BRDA:1707,394,0,0
BRDA:1707,394,1,0
BRDA:1708,395,0,0
BRDA:1708,395,1,0
BRDA:1708,396,0,0
BRDA:1708,396,1,0
BRDA:1708,397,0,0
BRDA:1708,397,1,0
BRDA:1716,398,0,0
BRDA:1716,398,1,0
BRDA:1717,399,0,0
BRDA:1717,399,1,0
BRDA:1720,400,0,0
BRDA:1720,400,1,0
BRDA:1726,401,0,0
BRDA:1726,401,1,0
BRDA:1726,402,0,0
BRDA:1726,402,1,0
BRDA:1726,403,0,0
BRDA:1726,403,1,0
BRDA:1735,404,0,0
BRDA:1735,404,1,0
BRDA:1743,405,0,0
BRDA:1743,405,1,0
BRDA:1765,406,0,0
BRDA:1765,406,1,0
BRDA:1774,407,0,0
BRDA:1774,407,1,0
BRDA:1779,408,0,0
BRDA:1779,409,0,0
BRDA:1779,409,1,0
BRDA:1780,410,0,0
BRDA:1780,410,1,0
BRDA:1784,411,0,0
BRDA:1784,411,1,0
BRDA:1790,412,0,0
BRDA:1790,413,0,0
BRDA:1790,414,0,0
BRDA:1790,414,1,0
BRDA:1791,415,0,0
BRDA:1791,415,1,0
BRDA:1793,416,0,0
BRDA:1793,416,1,0
BRDA:1796,417,0,0
BRDA:1796,417,1,0
BRDA:1804,418,0,0
BRDA:1804,418,1,0
BRDA:1805,419,0,0
BRDA:1805,419,1,0
BRDA:1805,419,2,0
BRDA:1806,420,0,0
BRDA:1806,420,1,0
BRDA:1814,421,0,0
BRDA:1814,422,0,0
BRDA:1814,422,1,0
BRDA:1818,423,0,0
BRDA:1818,423,1,0
BRDA:1824,424,0,0
BRDA:1824,425,0,0
BRDA:1824,426,0,0
BRDA:1824,426,1,0
BRDA:1828,427,0,0
BRDA:1828,427,1,0
BRDA:1833,428,0,0
BRDA:1833,428,1,0
BRDA:1837,429,0,0
BRDA:1837,429,1,0
BRDA:1844,430,0,0
BRDA:1844,430,1,0
BRDA:1845,431,0,0
BRDA:1845,431,1,0
BRF:883
BRH:0
end_of_record
TN:
SF:jest.config.js
FNF:0
FNH:0
DA:1,0
LF:1
LH:0
BRF:0
BRH:0
end_of_record
TN:
SF:scan-escaping.js
FN:16,scanFile
FN:19,(anonymous_1)
FN:22,(anonymous_2)
FN:23,(anonymous_3)
FN:30,walk
FNF:5
FNH:0
FNDA:0,scanFile
FNDA:0,(anonymous_1)
FNDA:0,(anonymous_2)
FNDA:0,(anonymous_3)
FNDA:0,walk
DA:1,0
DA:2,0
DA:4,0
DA:5,0
DA:6,0
DA:17,0
DA:18,0
DA:19,0
DA:20,0
DA:21,0
DA:22,0
DA:23,0
DA:24,0
DA:31,0
DA:32,0
DA:33,0
DA:34,0
DA:35,0
DA:36,0
DA:40,0
LF:20
LH:0
BRDA:20,0,0,0
BRDA:20,0,1,0
BRDA:23,1,0,0
BRDA:23,1,1,0
BRDA:33,2,0,0
BRDA:33,2,1,0
BRDA:33,3,0,0
BRDA:33,3,1,0
BRDA:35,4,0,0
BRDA:35,4,1,0
BRDA:36,5,0,0
BRDA:36,5,1,0
BRF:12
BRH:0
end_of_record
TN:
SF:simple-server.js
FN:19,(anonymous_0)
FN:23,(anonymous_1)
FN:31,(anonymous_2)
FN:64,(anonymous_3)
FN:79,(anonymous_4)
FN:102,(anonymous_5)
FN:109,(anonymous_6)
FN:117,(anonymous_7)
FN:124,(anonymous_8)
FN:133,(anonymous_9)
FN:148,(anonymous_10)
FN:165,(anonymous_11)
FN:209,(anonymous_12)
FN:222,(anonymous_13)
FN:231,(anonymous_14)
FN:240,(anonymous_15)
FN:250,(anonymous_16)
FNF:17
FNH:0
FNDA:0,(anonymous_0)
FNDA:0,(anonymous_1)
FNDA:0,(anonymous_2)
FNDA:0,(anonymous_3)
FNDA:0,(anonymous_4)
FNDA:0,(anonymous_5)
FNDA:0,(anonymous_6)
FNDA:0,(anonymous_7)
FNDA:0,(anonymous_8)
FNDA:0,(anonymous_9)
FNDA:0,(anonymous_10)
FNDA:0,(anonymous_11)
FNDA:0,(anonymous_12)
FNDA:0,(anonymous_13)
FNDA:0,(anonymous_14)
FNDA:0,(anonymous_15)
FNDA:0,(anonymous_16)
DA:3,0
DA:4,0
DA:6,0
DA:7,0
DA:8,0
DA:11,0
DA:20,0
DA:24,0
DA:31,0
DA:34,0
DA:36,0
DA:57,0
DA:64,0
DA:70,0
DA:76,0
DA:80,0
DA:81,0
DA:84,0
DA:86,0
DA:87,0
DA:88,0
DA:99,0
DA:103,0
DA:104,0
DA:106,0
DA:107,0
DA:109,0
DA:110,0
DA:111,0
DA:114,0
DA:119,0
DA:120,0
DA:121,0
DA:125,0
DA:126,0
DA:127,0
DA:128,0
DA:129,0
DA:130,0
DA:134,0
DA:145,0
DA:148,0
DA:149,0
DA:165,0
DA:166,0
DA:167,0
DA:169,0
DA:170,0
DA:176,0
DA:186,0
DA:188,0
DA:199,0
DA:200,0
DA:209,0
DA:210,0
DA:222,0
DA:223,0
DA:231,0
DA:232,0
DA:240,0
DA:241,0
DA:248,0
DA:250,0
DA:251,0
DA:252,0
DA:253,0
DA:254,0
DA:255,0
DA:257,0
LF:69
LH:0
BRDA:110,0,0,0
BRDA:110,0,1,0
BRDA:111,1,0,0
BRDA:111,1,1,0
BRDA:114,2,0,0
BRDA:114,2,1,0
BRDA:114,3,0,0
BRDA:114,3,1,0
BRDA:119,4,0,0
BRDA:119,4,1,0
BRDA:120,5,0,0
BRDA:120,5,1,0
BRDA:126,6,0,0
BRDA:126,6,1,0
BRDA:126,7,0,0
BRDA:126,7,1,0
BRDA:127,8,0,0
BRDA:127,8,1,0
BRDA:127,9,0,0
BRDA:127,9,1,0
BRDA:128,10,0,0
BRDA:128,10,1,0
BRDA:128,11,0,0
BRDA:128,11,1,0
BRDA:129,12,0,0
BRDA:129,12,1,0
BRDA:129,13,0,0
BRDA:129,13,1,0
BRDA:167,14,0,0
BRDA:167,15,0,0
BRDA:169,16,0,0
BRDA:169,16,1,0
BRDA:248,17,0,0
BRDA:248,17,1,0
BRF:34
BRH:0
end_of_record
TN:
SF:vertex.js
FN:11,detectLanguage
FN:19,translateToEn
FNF:2
FNH:0
FNDA:0,detectLanguage
FNDA:0,translateToEn
DA:2,0
DA:5,0
DA:6,0
DA:7,0
DA:8,0
DA:12,0
DA:13,0
DA:14,0
DA:15,0
DA:20,0
DA:21,0
DA:22,0
DA:23,0
DA:24,0
DA:25,0
DA:26,0
DA:30,0
LF:17
LH:0
BRDA:5,0,0,0
BRDA:5,0,1,0
BRDA:6,1,0,0
BRDA:6,1,1,0
BRDA:14,2,0,0
BRDA:14,2,1,0
BRDA:20,3,0,0
BRDA:20,3,1,0
BRDA:20,4,0,0
BRDA:20,4,1,0
BRDA:25,5,0,0
BRDA:25,5,1,0
BRF:12
BRH:0
end_of_record
TN:
SF:api\rest.js
FN:6,(anonymous_0)
FN:43,(anonymous_1)
FN:54,(anonymous_2)
FN:74,(anonymous_3)
FNF:4
FNH:0
FNDA:0,(anonymous_0)
FNDA:0,(anonymous_1)
FNDA:0,(anonymous_2)
FNDA:0,(anonymous_3)
DA:1,0
DA:2,0
DA:3,0
DA:6,0
DA:7,0
DA:8,0
DA:10,0
DA:23,0
DA:25,0
DA:33,0
DA:34,0
DA:43,0
DA:44,0
DA:45,0
DA:47,0
DA:54,0
DA:59,0
DA:65,0
DA:74,0
DA:75,0
DA:77,0
DA:78,0
DA:80,0
DA:81,0
DA:88,0
DA:90,0
DA:98,0
DA:106,0
LF:28
LH:0
BRDA:13,0,0,0
BRDA:13,0,1,0
BRDA:14,1,0,0
BRDA:14,1,1,0
BRDA:15,2,0,0
BRDA:15,2,1,0
BRDA:16,3,0,0
BRDA:16,3,1,0
BRDA:80,4,0,0
BRDA:80,4,1,0
BRDA:93,5,0,0
BRDA:93,5,1,0
BRF:12
BRH:0
end_of_record
TN:
SF:config\env.js
FNF:0
FNH:0
LF:0
LH:0
BRF:0
BRH:0
end_of_record
TN:
SF:config\firebase.js
FNF:0
FNH:0
DA:1,0
DA:2,0
DA:5,0
DA:19,0
DA:20,0
DA:21,0
DA:22,0
DA:25,0
DA:26,0
DA:32,0
DA:33,0
DA:34,0
DA:35,0
DA:37,0
DA:40,0
DA:48,0
DA:58,0
DA:61,0
LF:18
LH:0
BRF:0
BRH:0
end_of_record
TN:
SF:config\flutter-integration.js
FNF:0
FNH:0
LF:0
LH:0
BRF:0
BRH:0
end_of_record
TN:
SF:config\regions.js
FN:32,(anonymous_0)
FN:36,(anonymous_1)
FN:41,(anonymous_2)
FNF:3
FNH:0
FNDA:0,(anonymous_0)
FNDA:0,(anonymous_1)
FNDA:0,(anonymous_2)
DA:1,0
DA:33,0
DA:37,0
DA:38,0
DA:42,0
DA:43,0
LF:6
LH:0
BRDA:33,0,0,0
BRDA:33,0,1,0
BRF:2
BRH:0
end_of_record
TN:
SF:cron\cleanup.js
FNF:0
FNH:0
LF:0
LH:0
BRF:0
BRH:0
end_of_record
TN:
SF:cron\recovery.js
FN:6,(anonymous_0)
FN:17,(anonymous_1)
FN:20,(anonymous_2)
FN:25,(anonymous_3)
FN:42,(anonymous_4)
FN:57,(anonymous_5)
FN:64,(anonymous_6)
FN:69,(anonymous_7)
FN:77,(anonymous_8)
FN:101,(anonymous_9)
FN:115,runRecoveryCycle
FNF:11
FNH:0
FNDA:0,(anonymous_0)
FNDA:0,(anonymous_1)
FNDA:0,(anonymous_2)
FNDA:0,(anonymous_3)
FNDA:0,(anonymous_4)
FNDA:0,(anonymous_5)
FNDA:0,(anonymous_6)
FNDA:0,(anonymous_7)
FNDA:0,(anonymous_8)
FNDA:0,(anonymous_9)
FNDA:0,runRecoveryCycle
DA:1,0
DA:2,0
DA:3,0
DA:7,0
DA:13,0
DA:14,0
DA:18,0
DA:20,0
DA:21,0
DA:26,0
DA:28,0
DA:29,0
DA:30,0
DA:31,0
DA:33,0
DA:34,0
DA:37,0
DA:43,0
DA:45,0
DA:46,0
DA:47,0
DA:49,0
DA:50,0
DA:53,0
DA:58,0
DA:60,0
DA:61,0
DA:63,0
DA:64,0
DA:65,0
DA:66,0
DA:69,0
DA:70,0
DA:72,0
DA:78,0
DA:85,0
DA:86,0
DA:87,0
DA:88,0
DA:90,0
DA:96,0
DA:101,0
DA:102,0
DA:103,0
DA:104,0
DA:107,0
DA:112,0
DA:113,0
DA:116,0
DA:118,0
DA:119,0
DA:120,0
DA:122,0
DA:123,0
DA:126,0
DA:131,0
DA:134,0
DA:137,0
LF:58
LH:0
BRDA:45,0,0,0
BRDA:45,0,1,0
BRDA:80,1,0,0
BRDA:80,1,1,0
BRDA:102,2,0,0
BRDA:102,2,1,0
BRDA:112,3,0,0
BRDA:112,3,1,0
BRF:8
BRH:0
end_of_record
TN:
SF:global\orchestrator.js
FN:5,(anonymous_0)
FN:9,(anonymous_1)
FN:22,(anonymous_2)
FN:30,(anonymous_3)
FN:41,(anonymous_4)
FN:57,(anonymous_5)
FN:63,(anonymous_6)
FN:70,(anonymous_7)
FN:73,(anonymous_8)
FNF:9
FNH:0
FNDA:0,(anonymous_0)
FNDA:0,(anonymous_1)
FNDA:0,(anonymous_2)
FNDA:0,(anonymous_3)
FNDA:0,(anonymous_4)
FNDA:0,(anonymous_5)
FNDA:0,(anonymous_6)
FNDA:0,(anonymous_7)
FNDA:0,(anonymous_8)
DA:1,0
DA:2,0
DA:6,0
DA:10,0
DA:11,0
DA:13,0
DA:15,0
DA:24,0
DA:25,0
DA:27,0
DA:31,0
DA:33,0
DA:42,0
DA:45,0
DA:46,0
DA:50,0
DA:51,0
DA:54,0
DA:59,0
DA:60,0
DA:62,0
DA:64,0
DA:65,0
DA:66,0
DA:70,0
DA:74,0
DA:75,0
DA:78,0
DA:80,0
DA:81,0
DA:84,0
DA:85,0
DA:88,0
DA:92,0
LF:34
LH:0
BRDA:27,0,0,0
BRDA:27,0,1,0
BRDA:27,0,2,0
BRDA:45,1,0,0
BRDA:45,1,1,0
BRDA:50,2,0,0
BRDA:50,2,1,0
BRDA:74,3,0,0
BRDA:74,3,1,0
BRDA:80,4,0,0
BRDA:80,4,1,0
BRDA:84,5,0,0
BRDA:84,5,1,0
BRF:13
BRH:0
end_of_record
TN:
SF:matcher\matcher.js
FN:7,(anonymous_0)
FN:11,(anonymous_1)
FN:38,(anonymous_2)
FN:53,(anonymous_3)
FN:62,(anonymous_4)
FNF:5
FNH:0
FNDA:0,(anonymous_0)
FNDA:0,(anonymous_1)
FNDA:0,(anonymous_2)
FNDA:0,(anonymous_3)
FNDA:0,(anonymous_4)
DA:1,0
DA:2,0
DA:3,0
DA:4,0
DA:8,0
DA:12,0
DA:14,0
DA:17,0
DA:20,0
DA:23,0
DA:33,0
DA:34,0
DA:41,0
DA:47,0
DA:53,0
DA:63,0
DA:65,0
DA:66,0
DA:69,0
DA:70,0
DA:73,0
DA:74,0
DA:77,0
DA:81,0
LF:24
LH:0
BRDA:65,0,0,0
BRDA:65,0,1,0
BRDA:69,1,0,0
BRDA:69,1,1,0
BRDA:73,2,0,0
BRDA:73,2,1,0
BRDA:77,3,0,0
BRDA:77,3,1,0
BRF:8
BRH:0
end_of_record
TN:
SF:ml\classifier.js
FN:6,(anonymous_0)
FN:11,(anonymous_1)
FN:28,(anonymous_2)
FN:59,(anonymous_3)
FN:66,(anonymous_4)
FN:76,(anonymous_5)
FN:96,(anonymous_6)
FN:99,(anonymous_7)
FNF:8
FNH:0
FNDA:0,(anonymous_0)
FNDA:0,(anonymous_1)
FNDA:0,(anonymous_2)
FNDA:0,(anonymous_3)
FNDA:0,(anonymous_4)
FNDA:0,(anonymous_5)
FNDA:0,(anonymous_6)
FNDA:0,(anonymous_7)
DA:1,0
DA:2,0
DA:3,0
DA:7,0
DA:8,0
DA:12,0
DA:15,0
DA:16,0
DA:17,0
DA:20,0
DA:21,0
DA:22,0
DA:24,0
DA:25,0
DA:29,0
DA:30,0
DA:33,0
DA:34,0
DA:36,0
DA:39,0
DA:42,0
DA:45,0
DA:47,0
DA:60,0
DA:61,0
DA:63,0
DA:64,0
DA:66,0
DA:67,0
DA:68,0
DA:71,0
DA:72,0
DA:73,0
DA:77,0
DA:85,0
DA:86,0
DA:87,0
DA:88,0
DA:93,0
DA:97,0
DA:99,0
DA:100,0
DA:101,0
DA:103,0
DA:106,0
DA:110,0
LF:46
LH:0
BRDA:12,0,0,0
BRDA:12,0,1,0
BRDA:29,1,0,0
BRDA:29,1,1,0
BRDA:67,2,0,0
BRDA:67,2,1,0
BRDA:68,3,0,0
BRDA:68,3,1,0
BRDA:71,4,0,0
BRDA:71,4,1,0
BRDA:72,5,0,0
BRDA:72,5,1,0
BRDA:87,6,0,0
BRDA:87,6,1,0
BRDA:100,7,0,0
BRDA:100,7,1,0
BRF:16
BRH:0
end_of_record
TN:
SF:ml\langDetect.js
FN:5,(anonymous_0)
FN:9,(anonymous_1)
FN:39,(anonymous_2)
FN:53,(anonymous_3)
FNF:4
FNH:0
FNDA:0,(anonymous_0)
FNDA:0,(anonymous_1)
FNDA:0,(anonymous_2)
FNDA:0,(anonymous_3)
DA:1,0
DA:2,0
DA:6,0
DA:10,0
DA:11,0
DA:12,0
DA:15,0
DA:17,0
DA:18,0
DA:21,0
DA:22,0
DA:23,0
DA:26,0
DA:28,0
DA:34,0
DA:35,0
DA:40,0
DA:50,0
DA:54,0
DA:58,0
LF:20
LH:0
BRDA:11,0,0,0
BRDA:11,0,1,0
BRDA:11,1,0,0
BRDA:11,1,1,0
BRDA:17,2,0,0
BRDA:17,2,1,0
BRDA:29,3,0,0
BRDA:29,3,1,0
BRDA:50,4,0,0
BRDA:50,4,1,0
BRF:10
BRH:0
end_of_record
TN:
SF:ml\semantic.js
FN:7,(anonymous_0)
FN:13,(anonymous_1)
FN:33,(anonymous_2)
FN:49,(anonymous_3)
FN:56,(anonymous_4)
FN:69,(anonymous_5)
FN:85,(anonymous_6)
FN:90,(anonymous_7)
FN:97,(anonymous_8)
FN:101,(anonymous_9)
FN:108,(anonymous_10)
FN:124,(anonymous_11)
FN:141,(anonymous_12)
FN:154,(anonymous_13)
FN:155,(anonymous_14)
FN:170,(anonymous_15)
FNF:16
FNH:0
FNDA:0,(anonymous_0)
FNDA:0,(anonymous_1)
FNDA:0,(anonymous_2)
FNDA:0,(anonymous_3)
FNDA:0,(anonymous_4)
FNDA:0,(anonymous_5)
FNDA:0,(anonymous_6)
FNDA:0,(anonymous_7)
FNDA:0,(anonymous_8)
FNDA:0,(anonymous_9)
FNDA:0,(anonymous_10)
FNDA:0,(anonymous_11)
FNDA:0,(anonymous_12)
FNDA:0,(anonymous_13)
FNDA:0,(anonymous_14)
FNDA:0,(anonymous_15)
DA:1,0
DA:2,0
DA:3,0
DA:4,0
DA:8,0
DA:9,0
DA:10,0
DA:14,0
DA:16,0
DA:19,0
DA:22,0
DA:23,0
DA:24,0
DA:26,0
DA:29,0
DA:30,0
DA:34,0
DA:35,0
DA:36,0
DA:37,0
DA:39,0
DA:50,0
DA:51,0
DA:52,0
DA:53,0
DA:56,0
DA:63,0
DA:66,0
DA:71,0
DA:78,0
DA:85,0
DA:86,0
DA:92,0
DA:93,0
DA:95,0
DA:97,0
DA:98,0
DA:101,0
DA:102,0
DA:105,0
DA:110,0
DA:111,0
DA:113,0
DA:115,0
DA:116,0
DA:118,0
DA:119,0
DA:121,0
DA:125,0
DA:128,0
DA:131,0
DA:133,0
DA:143,0
DA:144,0
DA:146,0
DA:149,0
DA:151,0
DA:155,0
DA:157,0
DA:158,0
DA:162,0
DA:163,0
DA:166,0
DA:171,0
DA:173,0
DA:174,0
DA:176,0
DA:177,0
DA:180,0
DA:181,0
DA:184,0
DA:185,0
DA:189,0
DA:193,0
LF:74
LH:0
BRDA:14,0,0,0
BRDA:14,0,1,0
BRDA:33,1,0,0
BRDA:50,2,0,0
BRDA:50,2,1,0
BRDA:50,3,0,0
BRDA:50,3,1,0
BRDA:98,4,0,0
BRDA:98,4,1,0
BRDA:102,5,0,0
BRDA:102,5,1,0
BRDA:115,6,0,0
BRDA:115,6,1,0
BRDA:116,7,0,0
BRDA:116,7,1,0
BRDA:124,8,0,0
BRDA:157,9,0,0
BRDA:157,9,1,0
BRDA:157,10,0,0
BRDA:157,10,1,0
BRDA:162,11,0,0
BRDA:162,11,1,0
BRDA:173,12,0,0
BRDA:173,12,1,0
BRDA:176,13,0,0
BRDA:176,13,1,0
BRDA:180,14,0,0
BRDA:180,14,1,0
BRDA:184,15,0,0
BRDA:184,15,1,0
BRDA:189,16,0,0
BRDA:189,16,1,0
BRF:32
BRH:0
end_of_record
TN:
SF:ml\slangMap.js
FN:2,(anonymous_0)
FN:42,(anonymous_1)
FN:48,(anonymous_2)
FN:60,(anonymous_3)
FN:74,(anonymous_4)
FN:80,(anonymous_5)
FNF:6
FNH:0
FNDA:0,(anonymous_0)
FNDA:0,(anonymous_1)
FNDA:0,(anonymous_2)
FNDA:0,(anonymous_3)
FNDA:0,(anonymous_4)
FNDA:0,(anonymous_5)
DA:3,0
DA:33,0
DA:43,0
DA:45,0
DA:48,0
DA:49,0
DA:50,0
DA:54,0
DA:55,0
DA:57,0
DA:61,0
DA:63,0
DA:64,0
DA:65,0
DA:66,0
DA:71,0
DA:75,0
DA:76,0
DA:79,0
DA:80,0
DA:81,0
DA:84,0
DA:88,0
LF:23
LH:0
BRDA:43,0,0,0
BRDA:43,0,1,0
BRDA:65,1,0,0
BRDA:65,1,1,0
BRDA:81,2,0,0
BRDA:81,2,1,0
BRF:6
BRH:0
end_of_record
TN:
SF:ml\translator.js
FN:5,(anonymous_0)
FN:10,(anonymous_1)
FN:47,(anonymous_2)
FN:64,(anonymous_3)
FNF:4
FNH:0
FNDA:0,(anonymous_0)
FNDA:0,(anonymous_1)
FNDA:0,(anonymous_2)
FNDA:0,(anonymous_3)
DA:1,0
DA:2,0
DA:6,0
DA:7,0
DA:11,0
DA:12,0
DA:13,0
DA:17,0
DA:18,0
DA:19,0
DA:23,0
DA:24,0
DA:27,0
DA:28,0
DA:29,0
DA:33,0
DA:38,0
DA:39,0
DA:42,0
DA:43,0
DA:48,0
DA:50,0
DA:52,0
DA:65,0
DA:69,0
LF:25
LH:0
BRDA:10,0,0,0
BRDA:12,1,0,0
BRDA:12,1,1,0
BRDA:12,2,0,0
BRDA:12,2,1,0
BRDA:18,3,0,0
BRDA:18,3,1,0
BRDA:27,4,0,0
BRDA:27,4,1,0
BRDA:27,5,0,0
BRDA:27,5,1,0
BRDA:48,6,0,0
BRF:12
BRH:0
end_of_record
TN:
SF:models\userModel.js
FNF:0
FNH:0
LF:0
LH:0
BRF:0
BRH:0
end_of_record
TN:
SF:models\wishModel.js
FNF:0
FNH:0
LF:0
LH:0
BRF:0
BRH:0
end_of_record
TN:
SF:monitoring\healthcheck.js
FN:10,(anonymous_0)
FN:19,(anonymous_1)
FNF:2
FNH:0
FNDA:0,(anonymous_0)
FNDA:0,(anonymous_1)
DA:1,0
DA:3,0
DA:10,0
DA:11,0
DA:12,0
DA:13,0
DA:15,0
DA:19,0
DA:20,0
DA:21,0
DA:24,0
LF:11
LH:0
BRDA:5,0,0,0
BRDA:5,0,1,0
BRDA:12,1,0,0
BRDA:12,1,1,0
BRF:4
BRH:0
end_of_record
TN:
SF:monitoring\telemetry.js
FN:2,(anonymous_0)
FN:13,(anonymous_1)
FN:35,(anonymous_2)
FNF:3
FNH:0
FNDA:0,(anonymous_0)
FNDA:0,(anonymous_1)
FNDA:0,(anonymous_2)
DA:3,0
DA:14,0
DA:16,0
DA:17,0
DA:20,0
DA:21,0
DA:25,0
DA:26,0
DA:30,0
DA:31,0
DA:36,0
DA:46,0
LF:12
LH:0
BRDA:16,0,0,0
BRDA:16,0,1,0
BRDA:20,1,0,0
BRDA:20,1,1,0
BRDA:25,2,0,0
BRDA:25,2,1,0
BRDA:27,3,0,0
BRDA:27,3,1,0
BRDA:30,4,0,0
BRDA:30,4,1,0
BRDA:32,5,0,0
BRDA:32,5,1,0
BRDA:38,6,0,0
BRDA:38,6,1,0
BRDA:40,7,0,0
BRDA:40,7,1,0
BRF:16
BRH:0
end_of_record
TN:
SF:scripts\fs-verify.js
FN:6,arg
FN:21,sha1
FN:23,(anonymous_2)
FN:63,(anonymous_3)
FNF:4
FNH:0
FNDA:0,arg
FNDA:0,sha1
FNDA:0,(anonymous_2)
FNDA:0,(anonymous_3)
DA:3,0
DA:4,0
DA:7,0
DA:8,0
DA:9,0
DA:11,0
DA:12,0
DA:13,0
DA:14,0
DA:16,0
DA:17,0
DA:18,0
DA:21,0
DA:23,0
DA:24,0
DA:26,0
DA:27,0
DA:29,0
DA:30,0
DA:32,0
DA:33,0
DA:35,0
DA:36,0
DA:37,0
DA:38,0
DA:42,0
DA:43,0
DA:44,0
DA:45,0
DA:46,0
DA:48,0
DA:63,0
DA:66,0
DA:67,0
DA:69,0
DA:70,0
LF:36
LH:0
BRDA:6,0,0,0
BRDA:8,1,0,0
BRDA:8,1,1,0
BRDA:8,2,0,0
BRDA:8,2,1,0
BRDA:16,3,0,0
BRDA:16,3,1,0
BRDA:30,4,0,0
BRDA:30,4,1,0
BRDA:36,5,0,0
BRDA:36,5,1,0
BRDA:44,6,0,0
BRDA:44,6,1,0
BRDA:52,7,0,0
BRDA:52,7,1,0
BRDA:54,8,0,0
BRDA:54,8,1,0
BRDA:56,9,0,0
BRDA:56,9,1,0
BRDA:57,10,0,0
BRDA:57,10,1,0
BRDA:57,11,0,0
BRDA:57,11,1,0
BRDA:69,12,0,0
BRDA:69,12,1,0
BRDA:69,12,2,0
BRF:26
BRH:0
end_of_record
TN:
SF:utils\helpers.js
FNF:0
FNH:0
LF:0
LH:0
BRF:0
BRH:0
end_of_record
TN:
SF:utils\logger.js
FNF:0
FNH:0
LF:0
LH:0
BRF:0
BRH:0
end_of_record
TN:
SF:worker\translators\embeddings.js
FN:11,embeddingsEndpoint
FN:21,cosineSimilarity
FN:36,getEmbedding
FN:80,semanticSimilarity
FN:89,classifyText
FNF:5
FNH:0
FNDA:0,embeddingsEndpoint
FNDA:0,cosineSimilarity
FNDA:0,getEmbedding
FNDA:0,semanticSimilarity
FNDA:0,classifyText
DA:2,0
DA:4,0
DA:8,0
DA:13,0
DA:16,0
DA:22,0
DA:23,0
DA:24,0
DA:25,0
DA:26,0
DA:27,0
DA:28,0
DA:29,0
DA:31,0
DA:32,0
DA:37,0
DA:38,0
DA:40,0
DA:41,0
DA:42,0
DA:45,0
DA:46,0
DA:47,0
DA:52,0
DA:60,0
DA:61,0
DA:67,0
DA:68,0
DA:69,0
DA:71,0
DA:72,0
DA:75,0
DA:76,0
DA:81,0
DA:82,0
DA:83,0
DA:84,0
DA:85,0
DA:90,0
DA:91,0
DA:92,0
DA:93,0
DA:94,0
DA:95,0
DA:96,0
DA:97,0
DA:100,0
LF:47
LH:0
BRDA:4,0,0,0
BRDA:4,0,1,0
BRDA:4,0,2,0
BRDA:8,1,0,0
BRDA:8,1,1,0
BRDA:22,2,0,0
BRDA:22,2,1,0
BRDA:22,3,0,0
BRDA:22,3,1,0
BRDA:22,3,2,0
BRDA:22,3,3,0
BRDA:25,4,0,0
BRDA:25,4,1,0
BRDA:26,5,0,0
BRDA:26,5,1,0
BRDA:31,6,0,0
BRDA:31,6,1,0
BRDA:31,7,0,0
BRDA:31,7,1,0
BRDA:37,8,0,0
BRDA:37,8,1,0
BRDA:38,9,0,0
BRDA:38,9,1,0
BRDA:40,10,0,0
BRDA:40,10,1,0
BRDA:55,11,0,0
BRDA:55,11,1,0
BRDA:67,12,0,0
BRDA:67,12,1,0
BRDA:68,13,0,0
BRDA:68,13,1,0
BRDA:75,14,0,0
BRDA:75,14,1,0
BRDA:81,15,0,0
BRDA:81,15,1,0
BRDA:81,16,0,0
BRDA:81,16,1,0
BRDA:90,17,0,0
BRDA:90,17,1,0
BRDA:91,18,0,0
BRDA:91,18,1,0
BRDA:92,19,0,0
BRDA:92,19,1,0
BRDA:93,20,0,0
BRDA:93,20,1,0
BRDA:94,21,0,0
BRDA:94,21,1,0
BRDA:95,22,0,0
BRDA:95,22,1,0
BRDA:96,23,0,0
BRDA:96,23,1,0
BRF:51
BRH:0
end_of_record
TN:
SF:worker\translators\googleTranslate.js
FN:24,parentPath
FN:36,detectLanguage
FN:61,translateToEn
FN:72,translate
FNF:4
FNH:0
FNDA:0,parentPath
FNDA:0,detectLanguage
FNDA:0,translateToEn
FNDA:0,translate
DA:7,0
DA:13,0
DA:19,0
DA:22,0
DA:25,0
DA:26,0
DA:28,0
DA:37,0
DA:38,0
DA:40,0
DA:41,0
DA:47,0
DA:48,0
DA:50,0
DA:51,0
DA:62,0
DA:73,0
DA:75,0
DA:76,0
DA:78,0
DA:79,0
DA:82,0
DA:83,0
DA:84,0
DA:88,0
DA:95,0
DA:96,0
DA:99,0
DA:100,0
DA:101,0
DA:102,0
DA:105,0
DA:106,0
DA:110,0
LF:34
LH:0
BRDA:13,0,0,0
BRDA:13,0,1,0
BRDA:13,0,2,0
BRDA:13,0,3,0
BRDA:13,0,4,0
BRDA:19,1,0,0
BRDA:19,1,1,0
BRDA:19,1,2,0
BRDA:25,2,0,0
BRDA:25,2,1,0
BRDA:37,3,0,0
BRDA:37,3,1,0
BRDA:38,4,0,0
BRDA:38,4,1,0
BRDA:47,5,0,0
BRDA:47,5,1,0
BRDA:50,6,0,0
BRDA:50,6,1,0
BRDA:61,7,0,0
BRDA:72,8,0,0
BRDA:75,9,0,0
BRDA:75,9,1,0
BRDA:76,10,0,0
BRDA:76,10,1,0
BRDA:78,11,0,0
BRDA:78,11,1,0
BRDA:79,12,0,0
BRDA:79,12,1,0
BRDA:83,13,0,0
BRDA:83,13,1,0
BRDA:83,14,0,0
BRDA:83,14,1,0
BRDA:83,14,2,0
BRDA:95,15,0,0
BRDA:95,15,1,0
BRDA:95,16,0,0
BRDA:95,16,1,0
BRDA:101,17,0,0
BRDA:101,17,1,0
BRDA:105,18,0,0
BRDA:105,18,1,0
BRF:41
BRH:0
end_of_record
TN:
SF:worker\translators\index.js
FN:32,(anonymous_0)
FN:50,(anonymous_1)
FN:99,(anonymous_2)
FN:104,(anonymous_3)
FN:128,(anonymous_4)
FN:132,(anonymous_5)
FN:136,(anonymous_6)
FN:140,(anonymous_7)
FNF:8
FNH:0
FNDA:0,(anonymous_0)
FNDA:0,(anonymous_1)
FNDA:0,(anonymous_2)
FNDA:0,(anonymous_3)
FNDA:0,(anonymous_4)
FNDA:0,(anonymous_5)
FNDA:0,(anonymous_6)
FNDA:0,(anonymous_7)
DA:4,0
DA:5,0
DA:6,0
DA:8,0
DA:9,0
DA:14,0
DA:19,0
DA:22,0
DA:30,0
DA:33,0
DA:34,0
DA:35,0
DA:37,0
DA:40,0
DA:50,0
DA:51,0
DA:54,0
DA:55,0
DA:58,0
DA:60,0
DA:61,0
DA:62,0
DA:67,0
DA:68,0
DA:70,0
DA:71,0
DA:73,0
DA:80,0
DA:81,0
DA:84,0
DA:87,0
DA:88,0
DA:89,0
DA:90,0
DA:92,0
DA:93,0
DA:99,0
DA:100,0
DA:104,0
DA:105,0
DA:106,0
DA:107,0
DA:113,0
DA:122,0
DA:123,0
DA:124,0
DA:125,0
DA:126,0
DA:128,0
DA:129,0
DA:130,0
DA:132,0
DA:133,0
DA:134,0
DA:136,0
DA:137,0
DA:138,0
DA:140,0
DA:141,0
DA:144,0
LF:60
LH:0
BRDA:4,0,0,0
BRDA:4,0,1,0
BRDA:6,1,0,0
BRDA:6,1,1,0
BRDA:10,2,0,0
BRDA:10,2,1,0
BRDA:14,3,0,0
BRDA:14,3,1,0
BRDA:19,4,0,0
BRDA:19,4,1,0
BRDA:30,5,0,0
BRDA:30,5,1,0
BRDA:32,6,0,0
BRDA:33,7,0,0
BRDA:33,7,1,0
BRDA:34,8,0,0
BRDA:34,8,1,0
BRDA:35,9,0,0
BRDA:35,9,1,0
BRDA:41,10,0,0
BRDA:41,10,1,0
BRDA:54,11,0,0
BRDA:54,11,1,0
BRDA:60,12,0,0
BRDA:60,12,1,0
BRDA:62,13,0,0
BRDA:62,13,1,0
BRDA:70,14,0,0
BRDA:70,14,1,0
BRDA:71,15,0,0
BRDA:71,15,1,0
BRDA:122,16,0,0
BRDA:122,16,1,0
BRDA:122,17,0,0
BRDA:122,17,1,0
BRF:35
BRH:0
end_of_record
TN:
SF:worker\translators\vertex.js
FN:11,detectLanguage
FN:19,translateToEn
FNF:2
FNH:0
FNDA:0,detectLanguage
FNDA:0,translateToEn
DA:2,0
DA:5,0
DA:6,0
DA:7,0
DA:8,0
DA:12,0
DA:13,0
DA:14,0
DA:15,0
DA:20,0
DA:21,0
DA:22,0
DA:23,0
DA:24,0
DA:25,0
DA:26,0
DA:30,0
LF:17
LH:0
BRDA:5,0,0,0
BRDA:5,0,1,0
BRDA:6,1,0,0
BRDA:6,1,1,0
BRDA:14,2,0,0
BRDA:14,2,1,0
BRDA:20,3,0,0
BRDA:20,3,1,0
BRDA:20,4,0,0
BRDA:20,4,1,0
BRDA:25,5,0,0
BRDA:25,5,1,0
BRF:12
BRH:0
end_of_record
